Processing uno (platform: atmelavr; board: uno; framework: arduino; build_flags: -H)
--------------------------------------------------------------------------------
CONFIGURATION: https://docs.platformio.org/page/boards/atmelavr/uno.html
PLATFORM: Atmel AVR (3.3.0) > Arduino Uno
HARDWARE: ATMEGA328P 16MHz, 2KB RAM, 31.50KB Flash
DEBUG: Current (avr-stub) On-board (avr-stub, simavr)
PACKAGES: 
 - framework-arduino-avr 5.1.0 
 - toolchain-atmelavr 1.70300.191015 (7.3.0)
LDF: Library Dependency Finder -> http://bit.ly/configure-pio-ldf
LDF Modes: Finder ~ chain, Compatibility ~ soft
Found 8 compatible libraries
Scanning dependencies...
Dependency Graph
|-- <ADS1256> (/home/jure/Plastic_scanner/adc-arduino/lib/ADS1256)
|   |-- <Assert> (/home/jure/Plastic_scanner/adc-arduino/lib/Assert)
|   |-- <SPI> 1.0 (/home/jure/.platformio/packages/framework-arduino-avr/libraries/SPI)
|-- <SPI> 1.0 (/home/jure/.platformio/packages/framework-arduino-avr/libraries/SPI)
Building in release mode
avr-g++ -o .pio/build/uno/src/main.cpp.o -c -fno-exceptions -fno-threadsafe-statics -fpermissive -std=gnu++11 -H -Os -Wall -ffunction-sections -fdata-sections -flto -mmcu=atmega328p -DPLATFORMIO=50101 -DARDUINO_AVR_UNO -DF_CPU=16000000L -DARDUINO_ARCH_AVR -DARDUINO=10808 -Iinclude -Isrc -Ilib/ADS1256 -I/home/jure/.platformio/packages/framework-arduino-avr/libraries/SPI/src -Ilib/Assert -I/home/jure/.platformio/packages/framework-arduino-avr/cores/arduino -I/home/jure/.platformio/packages/framework-arduino-avr/variants/standard src/main.cpp
avr-g++ -o .pio/build/uno/libe4f/Assert/myassert.cpp.o -c -fno-exceptions -fno-threadsafe-statics -fpermissive -std=gnu++11 -H -Os -Wall -ffunction-sections -fdata-sections -flto -mmcu=atmega328p -DPLATFORMIO=50101 -DARDUINO_AVR_UNO -DF_CPU=16000000L -DARDUINO_ARCH_AVR -DARDUINO=10808 -Ilib/Assert -I/home/jure/.platformio/packages/framework-arduino-avr/cores/arduino -I/home/jure/.platformio/packages/framework-arduino-avr/variants/standard lib/Assert/myassert.cpp
. /home/jure/.platformio/packages/framework-arduino-avr/cores/arduino/Arduino.h
.. /home/jure/.platformio/packages/toolchain-atmelavr/avr/include/stdlib.h
... /home/jure/.platformio/packages/toolchain-atmelavr/lib/gcc/avr/7.3.0/include/stddef.h
.. /home/jure/.platformio/packages/toolchain-atmelavr/lib/gcc/avr/7.3.0/include/stdbool.h
.. /home/jure/.platformio/packages/toolchain-atmelavr/avr/include/string.h
... /home/jure/.platformio/packages/toolchain-atmelavr/lib/gcc/avr/7.3.0/include/stddef.h
.. /home/jure/.platformio/packages/toolchain-atmelavr/avr/include/math.h
.. /home/jure/.platformio/packages/toolchain-atmelavr/avr/include/avr/pgmspace.h
... /home/jure/.platformio/packages/toolchain-atmelavr/avr/include/inttypes.h
.... /home/jure/.platformio/packages/toolchain-atmelavr/lib/gcc/avr/7.3.0/include/stdint.h
..... /home/jure/.platformio/packages/toolchain-atmelavr/avr/include/stdint.h
... /home/jure/.platformio/packages/toolchain-atmelavr/lib/gcc/avr/7.3.0/include/stddef.h
... /home/jure/.platformio/packages/toolchain-atmelavr/avr/include/avr/io.h
.... /home/jure/.platformio/packages/toolchain-atmelavr/avr/include/avr/sfr_defs.h
.... /home/jure/.platformio/packages/toolchain-atmelavr/avr/include/avr/iom328p.h
.... /home/jure/.platformio/packages/toolchain-atmelavr/avr/include/avr/portpins.h
.... /home/jure/.platformio/packages/toolchain-atmelavr/avr/include/avr/common.h
.... /home/jure/.platformio/packages/toolchain-atmelavr/avr/include/avr/version.h
.... /home/jure/.platformio/packages/toolchain-atmelavr/avr/include/avr/fuse.h
.... /home/jure/.platformio/packages/toolchain-atmelavr/avr/include/avr/lock.h
.. /home/jure/.platformio/packages/toolchain-atmelavr/avr/include/avr/interrupt.h
.. /home/jure/.platformio/packages/framework-arduino-avr/cores/arduino/binary.h
.. /home/jure/.platformio/packages/framework-arduino-avr/cores/arduino/WCharacter.h
... /home/jure/.platformio/packages/toolchain-atmelavr/avr/include/ctype.h
.. /home/jure/.platformio/packages/framework-arduino-avr/cores/arduino/WString.h
.. /home/jure/.platformio/packages/framework-arduino-avr/cores/arduino/HardwareSerial.h
... /home/jure/.platformio/packages/framework-arduino-avr/cores/arduino/Stream.h
.... /home/jure/.platformio/packages/framework-arduino-avr/cores/arduino/Print.h
..... /home/jure/.platformio/packages/toolchain-atmelavr/avr/include/stdio.h
...... /home/jure/.platformio/packages/toolchain-atmelavr/lib/gcc/avr/7.3.0/include/stdarg.h
...... /home/jure/.platformio/packages/toolchain-atmelavr/lib/gcc/avr/7.3.0/include/stddef.h
..... /home/jure/.platformio/packages/framework-arduino-avr/cores/arduino/Printable.h
.. /home/jure/.platformio/packages/framework-arduino-avr/cores/arduino/USBAPI.h
... /home/jure/.platformio/packages/toolchain-atmelavr/avr/include/avr/eeprom.h
.... /home/jure/.platformio/packages/toolchain-atmelavr/lib/gcc/avr/7.3.0/include/stddef.h
... /home/jure/.platformio/packages/toolchain-atmelavr/avr/include/util/delay.h
.... /home/jure/.platformio/packages/toolchain-atmelavr/avr/include/util/delay_basic.h
... /home/jure/.platformio/packages/framework-arduino-avr/cores/arduino/Arduino.h
.. /home/jure/.platformio/packages/framework-arduino-avr/variants/standard/pins_arduino.h
. /home/jure/.platformio/packages/framework-arduino-avr/libraries/SPI/src/SPI.h
. /home/jure/.platformio/packages/toolchain-atmelavr/avr/include/assert.h
. lib/ADS1256/ads1256.h
. lib/Assert/myassert.h
. /home/jure/.platformio/packages/framework-arduino-avr/cores/arduino/Arduino.h
avr-g++ -o .pio/build/uno/lib191/SPI/SPI.cpp.o -c -fno-exceptions -fno-threadsafe-statics -fpermissive -std=gnu++11 -H -Os -Wall -ffunction-sections -fdata-sections -flto -mmcu=atmega328p -DPLATFORMIO=50101 -DARDUINO_AVR_UNO -DF_CPU=16000000L -DARDUINO_ARCH_AVR -DARDUINO=10808 -I/home/jure/.platformio/packages/framework-arduino-avr/libraries/SPI/src -I/home/jure/.platformio/packages/framework-arduino-avr/cores/arduino -I/home/jure/.platformio/packages/framework-arduino-avr/variants/standard /home/jure/.platformio/packages/framework-arduino-avr/libraries/SPI/src/SPI.cpp
.. /home/jure/.platformio/packages/toolchain-atmelavr/avr/include/stdlib.h
... /home/jure/.platformio/packages/toolchain-atmelavr/lib/gcc/avr/7.3.0/include/stddef.h
.. /home/jure/.platformio/packages/toolchain-atmelavr/lib/gcc/avr/7.3.0/include/stdbool.h
.. /home/jure/.platformio/packages/toolchain-atmelavr/avr/include/string.h
... /home/jure/.platformio/packages/toolchain-atmelavr/lib/gcc/avr/7.3.0/include/stddef.h
.. /home/jure/.platformio/packages/toolchain-atmelavr/avr/include/math.h
.. /home/jure/.platformio/packages/toolchain-atmelavr/avr/include/avr/pgmspace.h
... /home/jure/.platformio/packages/toolchain-atmelavr/avr/include/inttypes.h
.... /home/jure/.platformio/packages/toolchain-atmelavr/lib/gcc/avr/7.3.0/include/stdint.h
..... /home/jure/.platformio/packages/toolchain-atmelavr/avr/include/stdint.h
... /home/jure/.platformio/packages/toolchain-atmelavr/lib/gcc/avr/7.3.0/include/stddef.h
... /home/jure/.platformio/packages/toolchain-atmelavr/avr/include/avr/io.h
.... /home/jure/.platformio/packages/toolchain-atmelavr/avr/include/avr/sfr_defs.h
.... /home/jure/.platformio/packages/toolchain-atmelavr/avr/include/avr/iom328p.h
.... /home/jure/.platformio/packages/toolchain-atmelavr/avr/include/avr/portpins.h
.... /home/jure/.platformio/packages/toolchain-atmelavr/avr/include/avr/common.h
.... /home/jure/.platformio/packages/toolchain-atmelavr/avr/include/avr/version.h
.... /home/jure/.platformio/packages/toolchain-atmelavr/avr/include/avr/fuse.h
.... /home/jure/.platformio/packages/toolchain-atmelavr/avr/include/avr/lock.h
.. /home/jure/.platformio/packages/toolchain-atmelavr/avr/include/avr/interrupt.h
.. /home/jure/.platformio/packages/framework-arduino-avr/cores/arduino/binary.h
.. /home/jure/.platformio/packages/framework-arduino-avr/cores/arduino/WCharacter.h
... /home/jure/.platformio/packages/toolchain-atmelavr/avr/include/ctype.h
.. /home/jure/.platformio/packages/framework-arduino-avr/cores/arduino/WString.h
.. /home/jure/.platformio/packages/framework-arduino-avr/cores/arduino/HardwareSerial.h
... /home/jure/.platformio/packages/framework-arduino-avr/cores/arduino/Stream.h
.... /home/jure/.platformio/packages/framework-arduino-avr/cores/arduino/Print.h
..... /home/jure/.platformio/packages/toolchain-atmelavr/avr/include/stdio.h
...... /home/jure/.platformio/packages/toolchain-atmelavr/lib/gcc/avr/7.3.0/include/stdarg.h
...... /home/jure/.platformio/packages/toolchain-atmelavr/lib/gcc/avr/7.3.0/include/stddef.h
..... /home/jure/.platformio/packages/framework-arduino-avr/cores/arduino/Printable.h
.. /home/jure/.platformio/packages/framework-arduino-avr/cores/arduino/USBAPI.h
... /home/jure/.platformio/packages/toolchain-atmelavr/avr/include/avr/eeprom.h
.... /home/jure/.platformio/packages/toolchain-atmelavr/lib/gcc/avr/7.3.0/include/stddef.h
... /home/jure/.platformio/packages/toolchain-atmelavr/avr/include/util/delay.h
.... /home/jure/.platformio/packages/toolchain-atmelavr/avr/include/util/delay_basic.h
... /home/jure/.platformio/packages/framework-arduino-avr/cores/arduino/Arduino.h
.. /home/jure/.platformio/packages/framework-arduino-avr/variants/standard/pins_arduino.h
avr-g++ -o .pio/build/uno/lib643/ADS1256/ads1256.cpp.o -c -fno-exceptions -fno-threadsafe-statics -fpermissive -std=gnu++11 -H -Os -Wall -ffunction-sections -fdata-sections -flto -mmcu=atmega328p -DPLATFORMIO=50101 -DARDUINO_AVR_UNO -DF_CPU=16000000L -DARDUINO_ARCH_AVR -DARDUINO=10808 -Ilib/ADS1256 -I/home/jure/.platformio/packages/framework-arduino-avr/libraries/SPI/src -Ilib/Assert -I/home/jure/.platformio/packages/framework-arduino-avr/cores/arduino -I/home/jure/.platformio/packages/framework-arduino-avr/variants/standard lib/ADS1256/ads1256.cpp
. /home/jure/.platformio/packages/framework-arduino-avr/libraries/SPI/src/SPI.h
.. /home/jure/.platformio/packages/framework-arduino-avr/cores/arduino/Arduino.h
... /home/jure/.platformio/packages/toolchain-atmelavr/avr/include/stdlib.h
.... /home/jure/.platformio/packages/toolchain-atmelavr/lib/gcc/avr/7.3.0/include/stddef.h
... /home/jure/.platformio/packages/toolchain-atmelavr/lib/gcc/avr/7.3.0/include/stdbool.h
... /home/jure/.platformio/packages/toolchain-atmelavr/avr/include/string.h
.... /home/jure/.platformio/packages/toolchain-atmelavr/lib/gcc/avr/7.3.0/include/stddef.h
... /home/jure/.platformio/packages/toolchain-atmelavr/avr/include/math.h
... /home/jure/.platformio/packages/toolchain-atmelavr/avr/include/avr/pgmspace.h
.... /home/jure/.platformio/packages/toolchain-atmelavr/avr/include/inttypes.h
..... /home/jure/.platformio/packages/toolchain-atmelavr/lib/gcc/avr/7.3.0/include/stdint.h
...... /home/jure/.platformio/packages/toolchain-atmelavr/avr/include/stdint.h
.... /home/jure/.platformio/packages/toolchain-atmelavr/lib/gcc/avr/7.3.0/include/stddef.h
avr-gcc-ar rc .pio/build/uno/libFrameworkArduinoVariant.a
.... /home/jure/.platformio/packages/toolchain-atmelavr/avr/include/avr/io.h
..... /home/jure/.platformio/packages/toolchain-atmelavr/avr/include/avr/sfr_defs.h
..... /home/jure/.platformio/packages/toolchain-atmelavr/avr/include/avr/iom328p.h
..... /home/jure/.platformio/packages/toolchain-atmelavr/avr/include/avr/portpins.h
Multiple include guards may be useful for:
/home/jure/.platformio/packages/toolchain-atmelavr/avr/include/assert.h
/home/jure/.platformio/packages/toolchain-atmelavr/avr/include/avr/iom328p.h
..... /home/jure/.platformio/packages/toolchain-atmelavr/avr/include/avr/common.h
..... /home/jure/.platformio/packages/toolchain-atmelavr/avr/include/avr/version.h
..... /home/jure/.platformio/packages/toolchain-atmelavr/avr/include/avr/fuse.h
..... /home/jure/.platformio/packages/toolchain-atmelavr/avr/include/avr/lock.h
... /home/jure/.platformio/packages/toolchain-atmelavr/avr/include/avr/interrupt.h
... /home/jure/.platformio/packages/framework-arduino-avr/cores/arduino/binary.h
... /home/jure/.platformio/packages/framework-arduino-avr/cores/arduino/WCharacter.h
.... /home/jure/.platformio/packages/toolchain-atmelavr/avr/include/ctype.h
... /home/jure/.platformio/packages/framework-arduino-avr/cores/arduino/WString.h
... /home/jure/.platformio/packages/framework-arduino-avr/cores/arduino/HardwareSerial.h
.... /home/jure/.platformio/packages/framework-arduino-avr/cores/arduino/Stream.h
..... /home/jure/.platformio/packages/framework-arduino-avr/cores/arduino/Print.h
...... /home/jure/.platformio/packages/toolchain-atmelavr/avr/include/stdio.h
....... /home/jure/.platformio/packages/toolchain-atmelavr/lib/gcc/avr/7.3.0/include/stdarg.h
....... /home/jure/.platformio/packages/toolchain-atmelavr/lib/gcc/avr/7.3.0/include/stddef.h
...... /home/jure/.platformio/packages/framework-arduino-avr/cores/arduino/Printable.h
... /home/jure/.platformio/packages/framework-arduino-avr/cores/arduino/USBAPI.h
.... /home/jure/.platformio/packages/toolchain-atmelavr/avr/include/avr/eeprom.h
..... /home/jure/.platformio/packages/toolchain-atmelavr/lib/gcc/avr/7.3.0/include/stddef.h
.... /home/jure/.platformio/packages/toolchain-atmelavr/avr/include/util/delay.h
..... /home/jure/.platformio/packages/toolchain-atmelavr/avr/include/util/delay_basic.h
.... /home/jure/.platformio/packages/framework-arduino-avr/cores/arduino/Arduino.h
... /home/jure/.platformio/packages/framework-arduino-avr/variants/standard/pins_arduino.h
Multiple include guards may be useful for:
/home/jure/.platformio/packages/toolchain-atmelavr/avr/include/avr/iom328p.h
. lib/ADS1256/ads1256.h
. lib/ADS1256/ads1256_regmap.h
. /home/jure/.platformio/packages/framework-arduino-avr/cores/arduino/Arduino.h
.. /home/jure/.platformio/packages/toolchain-atmelavr/avr/include/stdlib.h
... /home/jure/.platformio/packages/toolchain-atmelavr/lib/gcc/avr/7.3.0/include/stddef.h
avr-gcc-ranlib .pio/build/uno/libFrameworkArduinoVariant.a
.. /home/jure/.platformio/packages/toolchain-atmelavr/lib/gcc/avr/7.3.0/include/stdbool.h
.. /home/jure/.platformio/packages/toolchain-atmelavr/avr/include/string.h
... /home/jure/.platformio/packages/toolchain-atmelavr/lib/gcc/avr/7.3.0/include/stddef.h
.. /home/jure/.platformio/packages/toolchain-atmelavr/avr/include/math.h
.. /home/jure/.platformio/packages/toolchain-atmelavr/avr/include/avr/pgmspace.h
... /home/jure/.platformio/packages/toolchain-atmelavr/avr/include/inttypes.h
.... /home/jure/.platformio/packages/toolchain-atmelavr/lib/gcc/avr/7.3.0/include/stdint.h
..... /home/jure/.platformio/packages/toolchain-atmelavr/avr/include/stdint.h
... /home/jure/.platformio/packages/toolchain-atmelavr/lib/gcc/avr/7.3.0/include/stddef.h
... /home/jure/.platformio/packages/toolchain-atmelavr/avr/include/avr/io.h
.... /home/jure/.platformio/packages/toolchain-atmelavr/avr/include/avr/sfr_defs.h
.... /home/jure/.platformio/packages/toolchain-atmelavr/avr/include/avr/iom328p.h
.... /home/jure/.platformio/packages/toolchain-atmelavr/avr/include/avr/portpins.h
.... /home/jure/.platformio/packages/toolchain-atmelavr/avr/include/avr/common.h
.... /home/jure/.platformio/packages/toolchain-atmelavr/avr/include/avr/version.h
.... /home/jure/.platformio/packages/toolchain-atmelavr/avr/include/avr/fuse.h
.... /home/jure/.platformio/packages/toolchain-atmelavr/avr/include/avr/lock.h
avr-g++ -o .pio/build/uno/FrameworkArduino/CDC.cpp.o -c -fno-exceptions -fno-threadsafe-statics -fpermissive -std=gnu++11 -H -Os -Wall -ffunction-sections -fdata-sections -flto -mmcu=atmega328p -DPLATFORMIO=50101 -DARDUINO_AVR_UNO -DF_CPU=16000000L -DARDUINO_ARCH_AVR -DARDUINO=10808 -I/home/jure/.platformio/packages/framework-arduino-avr/cores/arduino -I/home/jure/.platformio/packages/framework-arduino-avr/variants/standard /home/jure/.platformio/packages/framework-arduino-avr/cores/arduino/CDC.cpp
.. /home/jure/.platformio/packages/toolchain-atmelavr/avr/include/avr/interrupt.h
.. /home/jure/.platformio/packages/framework-arduino-avr/cores/arduino/binary.h
.. /home/jure/.platformio/packages/framework-arduino-avr/cores/arduino/WCharacter.h
... /home/jure/.platformio/packages/toolchain-atmelavr/avr/include/ctype.h
.. /home/jure/.platformio/packages/framework-arduino-avr/cores/arduino/WString.h
.. /home/jure/.platformio/packages/framework-arduino-avr/cores/arduino/HardwareSerial.h
... /home/jure/.platformio/packages/framework-arduino-avr/cores/arduino/Stream.h
.... /home/jure/.platformio/packages/framework-arduino-avr/cores/arduino/Print.h
..... /home/jure/.platformio/packages/toolchain-atmelavr/avr/include/stdio.h
...... /home/jure/.platformio/packages/toolchain-atmelavr/lib/gcc/avr/7.3.0/include/stdarg.h
...... /home/jure/.platformio/packages/toolchain-atmelavr/lib/gcc/avr/7.3.0/include/stddef.h
..... /home/jure/.platformio/packages/framework-arduino-avr/cores/arduino/Printable.h
.. /home/jure/.platformio/packages/framework-arduino-avr/cores/arduino/USBAPI.h
... /home/jure/.platformio/packages/toolchain-atmelavr/avr/include/avr/eeprom.h
.... /home/jure/.platformio/packages/toolchain-atmelavr/lib/gcc/avr/7.3.0/include/stddef.h
... /home/jure/.platformio/packages/toolchain-atmelavr/avr/include/util/delay.h
.... /home/jure/.platformio/packages/toolchain-atmelavr/avr/include/util/delay_basic.h
... /home/jure/.platformio/packages/framework-arduino-avr/cores/arduino/Arduino.h
.. /home/jure/.platformio/packages/framework-arduino-avr/variants/standard/pins_arduino.h
. /home/jure/.platformio/packages/framework-arduino-avr/libraries/SPI/src/SPI.h
. lib/Assert/myassert.h
Multiple include guards may be useful for:
/home/jure/.platformio/packages/toolchain-atmelavr/avr/include/avr/iom328p.h
. /home/jure/.platformio/packages/framework-arduino-avr/cores/arduino/USBAPI.h
avr-g++ -o .pio/build/uno/FrameworkArduino/HardwareSerial.cpp.o -c -fno-exceptions -fno-threadsafe-statics -fpermissive -std=gnu++11 -H -Os -Wall -ffunction-sections -fdata-sections -flto -mmcu=atmega328p -DPLATFORMIO=50101 -DARDUINO_AVR_UNO -DF_CPU=16000000L -DARDUINO_ARCH_AVR -DARDUINO=10808 -I/home/jure/.platformio/packages/framework-arduino-avr/cores/arduino -I/home/jure/.platformio/packages/framework-arduino-avr/variants/standard /home/jure/.platformio/packages/framework-arduino-avr/cores/arduino/HardwareSerial.cpp
.. /home/jure/.platformio/packages/toolchain-atmelavr/avr/include/inttypes.h
... /home/jure/.platformio/packages/toolchain-atmelavr/lib/gcc/avr/7.3.0/include/stdint.h
.... /home/jure/.platformio/packages/toolchain-atmelavr/avr/include/stdint.h
.. /home/jure/.platformio/packages/toolchain-atmelavr/avr/include/avr/pgmspace.h
... /home/jure/.platformio/packages/toolchain-atmelavr/lib/gcc/avr/7.3.0/include/stddef.h
... /home/jure/.platformio/packages/toolchain-atmelavr/avr/include/avr/io.h
.... /home/jure/.platformio/packages/toolchain-atmelavr/avr/include/avr/sfr_defs.h
.... /home/jure/.platformio/packages/toolchain-atmelavr/avr/include/avr/iom328p.h
.... /home/jure/.platformio/packages/toolchain-atmelavr/avr/include/avr/portpins.h
.... /home/jure/.platformio/packages/toolchain-atmelavr/avr/include/avr/common.h
.... /home/jure/.platformio/packages/toolchain-atmelavr/avr/include/avr/version.h
.... /home/jure/.platformio/packages/toolchain-atmelavr/avr/include/avr/fuse.h
.... /home/jure/.platformio/packages/toolchain-atmelavr/avr/include/avr/lock.h
.. /home/jure/.platformio/packages/toolchain-atmelavr/avr/include/avr/eeprom.h
... /home/jure/.platformio/packages/toolchain-atmelavr/lib/gcc/avr/7.3.0/include/stddef.h
.. /home/jure/.platformio/packages/toolchain-atmelavr/avr/include/avr/interrupt.h
.. /home/jure/.platformio/packages/toolchain-atmelavr/avr/include/util/delay.h
... /home/jure/.platformio/packages/toolchain-atmelavr/avr/include/util/delay_basic.h
... /home/jure/.platformio/packages/toolchain-atmelavr/avr/include/math.h
.. /home/jure/.platformio/packages/framework-arduino-avr/cores/arduino/Arduino.h
... /home/jure/.platformio/packages/toolchain-atmelavr/avr/include/stdlib.h
.... /home/jure/.platformio/packages/toolchain-atmelavr/lib/gcc/avr/7.3.0/include/stddef.h
... /home/jure/.platformio/packages/toolchain-atmelavr/lib/gcc/avr/7.3.0/include/stdbool.h
... /home/jure/.platformio/packages/toolchain-atmelavr/avr/include/string.h
.... /home/jure/.platformio/packages/toolchain-atmelavr/lib/gcc/avr/7.3.0/include/stddef.h
... /home/jure/.platformio/packages/framework-arduino-avr/cores/arduino/binary.h
... /home/jure/.platformio/packages/framework-arduino-avr/cores/arduino/WCharacter.h
.... /home/jure/.platformio/packages/toolchain-atmelavr/avr/include/ctype.h
... /home/jure/.platformio/packages/framework-arduino-avr/cores/arduino/WString.h
... /home/jure/.platformio/packages/framework-arduino-avr/cores/arduino/HardwareSerial.h
.... /home/jure/.platformio/packages/framework-arduino-avr/cores/arduino/Stream.h
..... /home/jure/.platformio/packages/framework-arduino-avr/cores/arduino/Print.h
...... /home/jure/.platformio/packages/toolchain-atmelavr/avr/include/stdio.h
....... /home/jure/.platformio/packages/toolchain-atmelavr/lib/gcc/avr/7.3.0/include/stdarg.h
....... /home/jure/.platformio/packages/toolchain-atmelavr/lib/gcc/avr/7.3.0/include/stddef.h
...... /home/jure/.platformio/packages/framework-arduino-avr/cores/arduino/Printable.h
avr-g++ -o .pio/build/uno/FrameworkArduino/HardwareSerial0.cpp.o -c -fno-exceptions -fno-threadsafe-statics -fpermissive -std=gnu++11 -H -Os -Wall -ffunction-sections -fdata-sections -flto -mmcu=atmega328p -DPLATFORMIO=50101 -DARDUINO_AVR_UNO -DF_CPU=16000000L -DARDUINO_ARCH_AVR -DARDUINO=10808 -I/home/jure/.platformio/packages/framework-arduino-avr/cores/arduino -I/home/jure/.platformio/packages/framework-arduino-avr/variants/standard /home/jure/.platformio/packages/framework-arduino-avr/cores/arduino/HardwareSerial0.cpp
... /home/jure/.platformio/packages/framework-arduino-avr/cores/arduino/USBAPI.h
... /home/jure/.platformio/packages/framework-arduino-avr/variants/standard/pins_arduino.h
. /home/jure/.platformio/packages/toolchain-atmelavr/avr/include/avr/wdt.h
. /home/jure/.platformio/packages/toolchain-atmelavr/avr/include/util/atomic.h
. /home/jure/.platformio/packages/toolchain-atmelavr/avr/include/stdlib.h
.. /home/jure/.platformio/packages/toolchain-atmelavr/lib/gcc/avr/7.3.0/include/stddef.h
. /home/jure/.platformio/packages/toolchain-atmelavr/avr/include/stdio.h
.. /home/jure/.platformio/packages/toolchain-atmelavr/avr/include/inttypes.h
... /home/jure/.platformio/packages/toolchain-atmelavr/lib/gcc/avr/7.3.0/include/stdint.h
.... /home/jure/.platformio/packages/toolchain-atmelavr/avr/include/stdint.h
.. /home/jure/.platformio/packages/toolchain-atmelavr/lib/gcc/avr/7.3.0/include/stdarg.h
.. /home/jure/.platformio/packages/toolchain-atmelavr/lib/gcc/avr/7.3.0/include/stddef.h
. /home/jure/.platformio/packages/toolchain-atmelavr/avr/include/string.h
.. /home/jure/.platformio/packages/toolchain-atmelavr/lib/gcc/avr/7.3.0/include/stddef.h
. /home/jure/.platformio/packages/toolchain-atmelavr/avr/include/util/atomic.h
.. /home/jure/.platformio/packages/toolchain-atmelavr/avr/include/avr/io.h
... /home/jure/.platformio/packages/toolchain-atmelavr/avr/include/avr/sfr_defs.h
... /home/jure/.platformio/packages/toolchain-atmelavr/avr/include/avr/iom328p.h
... /home/jure/.platformio/packages/toolchain-atmelavr/avr/include/avr/portpins.h
... /home/jure/.platformio/packages/toolchain-atmelavr/avr/include/avr/common.h
... /home/jure/.platformio/packages/toolchain-atmelavr/avr/include/avr/version.h
... /home/jure/.platformio/packages/toolchain-atmelavr/avr/include/avr/fuse.h
... /home/jure/.platformio/packages/toolchain-atmelavr/avr/include/avr/lock.h
.. /home/jure/.platformio/packages/toolchain-atmelavr/avr/include/avr/interrupt.h
. /home/jure/.platformio/packages/framework-arduino-avr/cores/arduino/Arduino.h
.. /home/jure/.platformio/packages/toolchain-atmelavr/lib/gcc/avr/7.3.0/include/stdbool.h
.. /home/jure/.platformio/packages/toolchain-atmelavr/avr/include/math.h
.. /home/jure/.platformio/packages/toolchain-atmelavr/avr/include/avr/pgmspace.h
... /home/jure/.platformio/packages/toolchain-atmelavr/lib/gcc/avr/7.3.0/include/stddef.h
.. /home/jure/.platformio/packages/framework-arduino-avr/cores/arduino/binary.h
.. /home/jure/.platformio/packages/framework-arduino-avr/cores/arduino/WCharacter.h
Multiple include guards may be useful for:
/home/jure/.platformio/packages/toolchain-atmelavr/avr/include/avr/iom328p.h
... /home/jure/.platformio/packages/toolchain-atmelavr/avr/include/ctype.h
.. /home/jure/.platformio/packages/framework-arduino-avr/cores/arduino/WString.h
.. /home/jure/.platformio/packages/framework-arduino-avr/cores/arduino/HardwareSerial.h
... /home/jure/.platformio/packages/framework-arduino-avr/cores/arduino/Stream.h
.... /home/jure/.platformio/packages/framework-arduino-avr/cores/arduino/Print.h
..... /home/jure/.platformio/packages/framework-arduino-avr/cores/arduino/Printable.h
avr-gcc-ar rc .pio/build/uno/lib191/libSPI.a .pio/build/uno/lib191/SPI/SPI.cpp.o
.. /home/jure/.platformio/packages/framework-arduino-avr/cores/arduino/USBAPI.h
... /home/jure/.platformio/packages/toolchain-atmelavr/avr/include/avr/eeprom.h
.... /home/jure/.platformio/packages/toolchain-atmelavr/lib/gcc/avr/7.3.0/include/stddef.h
... /home/jure/.platformio/packages/toolchain-atmelavr/avr/include/util/delay.h
.... /home/jure/.platformio/packages/toolchain-atmelavr/avr/include/util/delay_basic.h
... /home/jure/.platformio/packages/framework-arduino-avr/cores/arduino/Arduino.h
.. /home/jure/.platformio/packages/framework-arduino-avr/variants/standard/pins_arduino.h
. /home/jure/.platformio/packages/framework-arduino-avr/cores/arduino/HardwareSerial_private.h
.. /home/jure/.platformio/packages/framework-arduino-avr/cores/arduino/wiring_private.h
Multiple include guards may be useful for:
/home/jure/.platformio/packages/toolchain-atmelavr/avr/include/avr/iom328p.h
. /home/jure/.platformio/packages/framework-arduino-avr/cores/arduino/Arduino.h
.. /home/jure/.platformio/packages/toolchain-atmelavr/avr/include/stdlib.h
... /home/jure/.platformio/packages/toolchain-atmelavr/lib/gcc/avr/7.3.0/include/stddef.h
.. /home/jure/.platformio/packages/toolchain-atmelavr/lib/gcc/avr/7.3.0/include/stdbool.h
.. /home/jure/.platformio/packages/toolchain-atmelavr/avr/include/string.h
... /home/jure/.platformio/packages/toolchain-atmelavr/lib/gcc/avr/7.3.0/include/stddef.h
.. /home/jure/.platformio/packages/toolchain-atmelavr/avr/include/math.h
.. /home/jure/.platformio/packages/toolchain-atmelavr/avr/include/avr/pgmspace.h
... /home/jure/.platformio/packages/toolchain-atmelavr/avr/include/inttypes.h
.... /home/jure/.platformio/packages/toolchain-atmelavr/lib/gcc/avr/7.3.0/include/stdint.h
..... /home/jure/.platformio/packages/toolchain-atmelavr/avr/include/stdint.h
... /home/jure/.platformio/packages/toolchain-atmelavr/lib/gcc/avr/7.3.0/include/stddef.h
... /home/jure/.platformio/packages/toolchain-atmelavr/avr/include/avr/io.h
.... /home/jure/.platformio/packages/toolchain-atmelavr/avr/include/avr/sfr_defs.h
.... /home/jure/.platformio/packages/toolchain-atmelavr/avr/include/avr/iom328p.h
avr-gcc-ar rc .pio/build/uno/libe4f/libAssert.a .pio/build/uno/libe4f/Assert/myassert.cpp.o
.... /home/jure/.platformio/packages/toolchain-atmelavr/avr/include/avr/portpins.h
.... /home/jure/.platformio/packages/toolchain-atmelavr/avr/include/avr/common.h
.... /home/jure/.platformio/packages/toolchain-atmelavr/avr/include/avr/version.h
.... /home/jure/.platformio/packages/toolchain-atmelavr/avr/include/avr/fuse.h
.... /home/jure/.platformio/packages/toolchain-atmelavr/avr/include/avr/lock.h
.. /home/jure/.platformio/packages/toolchain-atmelavr/avr/include/avr/interrupt.h
.. /home/jure/.platformio/packages/framework-arduino-avr/cores/arduino/binary.h
.. /home/jure/.platformio/packages/framework-arduino-avr/cores/arduino/WCharacter.h
... /home/jure/.platformio/packages/toolchain-atmelavr/avr/include/ctype.h
.. /home/jure/.platformio/packages/framework-arduino-avr/cores/arduino/WString.h
.. /home/jure/.platformio/packages/framework-arduino-avr/cores/arduino/HardwareSerial.h
... /home/jure/.platformio/packages/framework-arduino-avr/cores/arduino/Stream.h
.... /home/jure/.platformio/packages/framework-arduino-avr/cores/arduino/Print.h
..... /home/jure/.platformio/packages/toolchain-atmelavr/avr/include/stdio.h
...... /home/jure/.platformio/packages/toolchain-atmelavr/lib/gcc/avr/7.3.0/include/stdarg.h
...... /home/jure/.platformio/packages/toolchain-atmelavr/lib/gcc/avr/7.3.0/include/stddef.h
..... /home/jure/.platformio/packages/framework-arduino-avr/cores/arduino/Printable.h
.. /home/jure/.platformio/packages/framework-arduino-avr/cores/arduino/USBAPI.h
... /home/jure/.platformio/packages/toolchain-atmelavr/avr/include/avr/eeprom.h
.... /home/jure/.platformio/packages/toolchain-atmelavr/lib/gcc/avr/7.3.0/include/stddef.h
... /home/jure/.platformio/packages/toolchain-atmelavr/avr/include/util/delay.h
.... /home/jure/.platformio/packages/toolchain-atmelavr/avr/include/util/delay_basic.h
... /home/jure/.platformio/packages/framework-arduino-avr/cores/arduino/Arduino.h
.. /home/jure/.platformio/packages/framework-arduino-avr/variants/standard/pins_arduino.h
. /home/jure/.platformio/packages/framework-arduino-avr/cores/arduino/HardwareSerial_private.h
.. /home/jure/.platformio/packages/framework-arduino-avr/cores/arduino/wiring_private.h
avr-gcc-ranlib .pio/build/uno/lib191/libSPI.a
avr-g++ -o .pio/build/uno/FrameworkArduino/HardwareSerial1.cpp.o -c -fno-exceptions -fno-threadsafe-statics -fpermissive -std=gnu++11 -H -Os -Wall -ffunction-sections -fdata-sections -flto -mmcu=atmega328p -DPLATFORMIO=50101 -DARDUINO_AVR_UNO -DF_CPU=16000000L -DARDUINO_ARCH_AVR -DARDUINO=10808 -I/home/jure/.platformio/packages/framework-arduino-avr/cores/arduino -I/home/jure/.platformio/packages/framework-arduino-avr/variants/standard /home/jure/.platformio/packages/framework-arduino-avr/cores/arduino/HardwareSerial1.cpp
avr-gcc-ranlib .pio/build/uno/libe4f/libAssert.a
Multiple include guards may be useful for:
/home/jure/.platformio/packages/framework-arduino-avr/cores/arduino/HardwareSerial_private.h
/home/jure/.platformio/packages/toolchain-atmelavr/avr/include/avr/iom328p.h
Multiple include guards may be useful for:
avr-g++ -o .pio/build/uno/FrameworkArduino/HardwareSerial2.cpp.o -c -fno-exceptions -fno-threadsafe-statics -fpermissive -std=gnu++11 -H -Os -Wall -ffunction-sections -fdata-sections -flto -mmcu=atmega328p -DPLATFORMIO=50101 -DARDUINO_AVR_UNO -DF_CPU=16000000L -DARDUINO_ARCH_AVR -DARDUINO=10808 -I/home/jure/.platformio/packages/framework-arduino-avr/cores/arduino -I/home/jure/.platformio/packages/framework-arduino-avr/variants/standard /home/jure/.platformio/packages/framework-arduino-avr/cores/arduino/HardwareSerial2.cpp
/home/jure/.platformio/packages/framework-arduino-avr/cores/arduino/HardwareSerial_private.h
/home/jure/.platformio/packages/toolchain-atmelavr/avr/include/avr/iom328p.h
. /home/jure/.platformio/packages/framework-arduino-avr/cores/arduino/Arduino.h
.. /home/jure/.platformio/packages/toolchain-atmelavr/avr/include/stdlib.h
... /home/jure/.platformio/packages/toolchain-atmelavr/lib/gcc/avr/7.3.0/include/stddef.h
.. /home/jure/.platformio/packages/toolchain-atmelavr/lib/gcc/avr/7.3.0/include/stdbool.h
.. /home/jure/.platformio/packages/toolchain-atmelavr/avr/include/string.h
... /home/jure/.platformio/packages/toolchain-atmelavr/lib/gcc/avr/7.3.0/include/stddef.h
.. /home/jure/.platformio/packages/toolchain-atmelavr/avr/include/math.h
.. /home/jure/.platformio/packages/toolchain-atmelavr/avr/include/avr/pgmspace.h
... /home/jure/.platformio/packages/toolchain-atmelavr/avr/include/inttypes.h
.... /home/jure/.platformio/packages/toolchain-atmelavr/lib/gcc/avr/7.3.0/include/stdint.h
..... /home/jure/.platformio/packages/toolchain-atmelavr/avr/include/stdint.h
... /home/jure/.platformio/packages/toolchain-atmelavr/lib/gcc/avr/7.3.0/include/stddef.h
... /home/jure/.platformio/packages/toolchain-atmelavr/avr/include/avr/io.h
.... /home/jure/.platformio/packages/toolchain-atmelavr/avr/include/avr/sfr_defs.h
.... /home/jure/.platformio/packages/toolchain-atmelavr/avr/include/avr/iom328p.h
.... /home/jure/.platformio/packages/toolchain-atmelavr/avr/include/avr/portpins.h
.... /home/jure/.platformio/packages/toolchain-atmelavr/avr/include/avr/common.h
.... /home/jure/.platformio/packages/toolchain-atmelavr/avr/include/avr/version.h
.... /home/jure/.platformio/packages/toolchain-atmelavr/avr/include/avr/fuse.h
.... /home/jure/.platformio/packages/toolchain-atmelavr/avr/include/avr/lock.h
.. /home/jure/.platformio/packages/toolchain-atmelavr/avr/include/avr/interrupt.h
.. /home/jure/.platformio/packages/framework-arduino-avr/cores/arduino/binary.h
.. /home/jure/.platformio/packages/framework-arduino-avr/cores/arduino/WCharacter.h
... /home/jure/.platformio/packages/toolchain-atmelavr/avr/include/ctype.h
.. /home/jure/.platformio/packages/framework-arduino-avr/cores/arduino/WString.h
.. /home/jure/.platformio/packages/framework-arduino-avr/cores/arduino/HardwareSerial.h
... /home/jure/.platformio/packages/framework-arduino-avr/cores/arduino/Stream.h
.... /home/jure/.platformio/packages/framework-arduino-avr/cores/arduino/Print.h
..... /home/jure/.platformio/packages/toolchain-atmelavr/avr/include/stdio.h
...... /home/jure/.platformio/packages/toolchain-atmelavr/lib/gcc/avr/7.3.0/include/stdarg.h
...... /home/jure/.platformio/packages/toolchain-atmelavr/lib/gcc/avr/7.3.0/include/stddef.h
..... /home/jure/.platformio/packages/framework-arduino-avr/cores/arduino/Printable.h
.. /home/jure/.platformio/packages/framework-arduino-avr/cores/arduino/USBAPI.h
... /home/jure/.platformio/packages/toolchain-atmelavr/avr/include/avr/eeprom.h
.... /home/jure/.platformio/packages/toolchain-atmelavr/lib/gcc/avr/7.3.0/include/stddef.h
... /home/jure/.platformio/packages/toolchain-atmelavr/avr/include/util/delay.h
.... /home/jure/.platformio/packages/toolchain-atmelavr/avr/include/util/delay_basic.h
... /home/jure/.platformio/packages/framework-arduino-avr/cores/arduino/Arduino.h
.. /home/jure/.platformio/packages/framework-arduino-avr/variants/standard/pins_arduino.h
. /home/jure/.platformio/packages/framework-arduino-avr/cores/arduino/HardwareSerial_private.h
.. /home/jure/.platformio/packages/framework-arduino-avr/cores/arduino/wiring_private.h
avr-gcc-ar rc .pio/build/uno/lib643/libADS1256.a .pio/build/uno/lib643/ADS1256/ads1256.cpp.o
. /home/jure/.platformio/packages/framework-arduino-avr/cores/arduino/Arduino.h
.. /home/jure/.platformio/packages/toolchain-atmelavr/avr/include/stdlib.h
... /home/jure/.platformio/packages/toolchain-atmelavr/lib/gcc/avr/7.3.0/include/stddef.h
.. /home/jure/.platformio/packages/toolchain-atmelavr/lib/gcc/avr/7.3.0/include/stdbool.h
.. /home/jure/.platformio/packages/toolchain-atmelavr/avr/include/string.h
... /home/jure/.platformio/packages/toolchain-atmelavr/lib/gcc/avr/7.3.0/include/stddef.h
.. /home/jure/.platformio/packages/toolchain-atmelavr/avr/include/math.h
.. /home/jure/.platformio/packages/toolchain-atmelavr/avr/include/avr/pgmspace.h
... /home/jure/.platformio/packages/toolchain-atmelavr/avr/include/inttypes.h
.... /home/jure/.platformio/packages/toolchain-atmelavr/lib/gcc/avr/7.3.0/include/stdint.h
..... /home/jure/.platformio/packages/toolchain-atmelavr/avr/include/stdint.h
... /home/jure/.platformio/packages/toolchain-atmelavr/lib/gcc/avr/7.3.0/include/stddef.h
... /home/jure/.platformio/packages/toolchain-atmelavr/avr/include/avr/io.h
.... /home/jure/.platformio/packages/toolchain-atmelavr/avr/include/avr/sfr_defs.h
.... /home/jure/.platformio/packages/toolchain-atmelavr/avr/include/avr/iom328p.h
.... /home/jure/.platformio/packages/toolchain-atmelavr/avr/include/avr/portpins.h
.... /home/jure/.platformio/packages/toolchain-atmelavr/avr/include/avr/common.h
.... /home/jure/.platformio/packages/toolchain-atmelavr/avr/include/avr/version.h
.... /home/jure/.platformio/packages/toolchain-atmelavr/avr/include/avr/fuse.h
.... /home/jure/.platformio/packages/toolchain-atmelavr/avr/include/avr/lock.h
.. /home/jure/.platformio/packages/toolchain-atmelavr/avr/include/avr/interrupt.h
.. /home/jure/.platformio/packages/framework-arduino-avr/cores/arduino/binary.h
.. /home/jure/.platformio/packages/framework-arduino-avr/cores/arduino/WCharacter.h
... /home/jure/.platformio/packages/toolchain-atmelavr/avr/include/ctype.h
.. /home/jure/.platformio/packages/framework-arduino-avr/cores/arduino/WString.h
avr-gcc-ranlib .pio/build/uno/lib643/libADS1256.a
.. /home/jure/.platformio/packages/framework-arduino-avr/cores/arduino/HardwareSerial.h
... /home/jure/.platformio/packages/framework-arduino-avr/cores/arduino/Stream.h
.... /home/jure/.platformio/packages/framework-arduino-avr/cores/arduino/Print.h
..... /home/jure/.platformio/packages/toolchain-atmelavr/avr/include/stdio.h
...... /home/jure/.platformio/packages/toolchain-atmelavr/lib/gcc/avr/7.3.0/include/stdarg.h
...... /home/jure/.platformio/packages/toolchain-atmelavr/lib/gcc/avr/7.3.0/include/stddef.h
..... /home/jure/.platformio/packages/framework-arduino-avr/cores/arduino/Printable.h
.. /home/jure/.platformio/packages/framework-arduino-avr/cores/arduino/USBAPI.h
... /home/jure/.platformio/packages/toolchain-atmelavr/avr/include/avr/eeprom.h
.... /home/jure/.platformio/packages/toolchain-atmelavr/lib/gcc/avr/7.3.0/include/stddef.h
... /home/jure/.platformio/packages/toolchain-atmelavr/avr/include/util/delay.h
.... /home/jure/.platformio/packages/toolchain-atmelavr/avr/include/util/delay_basic.h
Multiple include guards may be useful for:
/home/jure/.platformio/packages/framework-arduino-avr/cores/arduino/HardwareSerial_private.h
/home/jure/.platformio/packages/toolchain-atmelavr/avr/include/avr/iom328p.h
... /home/jure/.platformio/packages/framework-arduino-avr/cores/arduino/Arduino.h
.. /home/jure/.platformio/packages/framework-arduino-avr/variants/standard/pins_arduino.h
. /home/jure/.platformio/packages/framework-arduino-avr/cores/arduino/HardwareSerial_private.h
.. /home/jure/.platformio/packages/framework-arduino-avr/cores/arduino/wiring_private.h
avr-g++ -o .pio/build/uno/FrameworkArduino/HardwareSerial3.cpp.o -c -fno-exceptions -fno-threadsafe-statics -fpermissive -std=gnu++11 -H -Os -Wall -ffunction-sections -fdata-sections -flto -mmcu=atmega328p -DPLATFORMIO=50101 -DARDUINO_AVR_UNO -DF_CPU=16000000L -DARDUINO_ARCH_AVR -DARDUINO=10808 -I/home/jure/.platformio/packages/framework-arduino-avr/cores/arduino -I/home/jure/.platformio/packages/framework-arduino-avr/variants/standard /home/jure/.platformio/packages/framework-arduino-avr/cores/arduino/HardwareSerial3.cpp
avr-g++ -o .pio/build/uno/FrameworkArduino/IPAddress.cpp.o -c -fno-exceptions -fno-threadsafe-statics -fpermissive -std=gnu++11 -H -Os -Wall -ffunction-sections -fdata-sections -flto -mmcu=atmega328p -DPLATFORMIO=50101 -DARDUINO_AVR_UNO -DF_CPU=16000000L -DARDUINO_ARCH_AVR -DARDUINO=10808 -I/home/jure/.platformio/packages/framework-arduino-avr/cores/arduino -I/home/jure/.platformio/packages/framework-arduino-avr/variants/standard /home/jure/.platformio/packages/framework-arduino-avr/cores/arduino/IPAddress.cpp
Multiple include guards may be useful for:
/home/jure/.platformio/packages/framework-arduino-avr/cores/arduino/HardwareSerial_private.h
/home/jure/.platformio/packages/toolchain-atmelavr/avr/include/avr/iom328p.h
. /home/jure/.platformio/packages/framework-arduino-avr/cores/arduino/Arduino.h
.. /home/jure/.platformio/packages/toolchain-atmelavr/avr/include/stdlib.h
... /home/jure/.platformio/packages/toolchain-atmelavr/lib/gcc/avr/7.3.0/include/stddef.h
.. /home/jure/.platformio/packages/toolchain-atmelavr/lib/gcc/avr/7.3.0/include/stdbool.h
.. /home/jure/.platformio/packages/toolchain-atmelavr/avr/include/string.h
... /home/jure/.platformio/packages/toolchain-atmelavr/lib/gcc/avr/7.3.0/include/stddef.h
.. /home/jure/.platformio/packages/toolchain-atmelavr/avr/include/math.h
.. /home/jure/.platformio/packages/toolchain-atmelavr/avr/include/avr/pgmspace.h
... /home/jure/.platformio/packages/toolchain-atmelavr/avr/include/inttypes.h
.... /home/jure/.platformio/packages/toolchain-atmelavr/lib/gcc/avr/7.3.0/include/stdint.h
..... /home/jure/.platformio/packages/toolchain-atmelavr/avr/include/stdint.h
... /home/jure/.platformio/packages/toolchain-atmelavr/lib/gcc/avr/7.3.0/include/stddef.h
... /home/jure/.platformio/packages/toolchain-atmelavr/avr/include/avr/io.h
.... /home/jure/.platformio/packages/toolchain-atmelavr/avr/include/avr/sfr_defs.h
.... /home/jure/.platformio/packages/toolchain-atmelavr/avr/include/avr/iom328p.h
.... /home/jure/.platformio/packages/toolchain-atmelavr/avr/include/avr/portpins.h
.... /home/jure/.platformio/packages/toolchain-atmelavr/avr/include/avr/common.h
.... /home/jure/.platformio/packages/toolchain-atmelavr/avr/include/avr/version.h
.... /home/jure/.platformio/packages/toolchain-atmelavr/avr/include/avr/fuse.h
.... /home/jure/.platformio/packages/toolchain-atmelavr/avr/include/avr/lock.h
.. /home/jure/.platformio/packages/toolchain-atmelavr/avr/include/avr/interrupt.h
.. /home/jure/.platformio/packages/framework-arduino-avr/cores/arduino/binary.h
.. /home/jure/.platformio/packages/framework-arduino-avr/cores/arduino/WCharacter.h
... /home/jure/.platformio/packages/toolchain-atmelavr/avr/include/ctype.h
.. /home/jure/.platformio/packages/framework-arduino-avr/cores/arduino/WString.h
.. /home/jure/.platformio/packages/framework-arduino-avr/cores/arduino/HardwareSerial.h
... /home/jure/.platformio/packages/framework-arduino-avr/cores/arduino/Stream.h
.... /home/jure/.platformio/packages/framework-arduino-avr/cores/arduino/Print.h
..... /home/jure/.platformio/packages/toolchain-atmelavr/avr/include/stdio.h
...... /home/jure/.platformio/packages/toolchain-atmelavr/lib/gcc/avr/7.3.0/include/stdarg.h
...... /home/jure/.platformio/packages/toolchain-atmelavr/lib/gcc/avr/7.3.0/include/stddef.h
..... /home/jure/.platformio/packages/framework-arduino-avr/cores/arduino/Printable.h
.. /home/jure/.platformio/packages/framework-arduino-avr/cores/arduino/USBAPI.h
... /home/jure/.platformio/packages/toolchain-atmelavr/avr/include/avr/eeprom.h
.... /home/jure/.platformio/packages/toolchain-atmelavr/lib/gcc/avr/7.3.0/include/stddef.h
... /home/jure/.platformio/packages/toolchain-atmelavr/avr/include/util/delay.h
.... /home/jure/.platformio/packages/toolchain-atmelavr/avr/include/util/delay_basic.h
... /home/jure/.platformio/packages/framework-arduino-avr/cores/arduino/Arduino.h
.. /home/jure/.platformio/packages/framework-arduino-avr/variants/standard/pins_arduino.h
. /home/jure/.platformio/packages/framework-arduino-avr/cores/arduino/HardwareSerial_private.h
.. /home/jure/.platformio/packages/framework-arduino-avr/cores/arduino/wiring_private.h
avr-g++ -o .pio/build/uno/FrameworkArduino/PluggableUSB.cpp.o -c -fno-exceptions -fno-threadsafe-statics -fpermissive -std=gnu++11 -H -Os -Wall -ffunction-sections -fdata-sections -flto -mmcu=atmega328p -DPLATFORMIO=50101 -DARDUINO_AVR_UNO -DF_CPU=16000000L -DARDUINO_ARCH_AVR -DARDUINO=10808 -I/home/jure/.platformio/packages/framework-arduino-avr/cores/arduino -I/home/jure/.platformio/packages/framework-arduino-avr/variants/standard /home/jure/.platformio/packages/framework-arduino-avr/cores/arduino/PluggableUSB.cpp
. /home/jure/.platformio/packages/framework-arduino-avr/cores/arduino/Arduino.h
.. /home/jure/.platformio/packages/toolchain-atmelavr/avr/include/stdlib.h
... /home/jure/.platformio/packages/toolchain-atmelavr/lib/gcc/avr/7.3.0/include/stddef.h
.. /home/jure/.platformio/packages/toolchain-atmelavr/lib/gcc/avr/7.3.0/include/stdbool.h
.. /home/jure/.platformio/packages/toolchain-atmelavr/avr/include/string.h
... /home/jure/.platformio/packages/toolchain-atmelavr/lib/gcc/avr/7.3.0/include/stddef.h
.. /home/jure/.platformio/packages/toolchain-atmelavr/avr/include/math.h
.. /home/jure/.platformio/packages/toolchain-atmelavr/avr/include/avr/pgmspace.h
... /home/jure/.platformio/packages/toolchain-atmelavr/avr/include/inttypes.h
.... /home/jure/.platformio/packages/toolchain-atmelavr/lib/gcc/avr/7.3.0/include/stdint.h
..... /home/jure/.platformio/packages/toolchain-atmelavr/avr/include/stdint.h
... /home/jure/.platformio/packages/toolchain-atmelavr/lib/gcc/avr/7.3.0/include/stddef.h
... /home/jure/.platformio/packages/toolchain-atmelavr/avr/include/avr/io.h
.... /home/jure/.platformio/packages/toolchain-atmelavr/avr/include/avr/sfr_defs.h
.... /home/jure/.platformio/packages/toolchain-atmelavr/avr/include/avr/iom328p.h
.... /home/jure/.platformio/packages/toolchain-atmelavr/avr/include/avr/portpins.h
.... /home/jure/.platformio/packages/toolchain-atmelavr/avr/include/avr/common.h
.... /home/jure/.platformio/packages/toolchain-atmelavr/avr/include/avr/version.h
.... /home/jure/.platformio/packages/toolchain-atmelavr/avr/include/avr/fuse.h
.... /home/jure/.platformio/packages/toolchain-atmelavr/avr/include/avr/lock.h
.. /home/jure/.platformio/packages/toolchain-atmelavr/avr/include/avr/interrupt.h
.. /home/jure/.platformio/packages/framework-arduino-avr/cores/arduino/binary.h
.. /home/jure/.platformio/packages/framework-arduino-avr/cores/arduino/WCharacter.h
... /home/jure/.platformio/packages/toolchain-atmelavr/avr/include/ctype.h
.. /home/jure/.platformio/packages/framework-arduino-avr/cores/arduino/WString.h
.. /home/jure/.platformio/packages/framework-arduino-avr/cores/arduino/HardwareSerial.h
... /home/jure/.platformio/packages/framework-arduino-avr/cores/arduino/Stream.h
.... /home/jure/.platformio/packages/framework-arduino-avr/cores/arduino/Print.h
..... /home/jure/.platformio/packages/toolchain-atmelavr/avr/include/stdio.h
...... /home/jure/.platformio/packages/toolchain-atmelavr/lib/gcc/avr/7.3.0/include/stdarg.h
...... /home/jure/.platformio/packages/toolchain-atmelavr/lib/gcc/avr/7.3.0/include/stddef.h
..... /home/jure/.platformio/packages/framework-arduino-avr/cores/arduino/Printable.h
.. /home/jure/.platformio/packages/framework-arduino-avr/cores/arduino/USBAPI.h
... /home/jure/.platformio/packages/toolchain-atmelavr/avr/include/avr/eeprom.h
.... /home/jure/.platformio/packages/toolchain-atmelavr/lib/gcc/avr/7.3.0/include/stddef.h
... /home/jure/.platformio/packages/toolchain-atmelavr/avr/include/util/delay.h
.... /home/jure/.platformio/packages/toolchain-atmelavr/avr/include/util/delay_basic.h
... /home/jure/.platformio/packages/framework-arduino-avr/cores/arduino/Arduino.h
.. /home/jure/.platformio/packages/framework-arduino-avr/variants/standard/pins_arduino.h
. /home/jure/.platformio/packages/framework-arduino-avr/cores/arduino/IPAddress.h
avr-g++ -o .pio/build/uno/FrameworkArduino/Print.cpp.o -c -fno-exceptions -fno-threadsafe-statics -fpermissive -std=gnu++11 -H -Os -Wall -ffunction-sections -fdata-sections -flto -mmcu=atmega328p -DPLATFORMIO=50101 -DARDUINO_AVR_UNO -DF_CPU=16000000L -DARDUINO_ARCH_AVR -DARDUINO=10808 -I/home/jure/.platformio/packages/framework-arduino-avr/cores/arduino -I/home/jure/.platformio/packages/framework-arduino-avr/variants/standard /home/jure/.platformio/packages/framework-arduino-avr/cores/arduino/Print.cpp
Multiple include guards may be useful for:
/home/jure/.platformio/packages/framework-arduino-avr/cores/arduino/HardwareSerial_private.h
/home/jure/.platformio/packages/toolchain-atmelavr/avr/include/avr/iom328p.h
. /home/jure/.platformio/packages/framework-arduino-avr/cores/arduino/USBAPI.h
.. /home/jure/.platformio/packages/toolchain-atmelavr/avr/include/inttypes.h
... /home/jure/.platformio/packages/toolchain-atmelavr/lib/gcc/avr/7.3.0/include/stdint.h
.... /home/jure/.platformio/packages/toolchain-atmelavr/avr/include/stdint.h
.. /home/jure/.platformio/packages/toolchain-atmelavr/avr/include/avr/pgmspace.h
... /home/jure/.platformio/packages/toolchain-atmelavr/lib/gcc/avr/7.3.0/include/stddef.h
... /home/jure/.platformio/packages/toolchain-atmelavr/avr/include/avr/io.h
.... /home/jure/.platformio/packages/toolchain-atmelavr/avr/include/avr/sfr_defs.h
.... /home/jure/.platformio/packages/toolchain-atmelavr/avr/include/avr/iom328p.h
.... /home/jure/.platformio/packages/toolchain-atmelavr/avr/include/avr/portpins.h
.... /home/jure/.platformio/packages/toolchain-atmelavr/avr/include/avr/common.h
.... /home/jure/.platformio/packages/toolchain-atmelavr/avr/include/avr/version.h
.... /home/jure/.platformio/packages/toolchain-atmelavr/avr/include/avr/fuse.h
.... /home/jure/.platformio/packages/toolchain-atmelavr/avr/include/avr/lock.h
.. /home/jure/.platformio/packages/toolchain-atmelavr/avr/include/avr/eeprom.h
... /home/jure/.platformio/packages/toolchain-atmelavr/lib/gcc/avr/7.3.0/include/stddef.h
.. /home/jure/.platformio/packages/toolchain-atmelavr/avr/include/avr/interrupt.h
avr-g++ -o .pio/build/uno/FrameworkArduino/Stream.cpp.o -c -fno-exceptions -fno-threadsafe-statics -fpermissive -std=gnu++11 -H -Os -Wall -ffunction-sections -fdata-sections -flto -mmcu=atmega328p -DPLATFORMIO=50101 -DARDUINO_AVR_UNO -DF_CPU=16000000L -DARDUINO_ARCH_AVR -DARDUINO=10808 -I/home/jure/.platformio/packages/framework-arduino-avr/cores/arduino -I/home/jure/.platformio/packages/framework-arduino-avr/variants/standard /home/jure/.platformio/packages/framework-arduino-avr/cores/arduino/Stream.cpp
.. /home/jure/.platformio/packages/toolchain-atmelavr/avr/include/util/delay.h
... /home/jure/.platformio/packages/toolchain-atmelavr/avr/include/util/delay_basic.h
... /home/jure/.platformio/packages/toolchain-atmelavr/avr/include/math.h
.. /home/jure/.platformio/packages/framework-arduino-avr/cores/arduino/Arduino.h
... /home/jure/.platformio/packages/toolchain-atmelavr/avr/include/stdlib.h
.... /home/jure/.platformio/packages/toolchain-atmelavr/lib/gcc/avr/7.3.0/include/stddef.h
... /home/jure/.platformio/packages/toolchain-atmelavr/lib/gcc/avr/7.3.0/include/stdbool.h
... /home/jure/.platformio/packages/toolchain-atmelavr/avr/include/string.h
.... /home/jure/.platformio/packages/toolchain-atmelavr/lib/gcc/avr/7.3.0/include/stddef.h
... /home/jure/.platformio/packages/framework-arduino-avr/cores/arduino/binary.h
... /home/jure/.platformio/packages/framework-arduino-avr/cores/arduino/WCharacter.h
.... /home/jure/.platformio/packages/toolchain-atmelavr/avr/include/ctype.h
... /home/jure/.platformio/packages/framework-arduino-avr/cores/arduino/WString.h
. /home/jure/.platformio/packages/toolchain-atmelavr/avr/include/stdlib.h
.. /home/jure/.platformio/packages/toolchain-atmelavr/lib/gcc/avr/7.3.0/include/stddef.h
... /home/jure/.platformio/packages/framework-arduino-avr/cores/arduino/HardwareSerial.h
.... /home/jure/.platformio/packages/framework-arduino-avr/cores/arduino/Stream.h
..... /home/jure/.platformio/packages/framework-arduino-avr/cores/arduino/Print.h
...... /home/jure/.platformio/packages/toolchain-atmelavr/avr/include/stdio.h
....... /home/jure/.platformio/packages/toolchain-atmelavr/lib/gcc/avr/7.3.0/include/stdarg.h
....... /home/jure/.platformio/packages/toolchain-atmelavr/lib/gcc/avr/7.3.0/include/stddef.h
. /home/jure/.platformio/packages/toolchain-atmelavr/avr/include/stdio.h
.. /home/jure/.platformio/packages/toolchain-atmelavr/avr/include/inttypes.h
... /home/jure/.platformio/packages/toolchain-atmelavr/lib/gcc/avr/7.3.0/include/stdint.h
.... /home/jure/.platformio/packages/toolchain-atmelavr/avr/include/stdint.h
...... /home/jure/.platformio/packages/framework-arduino-avr/cores/arduino/Printable.h
.. /home/jure/.platformio/packages/toolchain-atmelavr/lib/gcc/avr/7.3.0/include/stdarg.h
.. /home/jure/.platformio/packages/toolchain-atmelavr/lib/gcc/avr/7.3.0/include/stddef.h
... /home/jure/.platformio/packages/framework-arduino-avr/cores/arduino/USBAPI.h
... /home/jure/.platformio/packages/framework-arduino-avr/variants/standard/pins_arduino.h
. /home/jure/.platformio/packages/framework-arduino-avr/cores/arduino/PluggableUSB.h
. /home/jure/.platformio/packages/toolchain-atmelavr/avr/include/string.h
.. /home/jure/.platformio/packages/toolchain-atmelavr/lib/gcc/avr/7.3.0/include/stddef.h
. /home/jure/.platformio/packages/toolchain-atmelavr/avr/include/math.h
. /home/jure/.platformio/packages/framework-arduino-avr/cores/arduino/Arduino.h
.. /home/jure/.platformio/packages/toolchain-atmelavr/lib/gcc/avr/7.3.0/include/stdbool.h
.. /home/jure/.platformio/packages/toolchain-atmelavr/avr/include/avr/pgmspace.h
... /home/jure/.platformio/packages/toolchain-atmelavr/lib/gcc/avr/7.3.0/include/stddef.h
... /home/jure/.platformio/packages/toolchain-atmelavr/avr/include/avr/io.h
.... /home/jure/.platformio/packages/toolchain-atmelavr/avr/include/avr/sfr_defs.h
.... /home/jure/.platformio/packages/toolchain-atmelavr/avr/include/avr/iom328p.h
.... /home/jure/.platformio/packages/toolchain-atmelavr/avr/include/avr/portpins.h
.... /home/jure/.platformio/packages/toolchain-atmelavr/avr/include/avr/common.h
.... /home/jure/.platformio/packages/toolchain-atmelavr/avr/include/avr/version.h
.... /home/jure/.platformio/packages/toolchain-atmelavr/avr/include/avr/fuse.h
.... /home/jure/.platformio/packages/toolchain-atmelavr/avr/include/avr/lock.h
.. /home/jure/.platformio/packages/toolchain-atmelavr/avr/include/avr/interrupt.h
.. /home/jure/.platformio/packages/framework-arduino-avr/cores/arduino/binary.h
.. /home/jure/.platformio/packages/framework-arduino-avr/cores/arduino/WCharacter.h
... /home/jure/.platformio/packages/toolchain-atmelavr/avr/include/ctype.h
.. /home/jure/.platformio/packages/framework-arduino-avr/cores/arduino/WString.h
.. /home/jure/.platformio/packages/framework-arduino-avr/cores/arduino/HardwareSerial.h
... /home/jure/.platformio/packages/framework-arduino-avr/cores/arduino/Stream.h
.... /home/jure/.platformio/packages/framework-arduino-avr/cores/arduino/Print.h
..... /home/jure/.platformio/packages/framework-arduino-avr/cores/arduino/Printable.h
.. /home/jure/.platformio/packages/framework-arduino-avr/cores/arduino/USBAPI.h
... /home/jure/.platformio/packages/toolchain-atmelavr/avr/include/avr/eeprom.h
Multiple include guards may be useful for:
../home/jure/.platformio/packages/toolchain-atmelavr/avr/include/avr/iom328p.h.
. /home/jure/.platformio/packages/toolchain-atmelavr/lib/gcc/avr/7.3.0/include/stddef.h
... /home/jure/.platformio/packages/toolchain-atmelavr/avr/include/util/delay.h
.... /home/jure/.platformio/packages/toolchain-atmelavr/avr/include/util/delay_basic.h
... /home/jure/.platformio/packages/framework-arduino-avr/cores/arduino/Arduino.h
.. /home/jure/.platformio/packages/framework-arduino-avr/variants/standard/pins_arduino.h
avr-g++ -o .pio/build/uno/FrameworkArduino/Tone.cpp.o -c -fno-exceptions -fno-threadsafe-statics -fpermissive -std=gnu++11 -H -Os -Wall -ffunction-sections -fdata-sections -flto -mmcu=atmega328p -DPLATFORMIO=50101 -DARDUINO_AVR_UNO -DF_CPU=16000000L -DARDUINO_ARCH_AVR -DARDUINO=10808 -I/home/jure/.platformio/packages/framework-arduino-avr/cores/arduino -I/home/jure/.platformio/packages/framework-arduino-avr/variants/standard /home/jure/.platformio/packages/framework-arduino-avr/cores/arduino/Tone.cpp
. /home/jure/.platformio/packages/framework-arduino-avr/cores/arduino/Arduino.h
.. /home/jure/.platformio/packages/toolchain-atmelavr/avr/include/stdlib.h
... /home/jure/.platformio/packages/toolchain-atmelavr/lib/gcc/avr/7.3.0/include/stddef.h
.. /home/jure/.platformio/packages/toolchain-atmelavr/lib/gcc/avr/7.3.0/include/stdbool.h
.. /home/jure/.platformio/packages/toolchain-atmelavr/avr/include/string.h
... /home/jure/.platformio/packages/toolchain-atmelavr/lib/gcc/avr/7.3.0/include/stddef.h
.. /home/jure/.platformio/packages/toolchain-atmelavr/avr/include/math.h
.. /home/jure/.platformio/packages/toolchain-atmelavr/avr/include/avr/pgmspace.h
... /home/jure/.platformio/packages/toolchain-atmelavr/avr/include/inttypes.h
.... /home/jure/.platformio/packages/toolchain-atmelavr/lib/gcc/avr/7.3.0/include/stdint.h
..... /home/jure/.platformio/packages/toolchain-atmelavr/avr/include/stdint.h
... /home/jure/.platformio/packages/toolchain-atmelavr/lib/gcc/avr/7.3.0/include/stddef.h
... /home/jure/.platformio/packages/toolchain-atmelavr/avr/include/avr/io.h
.... /home/jure/.platformio/packages/toolchain-atmelavr/avr/include/avr/sfr_defs.h
.... /home/jure/.platformio/packages/toolchain-atmelavr/avr/include/avr/iom328p.h
.... /home/jure/.platformio/packages/toolchain-atmelavr/avr/include/avr/portpins.h
Multiple include guards may be useful for:
/home/jure/.platformio/packages/toolchain-atmelavr/avr/include/avr/iom328p.h
.... /home/jure/.platformio/packages/toolchain-atmelavr/avr/include/avr/common.h
.... /home/jure/.platformio/packages/toolchain-atmelavr/avr/include/avr/version.h
.... /home/jure/.platformio/packages/toolchain-atmelavr/avr/include/avr/fuse.h
.... /home/jure/.platformio/packages/toolchain-atmelavr/avr/include/avr/lock.h
.. /home/jure/.platformio/packages/toolchain-atmelavr/avr/include/avr/interrupt.h
.. /home/jure/.platformio/packages/framework-arduino-avr/cores/arduino/binary.h
.. /home/jure/.platformio/packages/framework-arduino-avr/cores/arduino/WCharacter.h
... /home/jure/.platformio/packages/toolchain-atmelavr/avr/include/ctype.h
.. /home/jure/.platformio/packages/framework-arduino-avr/cores/arduino/WString.h
.. /home/jure/.platformio/packages/framework-arduino-avr/cores/arduino/HardwareSerial.h
... /home/jure/.platformio/packages/framework-arduino-avr/cores/arduino/Stream.h
.... /home/jure/.platformio/packages/framework-arduino-avr/cores/arduino/Print.h
..... /home/jure/.platformio/packages/toolchain-atmelavr/avr/include/stdio.h
...... /home/jure/.platformio/packages/toolchain-atmelavr/lib/gcc/avr/7.3.0/include/stdarg.h
...... /home/jure/.platformio/packages/toolchain-atmelavr/lib/gcc/avr/7.3.0/include/stddef.h
..... /home/jure/.platformio/packages/framework-arduino-avr/cores/arduino/Printable.h
.. /home/jure/.platformio/packages/framework-arduino-avr/cores/arduino/USBAPI.h
... /home/jure/.platformio/packages/toolchain-atmelavr/avr/include/avr/eeprom.h
.... /home/jure/.platformio/packages/toolchain-atmelavr/lib/gcc/avr/7.3.0/include/stddef.h
... /home/jure/.platformio/packages/toolchain-atmelavr/avr/include/util/delay.h
.... /home/jure/.platformio/packages/toolchain-atmelavr/avr/include/util/delay_basic.h
... /home/jure/.platformio/packages/framework-arduino-avr/cores/arduino/Arduino.h
.. /home/jure/.platformio/packages/framework-arduino-avr/variants/standard/pins_arduino.h
avr-g++ -o .pio/build/uno/FrameworkArduino/USBCore.cpp.o -c -fno-exceptions -fno-threadsafe-statics -fpermissive -std=gnu++11 -H -Os -Wall -ffunction-sections -fdata-sections -flto -mmcu=atmega328p -DPLATFORMIO=50101 -DARDUINO_AVR_UNO -DF_CPU=16000000L -DARDUINO_ARCH_AVR -DARDUINO=10808 -I/home/jure/.platformio/packages/framework-arduino-avr/cores/arduino -I/home/jure/.platformio/packages/framework-arduino-avr/variants/standard /home/jure/.platformio/packages/framework-arduino-avr/cores/arduino/USBCore.cpp
. /home/jure/.platformio/packages/toolchain-atmelavr/avr/include/avr/interrupt.h
.. /home/jure/.platformio/packages/toolchain-atmelavr/avr/include/avr/io.h
... /home/jure/.platformio/packages/toolchain-atmelavr/avr/include/avr/sfr_defs.h
.... /home/jure/.platformio/packages/toolchain-atmelavr/avr/include/inttypes.h
..... /home/jure/.platformio/packages/toolchain-atmelavr/lib/gcc/avr/7.3.0/include/stdint.h
...... /home/jure/.platformio/packages/toolchain-atmelavr/avr/include/stdint.h
... /home/jure/.platformio/packages/toolchain-atmelavr/avr/include/avr/iom328p.h
... /home/jure/.platformio/packages/toolchain-atmelavr/avr/include/avr/portpins.h
... /home/jure/.platformio/packages/toolchain-atmelavr/avr/include/avr/common.h
... /home/jure/.platformio/packages/toolchain-atmelavr/avr/include/avr/version.h
... /home/jure/.platformio/packages/toolchain-atmelavr/avr/include/avr/fuse.h
... /home/jure/.platformio/packages/toolchain-atmelavr/avr/include/avr/lock.h
. /home/jure/.platformio/packages/toolchain-atmelavr/avr/include/avr/pgmspace.h
.. /home/jure/.platformio/packages/toolchain-atmelavr/lib/gcc/avr/7.3.0/include/stddef.h
. /home/jure/.platformio/packages/framework-arduino-avr/cores/arduino/Arduino.h
.. /home/jure/.platformio/packages/toolchain-atmelavr/avr/include/stdlib.h
... /home/jure/.platformio/packages/toolchain-atmelavr/lib/gcc/avr/7.3.0/include/stddef.h
.. /home/jure/.platformio/packages/toolchain-atmelavr/lib/gcc/avr/7.3.0/include/stdbool.h
.. /home/jure/.platformio/packages/toolchain-atmelavr/avr/include/string.h
... /home/jure/.platformio/packages/toolchain-atmelavr/lib/gcc/avr/7.3.0/include/stddef.h
.. /home/jure/.platformio/packages/toolchain-atmelavr/avr/include/math.h
.. /home/jure/.platformio/packages/framework-arduino-avr/cores/arduino/binary.h
.. /home/jure/.platformio/packages/framework-arduino-avr/cores/arduino/WCharacter.h
... /home/jure/.platformio/packages/toolchain-atmelavr/avr/include/ctype.h
.. /home/jure/.platformio/packages/framework-arduino-avr/cores/arduino/WString.h
.. /home/jure/.platformio/packages/framework-arduino-avr/cores/arduino/HardwareSerial.h
... /home/jure/.platformio/packages/framework-arduino-avr/cores/arduino/Stream.h
.... /home/jure/.platformio/packages/framework-arduino-avr/cores/arduino/Print.h
..... /home/jure/.platformio/packages/toolchain-atmelavr/avr/include/stdio.h
...... /home/jure/.platformio/packages/toolchain-atmelavr/lib/gcc/avr/7.3.0/include/stdarg.h
...... /home/jure/.platformio/packages/toolchain-atmelavr/lib/gcc/avr/7.3.0/include/stddef.h
..... /home/jure/.platformio/packages/framework-arduino-avr/cores/arduino/Printable.h
.. /home/jure/.platformio/packages/framework-arduino-avr/cores/arduino/USBAPI.h
... /home/jure/.platformio/packages/toolchain-atmelavr/avr/include/avr/eeprom.h
.... /home/jure/.platformio/packages/toolchain-atmelavr/lib/gcc/avr/7.3.0/include/stddef.h
... /home/jure/.platformio/packages/toolchain-atmelavr/avr/include/util/delay.h
.... /home/jure/.platformio/packages/toolchain-atmelavr/avr/include/util/delay_basic.h
... /home/jure/.platformio/packages/framework-arduino-avr/cores/arduino/Arduino.h
.. /home/jure/.platformio/packages/framework-arduino-avr/variants/standard/pins_arduino.h
avr-gcc -o .pio/build/uno/FrameworkArduino/WInterrupts.c.o -c -std=gnu11 -fno-fat-lto-objects -H -Os -Wall -ffunction-sections -fdata-sections -flto -mmcu=atmega328p -DPLATFORMIO=50101 -DARDUINO_AVR_UNO -DF_CPU=16000000L -DARDUINO_ARCH_AVR -DARDUINO=10808 -I/home/jure/.platformio/packages/framework-arduino-avr/cores/arduino -I/home/jure/.platformio/packages/framework-arduino-avr/variants/standard /home/jure/.platformio/packages/framework-arduino-avr/cores/arduino/WInterrupts.c
. /home/jure/.platformio/packages/framework-arduino-avr/cores/arduino/USBAPI.h
.. /home/jure/.platformio/packages/toolchain-atmelavr/avr/include/inttypes.h
... /home/jure/.platformio/packages/toolchain-atmelavr/lib/gcc/avr/7.3.0/include/stdint.h
.... /home/jure/.platformio/packages/toolchain-atmelavr/avr/include/stdint.h
.. /home/jure/.platformio/packages/toolchain-atmelavr/avr/include/avr/pgmspace.h
... /home/jure/.platformio/packages/toolchain-atmelavr/lib/gcc/avr/7.3.0/include/stddef.h
... /home/jure/.platformio/packages/toolchain-atmelavr/avr/include/avr/io.h
.... /home/jure/.platformio/packages/toolchain-atmelavr/avr/include/avr/sfr_defs.h
.... /home/jure/.platformio/packages/toolchain-atmelavr/avr/include/avr/iom328p.h
.... /home/jure/.platformio/packages/toolchain-atmelavr/avr/include/avr/portpins.h
.... /home/jure/.platformio/packages/toolchain-atmelavr/avr/include/avr/common.h
.... /home/jure/.platformio/packages/toolchain-atmelavr/avr/include/avr/version.h
.... /home/jure/.platformio/packages/toolchain-atmelavr/avr/include/avr/fuse.h
.... /home/jure/.platformio/packages/toolchain-atmelavr/avr/include/avr/lock.h
.. /home/jure/.platformio/packages/toolchain-atmelavr/avr/include/avr/eeprom.h
... /home/jure/.platformio/packages/toolchain-atmelavr/lib/gcc/avr/7.3.0/include/stddef.h
.. /home/jure/.platformio/packages/toolchain-atmelavr/avr/include/avr/interrupt.h
.. /home/jure/.platformio/packages/toolchain-atmelavr/avr/include/util/delay.h
... /home/jure/.platformio/packages/toolchain-atmelavr/avr/include/util/delay_basic.h
... /home/jure/.platformio/packages/toolchain-atmelavr/avr/include/math.h
.. /home/jure/.platformio/packages/framework-arduino-avr/cores/arduino/Arduino.h
... /home/jure/.platformio/packages/toolchain-atmelavr/avr/include/stdlib.h
.... /home/jure/.platformio/packages/toolchain-atmelavr/lib/gcc/avr/7.3.0/include/stddef.h
... /home/jure/.platformio/packages/toolchain-atmelavr/lib/gcc/avr/7.3.0/include/stdbool.h
... /home/jure/.platformio/packages/toolchain-atmelavr/avr/include/string.h
.... /home/jure/.platformio/packages/toolchain-atmelavr/lib/gcc/avr/7.3.0/include/stddef.h
... /home/jure/.platformio/packages/framework-arduino-avr/cores/arduino/binary.h
avr-g++ -o .pio/build/uno/FrameworkArduino/WMath.cpp.o -c -fno-exceptions -fno-threadsafe-statics -fpermissive -std=gnu++11 -H -Os -Wall -ffunction-sections -fdata-sections -flto -mmcu=atmega328p -DPLATFORMIO=50101 -DARDUINO_AVR_UNO -DF_CPU=16000000L -DARDUINO_ARCH_AVR -DARDUINO=10808 -I/home/jure/.platformio/packages/framework-arduino-avr/cores/arduino -I/home/jure/.platformio/packages/framework-arduino-avr/variants/standard /home/jure/.platformio/packages/framework-arduino-avr/cores/arduino/WMath.cpp
... /home/jure/.platformio/packages/framework-arduino-avr/cores/arduino/WCharacter.h
.... /home/jure/.platformio/packages/toolchain-atmelavr/avr/include/ctype.h
... /home/jure/.platformio/packages/framework-arduino-avr/cores/arduino/WString.h
... /home/jure/.platformio/packages/framework-arduino-avr/cores/arduino/HardwareSerial.h
.... /home/jure/.platformio/packages/framework-arduino-avr/cores/arduino/Stream.h
..... /home/jure/.platformio/packages/framework-arduino-avr/cores/arduino/Print.h
...... /home/jure/.platformio/packages/toolchain-atmelavr/avr/include/stdio.h
....... /home/jure/.platformio/packages/toolchain-atmelavr/lib/gcc/avr/7.3.0/include/stdarg.h
....... /home/jure/.platformio/packages/toolchain-atmelavr/lib/gcc/avr/7.3.0/include/stddef.h
...... /home/jure/.platformio/packages/framework-arduino-avr/cores/arduino/Printable.h
Multiple include guards may be useful for:
/home/jure/.platformio/packages/toolchain-atmelavr/avr/include/avr/iom328p.h
... /home/jure/.platformio/packages/framework-arduino-avr/cores/arduino/USBAPI.h
... /home/jure/.platformio/packages/framework-arduino-avr/variants/standard/pins_arduino.h
. /home/jure/.platformio/packages/framework-arduino-avr/cores/arduino/PluggableUSB.h
. /home/jure/.platformio/packages/toolchain-atmelavr/avr/include/inttypes.h
.. /home/jure/.platformio/packages/toolchain-atmelavr/lib/gcc/avr/7.3.0/include/stdint.h
... /home/jure/.platformio/packages/toolchain-atmelavr/avr/include/stdint.h
. /home/jure/.platformio/packages/toolchain-atmelavr/avr/include/avr/io.h
Multiple include guards may be useful for:
/home/jure/.platformio/packages/toolchain-atmelavr/avr/include/avr/iom328p.h
.. /home/jure/.platformio/packages/toolchain-atmelavr/avr/include/avr/sfr_defs.h
.. /home/jure/.platformio/packages/toolchain-atmelavr/avr/include/avr/iom328p.h
.. /home/jure/.platformio/packages/toolchain-atmelavr/avr/include/avr/portpins.h
.. /home/jure/.platformio/packages/toolchain-atmelavr/avr/include/avr/common.h
.. /home/jure/.platformio/packages/toolchain-atmelavr/avr/include/avr/version.h
.. /home/jure/.platformio/packages/toolchain-atmelavr/avr/include/avr/fuse.h
.. /home/jure/.platformio/packages/toolchain-atmelavr/avr/include/avr/lock.h
. /home/jure/.platformio/packages/toolchain-atmelavr/avr/include/avr/interrupt.h
. /home/jure/.platformio/packages/toolchain-atmelavr/avr/include/avr/pgmspace.h
.. /home/jure/.platformio/packages/toolchain-atmelavr/lib/gcc/avr/7.3.0/include/stddef.h
. /home/jure/.platformio/packages/toolchain-atmelavr/avr/include/stdio.h
.. /home/jure/.platformio/packages/toolchain-atmelavr/lib/gcc/avr/7.3.0/include/stdarg.h
.. /home/jure/.platformio/packages/toolchain-atmelavr/lib/gcc/avr/7.3.0/include/stddef.h
avr-g++ -o .pio/build/uno/FrameworkArduino/WString.cpp.o -c -fno-exceptions -fno-threadsafe-statics -fpermissive -std=gnu++11 -H -Os -Wall -ffunction-sections -fdata-sections -flto -mmcu=atmega328p -DPLATFORMIO=50101 -DARDUINO_AVR_UNO -DF_CPU=16000000L -DARDUINO_ARCH_AVR -DARDUINO=10808 -I/home/jure/.platformio/packages/framework-arduino-avr/cores/arduino -I/home/jure/.platformio/packages/framework-arduino-avr/variants/standard /home/jure/.platformio/packages/framework-arduino-avr/cores/arduino/WString.cpp
. /home/jure/.platformio/packages/framework-arduino-avr/cores/arduino/wiring_private.h
.. /home/jure/.platformio/packages/framework-arduino-avr/cores/arduino/Arduino.h
... /home/jure/.platformio/packages/toolchain-atmelavr/avr/include/stdlib.h
.... /home/jure/.platformio/packages/toolchain-atmelavr/lib/gcc/avr/7.3.0/include/stddef.h
... /home/jure/.platformio/packages/toolchain-atmelavr/lib/gcc/avr/7.3.0/include/stdbool.h
... /home/jure/.platformio/packages/toolchain-atmelavr/avr/include/string.h
.... /home/jure/.platformio/packages/toolchain-atmelavr/lib/gcc/avr/7.3.0/include/stddef.h
Multiple include guards may be useful for:
/home/jure/.platformio/packages/toolchain-atmelavr/avr/include/avr/iom328p.h
... /home/jure/.platformio/packages/toolchain-atmelavr/avr/include/math.h
... /home/jure/.platformio/packages/framework-arduino-avr/cores/arduino/binary.h
Multiple include guards may be useful for:
/home/jure/.platformio/packages/toolchain-atmelavr/avr/include/avr/iom328p.h
. /home/jure/.platformio/packages/toolchain-atmelavr/avr/include/stdlib.h
.. /home/jure/.platformio/packages/toolchain-atmelavr/lib/gcc/avr/7.3.0/include/stddef.h
... /home/jure/.platformio/packages/framework-arduino-avr/variants/standard/pins_arduino.h
avr-g++ -o .pio/build/uno/FrameworkArduino/abi.cpp.o -c -fno-exceptions -fno-threadsafe-statics -fpermissive -std=gnu++11 -H -Os -Wall -ffunction-sections -fdata-sections -flto -mmcu=atmega328p -DPLATFORMIO=50101 -DARDUINO_AVR_UNO -DF_CPU=16000000L -DARDUINO_ARCH_AVR -DARDUINO=10808 -I/home/jure/.platformio/packages/framework-arduino-avr/cores/arduino -I/home/jure/.platformio/packages/framework-arduino-avr/variants/standard /home/jure/.platformio/packages/framework-arduino-avr/cores/arduino/abi.cpp
Multiple include guards may be useful for:
/home/jure/.platformio/packages/toolchain-atmelavr/avr/include/avr/iom328p.h
Multiple include guards may be useful for:
/home/jure/.platformio/packages/toolchain-atmelavr/lib/gcc/avr/7.3.0/include/stddef.h
. /home/jure/.platformio/packages/framework-arduino-avr/cores/arduino/WString.h
.. /home/jure/.platformio/packages/toolchain-atmelavr/avr/include/stdlib.h
... /home/jure/.platformio/packages/toolchain-atmelavr/lib/gcc/avr/7.3.0/include/stddef.h
.. /home/jure/.platformio/packages/toolchain-atmelavr/avr/include/string.h
... /home/jure/.platformio/packages/toolchain-atmelavr/lib/gcc/avr/7.3.0/include/stddef.h
.. /home/jure/.platformio/packages/toolchain-atmelavr/avr/include/ctype.h
.. /home/jure/.platformio/packages/toolchain-atmelavr/avr/include/avr/pgmspace.h
... /home/jure/.platformio/packages/toolchain-atmelavr/avr/include/inttypes.h
.... /home/jure/.platformio/packages/toolchain-atmelavr/lib/gcc/avr/7.3.0/include/stdint.h
..... /home/jure/.platformio/packages/toolchain-atmelavr/avr/include/stdint.h
... /home/jure/.platformio/packages/toolchain-atmelavr/lib/gcc/avr/7.3.0/include/stddef.h
... /home/jure/.platformio/packages/toolchain-atmelavr/avr/include/avr/io.h
.... /home/jure/.platformio/packages/toolchain-atmelavr/avr/include/avr/sfr_defs.h
.... /home/jure/.platformio/packages/toolchain-atmelavr/avr/include/avr/iom328p.h
.... /home/jure/.platformio/packages/toolchain-atmelavr/avr/include/avr/portpins.h
.... /home/jure/.platformio/packages/toolchain-atmelavr/avr/include/avr/common.h
.... /home/jure/.platformio/packages/toolchain-atmelavr/avr/include/avr/version.h
.... /home/jure/.platformio/packages/toolchain-atmelavr/avr/include/avr/fuse.h
.... /home/jure/.platformio/packages/toolchain-atmelavr/avr/include/avr/lock.h
. /home/jure/.platformio/packages/toolchain-atmelavr/avr/include/stdlib.h
.. /home/jure/.platformio/packages/toolchain-atmelavr/lib/gcc/avr/7.3.0/include/stddef.h
avr-gcc -o .pio/build/uno/FrameworkArduino/hooks.c.o -c -std=gnu11 -fno-fat-lto-objects -H -Os -Wall -ffunction-sections -fdata-sections -flto -mmcu=atmega328p -DPLATFORMIO=50101 -DARDUINO_AVR_UNO -DF_CPU=16000000L -DARDUINO_ARCH_AVR -DARDUINO=10808 -I/home/jure/.platformio/packages/framework-arduino-avr/cores/arduino -I/home/jure/.platformio/packages/framework-arduino-avr/variants/standard /home/jure/.platformio/packages/framework-arduino-avr/cores/arduino/hooks.c
Multiple include guards may be useful for:
/home/jure/.platformio/packages/toolchain-atmelavr/lib/gcc/avr/7.3.0/include/stddef.h
avr-g++ -o .pio/build/uno/FrameworkArduino/main.cpp.o -c -fno-exceptions -fno-threadsafe-statics -fpermissive -std=gnu++11 -H -Os -Wall -ffunction-sections -fdata-sections -flto -mmcu=atmega328p -DPLATFORMIO=50101 -DARDUINO_AVR_UNO -DF_CPU=16000000L -DARDUINO_ARCH_AVR -DARDUINO=10808 -I/home/jure/.platformio/packages/framework-arduino-avr/cores/arduino -I/home/jure/.platformio/packages/framework-arduino-avr/variants/standard /home/jure/.platformio/packages/framework-arduino-avr/cores/arduino/main.cpp
avr-g++ -o .pio/build/uno/FrameworkArduino/new.cpp.o -c -fno-exceptions -fno-threadsafe-statics -fpermissive -std=gnu++11 -H -Os -Wall -ffunction-sections -fdata-sections -flto -mmcu=atmega328p -DPLATFORMIO=50101 -DARDUINO_AVR_UNO -DF_CPU=16000000L -DARDUINO_ARCH_AVR -DARDUINO=10808 -I/home/jure/.platformio/packages/framework-arduino-avr/cores/arduino -I/home/jure/.platformio/packages/framework-arduino-avr/variants/standard /home/jure/.platformio/packages/framework-arduino-avr/cores/arduino/new.cpp
. /home/jure/.platformio/packages/framework-arduino-avr/cores/arduino/Arduino.h
.. /home/jure/.platformio/packages/toolchain-atmelavr/avr/include/stdlib.h
... /home/jure/.platformio/packages/toolchain-atmelavr/lib/gcc/avr/7.3.0/include/stddef.h
.. /home/jure/.platformio/packages/toolchain-atmelavr/lib/gcc/avr/7.3.0/include/stdbool.h
.. /home/jure/.platformio/packages/toolchain-atmelavr/avr/include/string.h
... /home/jure/.platformio/packages/toolchain-atmelavr/lib/gcc/avr/7.3.0/include/stddef.h
.. /home/jure/.platformio/packages/toolchain-atmelavr/avr/include/math.h
.. /home/jure/.platformio/packages/toolchain-atmelavr/avr/include/avr/pgmspace.h
... /home/jure/.platformio/packages/toolchain-atmelavr/avr/include/inttypes.h
.... /home/jure/.platformio/packages/toolchain-atmelavr/lib/gcc/avr/7.3.0/include/stdint.h
..... /home/jure/.platformio/packages/toolchain-atmelavr/avr/include/stdint.h
... /home/jure/.platformio/packages/toolchain-atmelavr/lib/gcc/avr/7.3.0/include/stddef.h
... /home/jure/.platformio/packages/toolchain-atmelavr/avr/include/avr/io.h
.... /home/jure/.platformio/packages/toolchain-atmelavr/avr/include/avr/sfr_defs.h
.... /home/jure/.platformio/packages/toolchain-atmelavr/avr/include/avr/iom328p.h
.... /home/jure/.platformio/packages/toolchain-atmelavr/avr/include/avr/portpins.h
.... /home/jure/.platformio/packages/toolchain-atmelavr/avr/include/avr/common.h
.... /home/jure/.platformio/packages/toolchain-atmelavr/avr/include/avr/version.h
.... /home/jure/.platformio/packages/toolchain-atmelavr/avr/include/avr/fuse.h
.... /home/jure/.platformio/packages/toolchain-atmelavr/avr/include/avr/lock.h
.. /home/jure/.platformio/packages/toolchain-atmelavr/avr/include/avr/interrupt.h
.. /home/jure/.platformio/packages/framework-arduino-avr/cores/arduino/binary.h
.. /home/jure/.platformio/packages/framework-arduino-avr/cores/arduino/WCharacter.h
... /home/jure/.platformio/packages/toolchain-atmelavr/avr/include/ctype.h
.. /home/jure/.platformio/packages/framework-arduino-avr/cores/arduino/WString.h
avr-gcc -o .pio/build/uno/FrameworkArduino/wiring.c.o -c -std=gnu11 -fno-fat-lto-objects -H -Os -Wall -ffunction-sections -fdata-sections -flto -mmcu=atmega328p -DPLATFORMIO=50101 -DARDUINO_AVR_UNO -DF_CPU=16000000L -DARDUINO_ARCH_AVR -DARDUINO=10808 -I/home/jure/.platformio/packages/framework-arduino-avr/cores/arduino -I/home/jure/.platformio/packages/framework-arduino-avr/variants/standard /home/jure/.platformio/packages/framework-arduino-avr/cores/arduino/wiring.c
.. /home/jure/.platformio/packages/framework-arduino-avr/cores/arduino/HardwareSerial.h
... /home/jure/.platformio/packages/framework-arduino-avr/cores/arduino/Stream.h
.... /home/jure/.platformio/packages/framework-arduino-avr/cores/arduino/Print.h
..... /home/jure/.platformio/packages/toolchain-atmelavr/avr/include/stdio.h
...... /home/jure/.platformio/packages/toolchain-atmelavr/lib/gcc/avr/7.3.0/include/stdarg.h
...... /home/jure/.platformio/packages/toolchain-atmelavr/lib/gcc/avr/7.3.0/include/stddef.h
..... /home/jure/.platformio/packages/framework-arduino-avr/cores/arduino/Printable.h
.. /home/jure/.platformio/packages/framework-arduino-avr/cores/arduino/USBAPI.h
... /home/jure/.platformio/packages/toolchain-atmelavr/avr/include/avr/eeprom.h
.... /home/jure/.platformio/packages/toolchain-atmelavr/lib/gcc/avr/7.3.0/include/stddef.h
... /home/jure/.platformio/packages/toolchain-atmelavr/avr/include/util/delay.h
.... /home/jure/.platformio/packages/toolchain-atmelavr/avr/include/util/delay_basic.h
... /home/jure/.platformio/packages/framework-arduino-avr/cores/arduino/Arduino.h
.. /home/jure/.platformio/packages/framework-arduino-avr/variants/standard/pins_arduino.h
. /home/jure/.platformio/packages/toolchain-atmelavr/avr/include/stdlib.h
.. /home/jure/.platformio/packages/toolchain-atmelavr/lib/gcc/avr/7.3.0/include/stddef.h
avr-gcc -o .pio/build/uno/FrameworkArduino/wiring_analog.c.o -c -std=gnu11 -fno-fat-lto-objects -H -Os -Wall -ffunction-sections -fdata-sections -flto -mmcu=atmega328p -DPLATFORMIO=50101 -DARDUINO_AVR_UNO -DF_CPU=16000000L -DARDUINO_ARCH_AVR -DARDUINO=10808 -I/home/jure/.platformio/packages/framework-arduino-avr/cores/arduino -I/home/jure/.platformio/packages/framework-arduino-avr/variants/standard /home/jure/.platformio/packages/framework-arduino-avr/cores/arduino/wiring_analog.c
Multiple include guards may be useful for:
/home/jure/.platformio/packages/toolchain-atmelavr/lib/gcc/avr/7.3.0/include/stddef.h
. /home/jure/.platformio/packages/framework-arduino-avr/cores/arduino/wiring_private.h
.. /home/jure/.platformio/packages/toolchain-atmelavr/avr/include/avr/io.h
... /home/jure/.platformio/packages/toolchain-atmelavr/avr/include/avr/sfr_defs.h
.... /home/jure/.platformio/packages/toolchain-atmelavr/avr/include/inttypes.h
..... /home/jure/.platformio/packages/toolchain-atmelavr/lib/gcc/avr/7.3.0/include/stdint.h
...... /home/jure/.platformio/packages/toolchain-atmelavr/avr/include/stdint.h
... /home/jure/.platformio/packages/toolchain-atmelavr/avr/include/avr/iom328p.h
... /home/jure/.platformio/packages/toolchain-atmelavr/avr/include/avr/portpins.h
Multiple include guards may be useful for:
/home/jure/.platformio/packages/toolchain-atmelavr/avr/include/avr/iom328p.h
... /home/jure/.platformio/packages/toolchain-atmelavr/avr/include/avr/common.h
... /home/jure/.platformio/packages/toolchain-atmelavr/avr/include/avr/version.h
... /home/jure/.platformio/packages/toolchain-atmelavr/avr/include/avr/fuse.h
... /home/jure/.platformio/packages/toolchain-atmelavr/avr/include/avr/lock.h
.. /home/jure/.platformio/packages/toolchain-atmelavr/avr/include/avr/interrupt.h
.. /home/jure/.platformio/packages/toolchain-atmelavr/avr/include/stdio.h
... /home/jure/.platformio/packages/toolchain-atmelavr/lib/gcc/avr/7.3.0/include/stdarg.h
... /home/jure/.platformio/packages/toolchain-atmelavr/lib/gcc/avr/7.3.0/include/stddef.h
.. /home/jure/.platformio/packages/framework-arduino-avr/cores/arduino/Arduino.h
... /home/jure/.platformio/packages/toolchain-atmelavr/avr/include/stdlib.h
.... /home/jure/.platformio/packages/toolchain-atmelavr/lib/gcc/avr/7.3.0/include/stddef.h
... /home/jure/.platformio/packages/toolchain-atmelavr/lib/gcc/avr/7.3.0/include/stdbool.h
... /home/jure/.platformio/packages/toolchain-atmelavr/avr/include/string.h
.... /home/jure/.platformio/packages/toolchain-atmelavr/lib/gcc/avr/7.3.0/include/stddef.h
... /home/jure/.platformio/packages/toolchain-atmelavr/avr/include/math.h
. /home/jure/.platformio/packages/framework-arduino-avr/cores/arduino/wiring_private.h
... /home/jure/.platformio/packages/toolchain-atmelavr/avr/include/avr/pgmspace.h
.. /home/jure/.platformio/packages/toolchain-atmelavr/avr/include/avr/io.h
.... /home/jure/.platformio/packages/toolchain-atmelavr/lib/gcc/avr/7.3.0/include/stddef.h
... /home/jure/.platformio/packages/toolchain-atmelavr/avr/include/avr/sfr_defs.h
.... /home/jure/.platformio/packages/toolchain-atmelavr/avr/include/inttypes.h
..... /home/jure/.platformio/packages/toolchain-atmelavr/lib/gcc/avr/7.3.0/include/stdint.h
...... /home/jure/.platformio/packages/toolchain-atmelavr/avr/include/stdint.h
avr-gcc -o .pio/build/uno/FrameworkArduino/wiring_digital.c.o -c -std=gnu11 -fno-fat-lto-objects -H -Os -Wall -ffunction-sections -fdata-sections -flto -mmcu=atmega328p -DPLATFORMIO=50101 -DARDUINO_AVR_UNO -DF_CPU=16000000L -DARDUINO_ARCH_AVR -DARDUINO=10808 -I/home/jure/.platformio/packages/framework-arduino-avr/cores/arduino -I/home/jure/.platformio/packages/framework-arduino-avr/variants/standard /home/jure/.platformio/packages/framework-arduino-avr/cores/arduino/wiring_digital.c
... /home/jure/.platformio/packages/toolchain-atmelavr/avr/include/avr/iom328p.h
... /home/jure/.platformio/packages/framework-arduino-avr/cores/arduino/binary.h
... /home/jure/.platformio/packages/framework-arduino-avr/variants/standard/pins_arduino.h
... /home/jure/.platformio/packages/toolchain-atmelavr/avr/include/avr/portpins.h
... /home/jure/.platformio/packages/toolchain-atmelavr/avr/include/avr/common.h
... /home/jure/.platformio/packages/toolchain-atmelavr/avr/include/avr/version.h
... /home/jure/.platformio/packages/toolchain-atmelavr/avr/include/avr/fuse.h
... /home/jure/.platformio/packages/toolchain-atmelavr/avr/include/avr/lock.h
.. /home/jure/.platformio/packages/toolchain-atmelavr/avr/include/avr/interrupt.h
.. /home/jure/.platformio/packages/toolchain-atmelavr/avr/include/stdio.h
... /home/jure/.platformio/packages/toolchain-atmelavr/lib/gcc/avr/7.3.0/include/stdarg.h
... /home/jure/.platformio/packages/toolchain-atmelavr/lib/gcc/avr/7.3.0/include/stddef.h
.. /home/jure/.platformio/packages/framework-arduino-avr/cores/arduino/Arduino.h
... /home/jure/.platformio/packages/toolchain-atmelavr/avr/include/stdlib.h
.... /home/jure/.platformio/packages/toolchain-atmelavr/lib/gcc/avr/7.3.0/include/stddef.h
... /home/jure/.platformio/packages/toolchain-atmelavr/lib/gcc/avr/7.3.0/include/stdbool.h
... /home/jure/.platformio/packages/toolchain-atmelavr/avr/include/string.h
.... /home/jure/.platformio/packages/toolchain-atmelavr/lib/gcc/avr/7.3.0/include/stddef.h
... /home/jure/.platformio/packages/toolchain-atmelavr/avr/include/math.h
... /home/jure/.platformio/packages/toolchain-atmelavr/avr/include/avr/pgmspace.h
.... /home/jure/.platformio/packages/toolchain-atmelavr/lib/gcc/avr/7.3.0/include/stddef.h
... /home/jure/.platformio/packages/framework-arduino-avr/cores/arduino/binary.h
... /home/jure/.platformio/packages/framework-arduino-avr/variants/standard/pins_arduino.h
Multiple include guards may be useful for:
/home/jure/.platformio/packages/toolchain-atmelavr/avr/include/avr/iom328p.h
Multiple include guards may be useful for:
/home/jure/.platformio/packages/toolchain-atmelavr/avr/include/avr/iom328p.h
. /home/jure/.platformio/packages/framework-arduino-avr/cores/arduino/wiring_private.h
.. /home/jure/.platformio/packages/toolchain-atmelavr/avr/include/avr/io.h
... /home/jure/.platformio/packages/toolchain-atmelavr/avr/include/avr/sfr_defs.h
.... /home/jure/.platformio/packages/toolchain-atmelavr/avr/include/inttypes.h
..... /home/jure/.platformio/packages/toolchain-atmelavr/lib/gcc/avr/7.3.0/include/stdint.h
...... /home/jure/.platformio/packages/toolchain-atmelavr/avr/include/stdint.h
avr-gcc -x assembler-with-cpp -H -Os -Wall -ffunction-sections -fdata-sections -flto -mmcu=atmega328p -DPLATFORMIO=50101 -DARDUINO_AVR_UNO -DF_CPU=16000000L -DARDUINO_ARCH_AVR -DARDUINO=10808 -I/home/jure/.platformio/packages/framework-arduino-avr/cores/arduino -I/home/jure/.platformio/packages/framework-arduino-avr/variants/standard -c -o .pio/build/uno/FrameworkArduino/wiring_pulse.S.o /home/jure/.platformio/packages/framework-arduino-avr/cores/arduino/wiring_pulse.S
... /home/jure/.platformio/packages/toolchain-atmelavr/avr/include/avr/iom328p.h
... /home/jure/.platformio/packages/toolchain-atmelavr/avr/include/avr/portpins.h
... /home/jure/.platformio/packages/toolchain-atmelavr/avr/include/avr/common.h
... /home/jure/.platformio/packages/toolchain-atmelavr/avr/include/avr/version.h
... /home/jure/.platformio/packages/toolchain-atmelavr/avr/include/avr/fuse.h
... /home/jure/.platformio/packages/toolchain-atmelavr/avr/include/avr/lock.h
.. /home/jure/.platformio/packages/toolchain-atmelavr/avr/include/avr/interrupt.h
.. /home/jure/.platformio/packages/toolchain-atmelavr/avr/include/stdio.h
... /home/jure/.platformio/packages/toolchain-atmelavr/lib/gcc/avr/7.3.0/include/stdarg.h
... /home/jure/.platformio/packages/toolchain-atmelavr/lib/gcc/avr/7.3.0/include/stddef.h
.. /home/jure/.platformio/packages/framework-arduino-avr/cores/arduino/Arduino.h
... /home/jure/.platformio/packages/toolchain-atmelavr/avr/include/stdlib.h
.... /home/jure/.platformio/packages/toolchain-atmelavr/lib/gcc/avr/7.3.0/include/stddef.h
... /home/jure/.platformio/packages/toolchain-atmelavr/lib/gcc/avr/7.3.0/include/stdbool.h
... /home/jure/.platformio/packages/toolchain-atmelavr/avr/include/string.h
.... /home/jure/.platformio/packages/toolchain-atmelavr/lib/gcc/avr/7.3.0/include/stddef.h
... /home/jure/.platformio/packages/toolchain-atmelavr/avr/include/math.h
... /home/jure/.platformio/packages/toolchain-atmelavr/avr/include/avr/pgmspace.h
.... /home/jure/.platformio/packages/toolchain-atmelavr/lib/gcc/avr/7.3.0/include/stddef.h
... /home/jure/.platformio/packages/framework-arduino-avr/cores/arduino/binary.h
... /home/jure/.platformio/packages/framework-arduino-avr/variants/standard/pins_arduino.h
avr-gcc -o .pio/build/uno/FrameworkArduino/wiring_pulse.c.o -c -std=gnu11 -fno-fat-lto-objects -H -Os -Wall -ffunction-sections -fdata-sections -flto -mmcu=atmega328p -DPLATFORMIO=50101 -DARDUINO_AVR_UNO -DF_CPU=16000000L -DARDUINO_ARCH_AVR -DARDUINO=10808 -I/home/jure/.platformio/packages/framework-arduino-avr/cores/arduino -I/home/jure/.platformio/packages/framework-arduino-avr/variants/standard /home/jure/.platformio/packages/framework-arduino-avr/cores/arduino/wiring_pulse.c
. /home/jure/.platformio/packages/toolchain-atmelavr/avr/include/avr/io.h
.. /home/jure/.platformio/packages/toolchain-atmelavr/avr/include/avr/sfr_defs.h
Multiple include guards may be useful for:
/home/jure/.platformio/packages/toolchain-atmelavr/avr/include/avr/iom328p.h
.. /home/jure/.platformio/packages/toolchain-atmelavr/avr/include/avr/iom328p.h
.. /home/jure/.platformio/packages/toolchain-atmelavr/avr/include/avr/portpins.h
.. /home/jure/.platformio/packages/toolchain-atmelavr/avr/include/avr/common.h
.. /home/jure/.platformio/packages/toolchain-atmelavr/avr/include/avr/version.h
.. /home/jure/.platformio/packages/toolchain-atmelavr/avr/include/avr/fuse.h
.. /home/jure/.platformio/packages/toolchain-atmelavr/avr/include/avr/lock.h
Multiple include guards may be useful for:
/home/jure/.platformio/packages/toolchain-atmelavr/avr/include/avr/iom328p.h
Multiple include guards may be useful for:
/home/jure/.platformio/packages/toolchain-atmelavr/avr/include/avr/iom328p.h
avr-gcc -o .pio/build/uno/FrameworkArduino/wiring_shift.c.o -c -std=gnu11 -fno-fat-lto-objects -H -Os -Wall -ffunction-sections -fdata-sections -flto -mmcu=atmega328p -DPLATFORMIO=50101 -DARDUINO_AVR_UNO -DF_CPU=16000000L -DARDUINO_ARCH_AVR -DARDUINO=10808 -I/home/jure/.platformio/packages/framework-arduino-avr/cores/arduino -I/home/jure/.platformio/packages/framework-arduino-avr/variants/standard /home/jure/.platformio/packages/framework-arduino-avr/cores/arduino/wiring_shift.c
. /home/jure/.platformio/packages/framework-arduino-avr/cores/arduino/wiring_private.h
.. /home/jure/.platformio/packages/toolchain-atmelavr/avr/include/avr/io.h
... /home/jure/.platformio/packages/toolchain-atmelavr/avr/include/avr/sfr_defs.h
.... /home/jure/.platformio/packages/toolchain-atmelavr/avr/include/inttypes.h
..... /home/jure/.platformio/packages/toolchain-atmelavr/lib/gcc/avr/7.3.0/include/stdint.h
...... /home/jure/.platformio/packages/toolchain-atmelavr/avr/include/stdint.h
... /home/jure/.platformio/packages/toolchain-atmelavr/avr/include/avr/iom328p.h
... /home/jure/.platformio/packages/toolchain-atmelavr/avr/include/avr/portpins.h
... /home/jure/.platformio/packages/toolchain-atmelavr/avr/include/avr/common.h
... /home/jure/.platformio/packages/toolchain-atmelavr/avr/include/avr/version.h
... /home/jure/.platformio/packages/toolchain-atmelavr/avr/include/avr/fuse.h
... /home/jure/.platformio/packages/toolchain-atmelavr/avr/include/avr/lock.h
.. /home/jure/.platformio/packages/toolchain-atmelavr/avr/include/avr/interrupt.h
.. /home/jure/.platformio/packages/toolchain-atmelavr/avr/include/stdio.h
... /home/jure/.platformio/packages/toolchain-atmelavr/lib/gcc/avr/7.3.0/include/stdarg.h
... /home/jure/.platformio/packages/toolchain-atmelavr/lib/gcc/avr/7.3.0/include/stddef.h
.. /home/jure/.platformio/packages/framework-arduino-avr/cores/arduino/Arduino.h
... /home/jure/.platformio/packages/toolchain-atmelavr/avr/include/stdlib.h
.... /home/jure/.platformio/packages/toolchain-atmelavr/lib/gcc/avr/7.3.0/include/stddef.h
... /home/jure/.platformio/packages/toolchain-atmelavr/lib/gcc/avr/7.3.0/include/stdbool.h
... /home/jure/.platformio/packages/toolchain-atmelavr/avr/include/string.h
.... /home/jure/.platformio/packages/toolchain-atmelavr/lib/gcc/avr/7.3.0/include/stddef.h
... /home/jure/.platformio/packages/toolchain-atmelavr/avr/include/math.h
... /home/jure/.platformio/packages/toolchain-atmelavr/avr/include/avr/pgmspace.h
.... /home/jure/.platformio/packages/toolchain-atmelavr/lib/gcc/avr/7.3.0/include/stddef.h
... /home/jure/.platformio/packages/framework-arduino-avr/cores/arduino/binary.h
... /home/jure/.platformio/packages/framework-arduino-avr/variants/standard/pins_arduino.h
. /home/jure/.platformio/packages/framework-arduino-avr/cores/arduino/wiring_private.h
.. /home/jure/.platformio/packages/toolchain-atmelavr/avr/include/avr/io.h
... /home/jure/.platformio/packages/toolchain-atmelavr/avr/include/avr/sfr_defs.h
.... /home/jure/.platformio/packages/toolchain-atmelavr/avr/include/inttypes.h
..... /home/jure/.platformio/packages/toolchain-atmelavr/lib/gcc/avr/7.3.0/include/stdint.h
...... /home/jure/.platformio/packages/toolchain-atmelavr/avr/include/stdint.h
... /home/jure/.platformio/packages/toolchain-atmelavr/avr/include/avr/iom328p.h
... /home/jure/.platformio/packages/toolchain-atmelavr/avr/include/avr/portpins.h
... /home/jure/.platformio/packages/toolchain-atmelavr/avr/include/avr/common.h
... /home/jure/.platformio/packages/toolchain-atmelavr/avr/include/avr/version.h
... /home/jure/.platformio/packages/toolchain-atmelavr/avr/include/avr/fuse.h
... /home/jure/.platformio/packages/toolchain-atmelavr/avr/include/avr/lock.h
.. /home/jure/.platformio/packages/toolchain-atmelavr/avr/include/avr/interrupt.h
.. /home/jure/.platformio/packages/toolchain-atmelavr/avr/include/stdio.h
... /home/jure/.platformio/packages/toolchain-atmelavr/lib/gcc/avr/7.3.0/include/stdarg.h
... /home/jure/.platformio/packages/toolchain-atmelavr/lib/gcc/avr/7.3.0/include/stddef.h
Multiple include guards may be useful for:
/home/jure/.platformio/packages/toolchain-atmelavr/avr/include/avr/iom328p.h
.. /home/jure/.platformio/packages/framework-arduino-avr/cores/arduino/Arduino.h
... /home/jure/.platformio/packages/toolchain-atmelavr/avr/include/stdlib.h
.... /home/jure/.platformio/packages/toolchain-atmelavr/lib/gcc/avr/7.3.0/include/stddef.h
... /home/jure/.platformio/packages/toolchain-atmelavr/lib/gcc/avr/7.3.0/include/stdbool.h
... /home/jure/.platformio/packages/toolchain-atmelavr/avr/include/string.h
.... /home/jure/.platformio/packages/toolchain-atmelavr/lib/gcc/avr/7.3.0/include/stddef.h
... /home/jure/.platformio/packages/toolchain-atmelavr/avr/include/math.h
... /home/jure/.platformio/packages/toolchain-atmelavr/avr/include/avr/pgmspace.h
.... /home/jure/.platformio/packages/toolchain-atmelavr/lib/gcc/avr/7.3.0/include/stddef.h
... /home/jure/.platformio/packages/framework-arduino-avr/cores/arduino/binary.h
... /home/jure/.platformio/packages/framework-arduino-avr/variants/standard/pins_arduino.h
Multiple include guards may be useful for:
/home/jure/.platformio/packages/toolchain-atmelavr/avr/include/avr/iom328p.h
avr-gcc-ar rc .pio/build/uno/libFrameworkArduino.a .pio/build/uno/FrameworkArduino/CDC.cpp.o .pio/build/uno/FrameworkArduino/HardwareSerial.cpp.o .pio/build/uno/FrameworkArduino/HardwareSerial0.cpp.o .pio/build/uno/FrameworkArduino/HardwareSerial1.cpp.o .pio/build/uno/FrameworkArduino/HardwareSerial2.cpp.o .pio/build/uno/FrameworkArduino/HardwareSerial3.cpp.o .pio/build/uno/FrameworkArduino/IPAddress.cpp.o .pio/build/uno/FrameworkArduino/PluggableUSB.cpp.o .pio/build/uno/FrameworkArduino/Print.cpp.o .pio/build/uno/FrameworkArduino/Stream.cpp.o .pio/build/uno/FrameworkArduino/Tone.cpp.o .pio/build/uno/FrameworkArduino/USBCore.cpp.o .pio/build/uno/FrameworkArduino/WInterrupts.c.o .pio/build/uno/FrameworkArduino/WMath.cpp.o .pio/build/uno/FrameworkArduino/WString.cpp.o .pio/build/uno/FrameworkArduino/abi.cpp.o .pio/build/uno/FrameworkArduino/hooks.c.o .pio/build/uno/FrameworkArduino/main.cpp.o .pio/build/uno/FrameworkArduino/new.cpp.o .pio/build/uno/FrameworkArduino/wiring.c.o .pio/build/uno/FrameworkArduino/wiring_analog.c.o .pio/build/uno/FrameworkArduino/wiring_digital.c.o .pio/build/uno/FrameworkArduino/wiring_pulse.S.o .pio/build/uno/FrameworkArduino/wiring_pulse.c.o .pio/build/uno/FrameworkArduino/wiring_shift.c.o
avr-gcc-ranlib .pio/build/uno/libFrameworkArduino.a
avr-g++ -o .pio/build/uno/firmware.elf -Os -mmcu=atmega328p -Wl,--gc-sections -flto -fuse-linker-plugin .pio/build/uno/src/main.cpp.o -L.pio/build/uno -Wl,--start-group .pio/build/uno/libe4f/libAssert.a .pio/build/uno/lib191/libSPI.a .pio/build/uno/lib643/libADS1256.a .pio/build/uno/libFrameworkArduinoVariant.a .pio/build/uno/libFrameworkArduino.a -lm -Wl,--end-group
MethodWrapper(["checkprogsize"], [".pio/build/uno/firmware.elf"])
Advanced Memory Usage is available via "PlatformIO Home > Project Inspect"
RAM:   [=         ]  13.7% (used 280 bytes from 2048 bytes)
Flash: [=         ]   5.9% (used 1910 bytes from 32256 bytes)
.pio/build/uno/firmware.elf  :
section                    size      addr
.data                       114   8388864
.text                      1796         0
.bss                        166   8388978
.comment                     17         0
.note.gnu.avr.deviceinfo     64         0
.debug_aranges              160         0
.debug_info                2379         0
.debug_abbrev              1542         0
.debug_line                 678         0
.debug_str                  520         0
Total                      7436
avr-objcopy -O ihex -R .eeprom .pio/build/uno/firmware.elf .pio/build/uno/firmware.hex
========================= [SUCCESS] Took 0.91 seconds =========================
