Processing uno (platform: atmelavr; board: uno; framework: arduino)
--------------------------------------------------------------------------------
Verbose mode can be enabled via `-v, --verbose` option
CONFIGURATION: https://docs.platformio.org/page/boards/atmelavr/uno.html
PLATFORM: Atmel AVR (3.3.0) > Arduino Uno
HARDWARE: ATMEGA328P 16MHz, 2KB RAM, 31.50KB Flash
DEBUG: Current (avr-stub) On-board (avr-stub, simavr)
PACKAGES: 
 - framework-arduino-avr 5.1.0 
 - toolchain-atmelavr 1.70300.191015 (7.3.0)
LDF: Library Dependency Finder -> http://bit.ly/configure-pio-ldf
LDF Modes: Finder ~ chain, Compatibility ~ soft
Found 7 compatible libraries
Scanning dependencies...
Dependency Graph
|-- <ADS1256>
|   |-- <SPI> 1.0
|-- <SPI> 1.0
Building in release mode
Compiling .pio/build/uno/src/assert.cpp.o
Compiling .pio/build/uno/src/main.cpp.o
. include/assert.h
. /home/jure/.platformio/packages/framework-arduino-avr/cores/arduino/Arduino.h
.. /home/jure/.platformio/packages/toolchain-atmelavr/avr/include/stdlib.h
... /home/jure/.platformio/packages/toolchain-atmelavr/lib/gcc/avr/7.3.0/include/stddef.h
.. /home/jure/.platformio/packages/toolchain-atmelavr/lib/gcc/avr/7.3.0/include/stdbool.h
Compiling .pio/build/uno/lib191/SPI/SPI.cpp.o
.. /home/jure/.platformio/packages/toolchain-atmelavr/avr/include/string.h
... /home/jure/.platformio/packages/toolchain-atmelavr/lib/gcc/avr/7.3.0/include/stddef.h
.. /home/jure/.platformio/packages/toolchain-atmelavr/avr/include/math.h
.. /home/jure/.platformio/packages/toolchain-atmelavr/avr/include/avr/pgmspace.h
... /home/jure/.platformio/packages/toolchain-atmelavr/avr/include/inttypes.h
.... /home/jure/.platformio/packages/toolchain-atmelavr/lib/gcc/avr/7.3.0/include/stdint.h
..... /home/jure/.platformio/packages/toolchain-atmelavr/avr/include/stdint.h
... /home/jure/.platformio/packages/toolchain-atmelavr/lib/gcc/avr/7.3.0/include/stddef.h
... /home/jure/.platformio/packages/toolchain-atmelavr/avr/include/avr/io.h
.... /home/jure/.platformio/packages/toolchain-atmelavr/avr/include/avr/sfr_defs.h
.... /home/jure/.platformio/packages/toolchain-atmelavr/avr/include/avr/iom328p.h
.... /home/jure/.platformio/packages/toolchain-atmelavr/avr/include/avr/portpins.h
.... /home/jure/.platformio/packages/toolchain-atmelavr/avr/include/avr/common.h
.... /home/jure/.platformio/packages/toolchain-atmelavr/avr/include/avr/version.h
.... /home/jure/.platformio/packages/toolchain-atmelavr/avr/include/avr/fuse.h
.... /home/jure/.platformio/packages/toolchain-atmelavr/avr/include/avr/lock.h
.. /home/jure/.platformio/packages/toolchain-atmelavr/avr/include/avr/interrupt.h
.. /home/jure/.platformio/packages/framework-arduino-avr/cores/arduino/binary.h
.. /home/jure/.platformio/packages/framework-arduino-avr/cores/arduino/WCharacter.h
... /home/jure/.platformio/packages/toolchain-atmelavr/avr/include/ctype.h
.. /home/jure/.platformio/packages/framework-arduino-avr/cores/arduino/WString.h
.. /home/jure/.platformio/packages/framework-arduino-avr/cores/arduino/HardwareSerial.h
... /home/jure/.platformio/packages/framework-arduino-avr/cores/arduino/Stream.h
.... /home/jure/.platformio/packages/framework-arduino-avr/cores/arduino/Print.h
..... /home/jure/.platformio/packages/toolchain-atmelavr/avr/include/stdio.h
...... /home/jure/.platformio/packages/toolchain-atmelavr/lib/gcc/avr/7.3.0/include/stdarg.h
...... /home/jure/.platformio/packages/toolchain-atmelavr/lib/gcc/avr/7.3.0/include/stddef.h
..... /home/jure/.platformio/packages/framework-arduino-avr/cores/arduino/Printable.h
.. /home/jure/.platformio/packages/framework-arduino-avr/cores/arduino/USBAPI.h
... /home/jure/.platformio/packages/toolchain-atmelavr/avr/include/avr/eeprom.h
.... /home/jure/.platformio/packages/toolchain-atmelavr/lib/gcc/avr/7.3.0/include/stddef.h
... /home/jure/.platformio/packages/toolchain-atmelavr/avr/include/util/delay.h
.... /home/jure/.platformio/packages/toolchain-atmelavr/avr/include/util/delay_basic.h
... /home/jure/.platformio/packages/framework-arduino-avr/cores/arduino/Arduino.h
.. /home/jure/.platformio/packages/framework-arduino-avr/variants/standard/pins_arduino.h
. /home/jure/.platformio/packages/framework-arduino-avr/cores/arduino/Arduino.h
.. /home/jure/.platformio/packages/toolchain-atmelavr/avr/include/stdlib.h
... /home/jure/.platformio/packages/toolchain-atmelavr/lib/gcc/avr/7.3.0/include/stddef.h
.. /home/jure/.platformio/packages/toolchain-atmelavr/lib/gcc/avr/7.3.0/include/stdbool.h
.. /home/jure/.platformio/packages/toolchain-atmelavr/avr/include/string.h
... /home/jure/.platformio/packages/toolchain-atmelavr/lib/gcc/avr/7.3.0/include/stddef.h
.. /home/jure/.platformio/packages/toolchain-atmelavr/avr/include/math.h
.. /home/jure/.platformio/packages/toolchain-atmelavr/avr/include/avr/pgmspace.h
... /home/jure/.platformio/packages/toolchain-atmelavr/avr/include/inttypes.h
.... /home/jure/.platformio/packages/toolchain-atmelavr/lib/gcc/avr/7.3.0/include/stdint.h
..... /home/jure/.platformio/packages/toolchain-atmelavr/avr/include/stdint.h
... /home/jure/.platformio/packages/toolchain-atmelavr/lib/gcc/avr/7.3.0/include/stddef.h
... /home/jure/.platformio/packages/toolchain-atmelavr/avr/include/avr/io.h
.... /home/jure/.platformio/packages/toolchain-atmelavr/avr/include/avr/sfr_defs.h
.... /home/jure/.platformio/packages/toolchain-atmelavr/avr/include/avr/iom328p.h
.... /home/jure/.platformio/packages/toolchain-atmelavr/avr/include/avr/portpins.h
.... /home/jure/.platformio/packages/toolchain-atmelavr/avr/include/avr/common.h
.... /home/jure/.platformio/packages/toolchain-atmelavr/avr/include/avr/version.h
Compiling .pio/build/uno/lib643/ADS1256/ads1256.cpp.o
.... /home/jure/.platformio/packages/toolchain-atmelavr/avr/include/avr/fuse.h
.... /home/jure/.platformio/packages/toolchain-atmelavr/avr/include/avr/lock.h
. /home/jure/.platformio/packages/framework-arduino-avr/libraries/SPI/src/SPI.h
.. /home/jure/.platformio/packages/framework-arduino-avr/cores/arduino/Arduino.h
.. /home/jure/.platformio/packages/toolchain-atmelavr/avr/include/avr/interrupt.h
... /home/jure/.platformio/packages/toolchain-atmelavr/avr/include/stdlib.h
.... /home/jure/.platformio/packages/toolchain-atmelavr/lib/gcc/avr/7.3.0/include/stddef.h
.. /home/jure/.platformio/packages/framework-arduino-avr/cores/arduino/binary.h
... /home/jure/.platformio/packages/toolchain-atmelavr/lib/gcc/avr/7.3.0/include/stdbool.h
... /home/jure/.platformio/packages/toolchain-atmelavr/avr/include/string.h
.... /home/jure/.platformio/packages/toolchain-atmelavr/lib/gcc/avr/7.3.0/include/stddef.h
.. /home/jure/.platformio/packages/framework-arduino-avr/cores/arduino/WCharacter.h
... /home/jure/.platformio/packages/toolchain-atmelavr/avr/include/ctype.h
... /home/jure/.platformio/packages/toolchain-atmelavr/avr/include/math.h
.. /home/jure/.platformio/packages/framework-arduino-avr/cores/arduino/WString.h
... /home/jure/.platformio/packages/toolchain-atmelavr/avr/include/avr/pgmspace.h
.... /home/jure/.platformio/packages/toolchain-atmelavr/avr/include/inttypes.h
..... /home/jure/.platformio/packages/toolchain-atmelavr/lib/gcc/avr/7.3.0/include/stdint.h
...... /home/jure/.platformio/packages/toolchain-atmelavr/avr/include/stdint.h
.. /home/jure/.platformio/packages/framework-arduino-avr/cores/arduino/HardwareSerial.h
... /home/jure/.platformio/packages/framework-arduino-avr/cores/arduino/Stream.h
.... /home/jure/.platformio/packages/framework-arduino-avr/cores/arduino/Print.h
.... /home/jure/.platformio/packages/toolchain-atmelavr/lib/gcc/avr/7.3.0/include/stddef.h
..... /home/jure/.platformio/packages/toolchain-atmelavr/avr/include/stdio.h
...... /home/jure/.platformio/packages/toolchain-atmelavr/lib/gcc/avr/7.3.0/include/stdarg.h
.... /home/jure/.platformio/packages/toolchain-atmelavr/avr/include/avr/io.h
...... /home/jure/.platformio/packages/toolchain-atmelavr/lib/gcc/avr/7.3.0/include/stddef.h
..... /home/jure/.platformio/packages/toolchain-atmelavr/avr/include/avr/sfr_defs.h
Archiving .pio/build/uno/libFrameworkArduinoVariant.a
..... /home/jure/.platformio/packages/toolchain-atmelavr/avr/include/avr/iom328p.h
..... /home/jure/.platformio/packages/framework-arduino-avr/cores/arduino/Printable.h
.. /home/jure/.platformio/packages/framework-arduino-avr/cores/arduino/USBAPI.h
... /home/jure/.platformio/packages/toolchain-atmelavr/avr/include/avr/eeprom.h
.... /home/jure/.platformio/packages/toolchain-atmelavr/lib/gcc/avr/7.3.0/include/stddef.h
..... /home/jure/.platformio/packages/toolchain-atmelavr/avr/include/avr/portpins.h
... /home/jure/.platformio/packages/toolchain-atmelavr/avr/include/util/delay.h
.... /home/jure/.platformio/packages/toolchain-atmelavr/avr/include/util/delay_basic.h
... /home/jure/.platformio/packages/framework-arduino-avr/cores/arduino/Arduino.h
..... /home/jure/.platformio/packages/toolchain-atmelavr/avr/include/avr/common.h
..... /home/jure/.platformio/packages/toolchain-atmelavr/avr/include/avr/version.h
..... /home/jure/.platformio/packages/toolchain-atmelavr/avr/include/avr/fuse.h
.. /home/jure/.platformio/packages/framework-arduino-avr/variants/standard/pins_arduino.h
..... /home/jure/.platformio/packages/toolchain-atmelavr/avr/include/avr/lock.h
. /home/jure/.platformio/packages/framework-arduino-avr/libraries/SPI/src/SPI.h
. include/assert.h
. lib/ADS1256/ads1256.h
... /home/jure/.platformio/packages/toolchain-atmelavr/avr/include/avr/interrupt.h
... /home/jure/.platformio/packages/framework-arduino-avr/cores/arduino/binary.h
... /home/jure/.platformio/packages/framework-arduino-avr/cores/arduino/WCharacter.h
.... /home/jure/.platformio/packages/toolchain-atmelavr/avr/include/ctype.h
... /home/jure/.platformio/packages/framework-arduino-avr/cores/arduino/WString.h
... /home/jure/.platformio/packages/framework-arduino-avr/cores/arduino/HardwareSerial.h
.... /home/jure/.platformio/packages/framework-arduino-avr/cores/arduino/Stream.h
..... /home/jure/.platformio/packages/framework-arduino-avr/cores/arduino/Print.h
...... /home/jure/.platformio/packages/toolchain-atmelavr/avr/include/stdio.h
....... /home/jure/.platformio/packages/toolchain-atmelavr/lib/gcc/avr/7.3.0/include/stdarg.h
....... /home/jure/.platformio/packages/toolchain-atmelavr/lib/gcc/avr/7.3.0/include/stddef.h
...... /home/jure/.platformio/packages/framework-arduino-avr/cores/arduino/Printable.h
... /home/jure/.platformio/packages/framework-arduino-avr/cores/arduino/USBAPI.h
.... /home/jure/.platformio/packages/toolchain-atmelavr/avr/include/avr/eeprom.h
..... /home/jure/.platformio/packages/toolchain-atmelavr/lib/gcc/avr/7.3.0/include/stddef.h
.... /home/jure/.platformio/packages/toolchain-atmelavr/avr/include/util/delay.h
..... /home/jure/.platformio/packages/toolchain-atmelavr/avr/include/util/delay_basic.h
.... /home/jure/.platformio/packages/framework-arduino-avr/cores/arduino/Arduino.h
... /home/jure/.platformio/packages/framework-arduino-avr/variants/standard/pins_arduino.h
Multiple include guards may be useful for:
/home/jure/.platformio/packages/toolchain-atmelavr/avr/include/avr/iom328p.h
Indexing .pio/build/uno/libFrameworkArduinoVariant.a
. lib/ADS1256/ads1256.h
. lib/ADS1256/ads1256_regmap.h
. /home/jure/.platformio/packages/framework-arduino-avr/cores/arduino/Arduino.h
.. /home/jure/.platformio/packages/toolchain-atmelavr/avr/include/stdlib.h
... /home/jure/.platformio/packages/toolchain-atmelavr/lib/gcc/avr/7.3.0/include/stddef.h
.. /home/jure/.platformio/packages/toolchain-atmelavr/lib/gcc/avr/7.3.0/include/stdbool.h
.. /home/jure/.platformio/packages/toolchain-atmelavr/avr/include/string.h
... /home/jure/.platformio/packages/toolchain-atmelavr/lib/gcc/avr/7.3.0/include/stddef.h
.. /home/jure/.platformio/packages/toolchain-atmelavr/avr/include/math.h
.. /home/jure/.platformio/packages/toolchain-atmelavr/avr/include/avr/pgmspace.h
... /home/jure/.platformio/packages/toolchain-atmelavr/avr/include/inttypes.h
.... /home/jure/.platformio/packages/toolchain-atmelavr/lib/gcc/avr/7.3.0/include/stdint.h
..... /home/jure/.platformio/packages/toolchain-atmelavr/avr/include/stdint.h
... /home/jure/.platformio/packages/toolchain-atmelavr/lib/gcc/avr/7.3.0/include/stddef.h
... /home/jure/.platformio/packages/toolchain-atmelavr/avr/include/avr/io.h
Compiling .pio/build/uno/FrameworkArduino/CDC.cpp.o
.... /home/jure/.platformio/packages/toolchain-atmelavr/avr/include/avr/sfr_defs.h
.... /home/jure/.platformio/packages/toolchain-atmelavr/avr/include/avr/iom328p.h
.... /home/jure/.platformio/packages/toolchain-atmelavr/avr/include/avr/portpins.h
.... /home/jure/.platformio/packages/toolchain-atmelavr/avr/include/avr/common.h
.... /home/jure/.platformio/packages/toolchain-atmelavr/avr/include/avr/version.h
Multiple include guards may be useful for:
/home/jure/.platformio/packages/toolchain-atmelavr/avr/include/avr/iom328p.h
.... /home/jure/.platformio/packages/toolchain-atmelavr/avr/include/avr/fuse.h
.... /home/jure/.platformio/packages/toolchain-atmelavr/avr/include/avr/lock.h
.. /home/jure/.platformio/packages/toolchain-atmelavr/avr/include/avr/interrupt.h
.. /home/jure/.platformio/packages/framework-arduino-avr/cores/arduino/binary.h
.. /home/jure/.platformio/packages/framework-arduino-avr/cores/arduino/WCharacter.h
... /home/jure/.platformio/packages/toolchain-atmelavr/avr/include/ctype.h
.. /home/jure/.platformio/packages/framework-arduino-avr/cores/arduino/WString.h
.. /home/jure/.platformio/packages/framework-arduino-avr/cores/arduino/HardwareSerial.h
... /home/jure/.platformio/packages/framework-arduino-avr/cores/arduino/Stream.h
.... /home/jure/.platformio/packages/framework-arduino-avr/cores/arduino/Print.h
..... /home/jure/.platformio/packages/toolchain-atmelavr/avr/include/stdio.h
...... /home/jure/.platformio/packages/toolchain-atmelavr/lib/gcc/avr/7.3.0/include/stdarg.h
...... /home/jure/.platformio/packages/toolchain-atmelavr/lib/gcc/avr/7.3.0/include/stddef.h
..... /home/jure/.platformio/packages/framework-arduino-avr/cores/arduino/Printable.h
.. /home/jure/.platformio/packages/framework-arduino-avr/cores/arduino/USBAPI.h
... /home/jure/.platformio/packages/toolchain-atmelavr/avr/include/avr/eeprom.h
.... /home/jure/.platformio/packages/toolchain-atmelavr/lib/gcc/avr/7.3.0/include/stddef.h
... /home/jure/.platformio/packages/toolchain-atmelavr/avr/include/util/delay.h
.... /home/jure/.platformio/packages/toolchain-atmelavr/avr/include/util/delay_basic.h
... /home/jure/.platformio/packages/framework-arduino-avr/cores/arduino/Arduino.h
.. /home/jure/.platformio/packages/framework-arduino-avr/variants/standard/pins_arduino.h
. /home/jure/.platformio/packages/framework-arduino-avr/libraries/SPI/src/SPI.h
. /home/jure/.platformio/packages/toolchain-atmelavr/avr/include/assert.h
Multiple include guards may be useful for:
/home/jure/.platformio/packages/toolchain-atmelavr/avr/include/avr/iom328p.h
Compiling .pio/build/uno/FrameworkArduino/HardwareSerial.cpp.o
. /home/jure/.platformio/packages/framework-arduino-avr/cores/arduino/USBAPI.h
.. /home/jure/.platformio/packages/toolchain-atmelavr/avr/include/inttypes.h
... /home/jure/.platformio/packages/toolchain-atmelavr/lib/gcc/avr/7.3.0/include/stdint.h
.... /home/jure/.platformio/packages/toolchain-atmelavr/avr/include/stdint.h
.. /home/jure/.platformio/packages/toolchain-atmelavr/avr/include/avr/pgmspace.h
... /home/jure/.platformio/packages/toolchain-atmelavr/lib/gcc/avr/7.3.0/include/stddef.h
... /home/jure/.platformio/packages/toolchain-atmelavr/avr/include/avr/io.h
.... /home/jure/.platformio/packages/toolchain-atmelavr/avr/include/avr/sfr_defs.h
.... /home/jure/.platformio/packages/toolchain-atmelavr/avr/include/avr/iom328p.h
.... /home/jure/.platformio/packages/toolchain-atmelavr/avr/include/avr/portpins.h
.... /home/jure/.platformio/packages/toolchain-atmelavr/avr/include/avr/common.h
.... /home/jure/.platformio/packages/toolchain-atmelavr/avr/include/avr/version.h
.... /home/jure/.platformio/packages/toolchain-atmelavr/avr/include/avr/fuse.h
.... /home/jure/.platformio/packages/toolchain-atmelavr/avr/include/avr/lock.h
.. /home/jure/.platformio/packages/toolchain-atmelavr/avr/include/avr/eeprom.h
... /home/jure/.platformio/packages/toolchain-atmelavr/lib/gcc/avr/7.3.0/include/stddef.h
.. /home/jure/.platformio/packages/toolchain-atmelavr/avr/include/avr/interrupt.h
.. /home/jure/.platformio/packages/toolchain-atmelavr/avr/include/util/delay.h
... /home/jure/.platformio/packages/toolchain-atmelavr/avr/include/util/delay_basic.h
... /home/jure/.platformio/packages/toolchain-atmelavr/avr/include/math.h
.. /home/jure/.platformio/packages/framework-arduino-avr/cores/arduino/Arduino.h
... /home/jure/.platformio/packages/toolchain-atmelavr/avr/include/stdlib.h
.... /home/jure/.platformio/packages/toolchain-atmelavr/lib/gcc/avr/7.3.0/include/stddef.h
... /home/jure/.platformio/packages/toolchain-atmelavr/lib/gcc/avr/7.3.0/include/stdbool.h
... /home/jure/.platformio/packages/toolchain-atmelavr/avr/include/string.h
.... /home/jure/.platformio/packages/toolchain-atmelavr/lib/gcc/avr/7.3.0/include/stddef.h
... /home/jure/.platformio/packages/framework-arduino-avr/cores/arduino/binary.h
... /home/jure/.platformio/packages/framework-arduino-avr/cores/arduino/WCharacter.h
.... /home/jure/.platformio/packages/toolchain-atmelavr/avr/include/ctype.h
... /home/jure/.platformio/packages/framework-arduino-avr/cores/arduino/WString.h
... /home/jure/.platformio/packages/framework-arduino-avr/cores/arduino/HardwareSerial.h
.... /home/jure/.platformio/packages/framework-arduino-avr/cores/arduino/Stream.h
..... /home/jure/.platformio/packages/framework-arduino-avr/cores/arduino/Print.h
...... /home/jure/.platformio/packages/toolchain-atmelavr/avr/include/stdio.h
....... /home/jure/.platformio/packages/toolchain-atmelavr/lib/gcc/avr/7.3.0/include/stdarg.h
....... /home/jure/.platformio/packages/toolchain-atmelavr/lib/gcc/avr/7.3.0/include/stddef.h
...... /home/jure/.platformio/packages/framework-arduino-avr/cores/arduino/Printable.h
... /home/jure/.platformio/packages/framework-arduino-avr/cores/arduino/USBAPI.h
... /home/jure/.platformio/packages/framework-arduino-avr/variants/standard/pins_arduino.h
. /home/jure/.platformio/packages/toolchain-atmelavr/avr/include/avr/wdt.h
Compiling .pio/build/uno/FrameworkArduino/HardwareSerial0.cpp.o
. /home/jure/.platformio/packages/toolchain-atmelavr/avr/include/util/atomic.h
. /home/jure/.platformio/packages/toolchain-atmelavr/avr/include/stdlib.h
.. /home/jure/.platformio/packages/toolchain-atmelavr/lib/gcc/avr/7.3.0/include/stddef.h
. /home/jure/.platformio/packages/toolchain-atmelavr/avr/include/stdio.h
.. /home/jure/.platformio/packages/toolchain-atmelavr/avr/include/inttypes.h
... /home/jure/.platformio/packages/toolchain-atmelavr/lib/gcc/avr/7.3.0/include/stdint.h
.... /home/jure/.platformio/packages/toolchain-atmelavr/avr/include/stdint.h
.. /home/jure/.platformio/packages/toolchain-atmelavr/lib/gcc/avr/7.3.0/include/stdarg.h
.. /home/jure/.platformio/packages/toolchain-atmelavr/lib/gcc/avr/7.3.0/include/stddef.h
. /home/jure/.platformio/packages/toolchain-atmelavr/avr/include/string.h
.. /home/jure/.platformio/packages/toolchain-atmelavr/lib/gcc/avr/7.3.0/include/stddef.h
. /home/jure/.platformio/packages/toolchain-atmelavr/avr/include/util/atomic.h
.. /home/jure/.platformio/packages/toolchain-atmelavr/avr/include/avr/io.h
... /home/jure/.platformio/packages/toolchain-atmelavr/avr/include/avr/sfr_defs.h
... /home/jure/.platformio/packages/toolchain-atmelavr/avr/include/avr/iom328p.h
... /home/jure/.platformio/packages/toolchain-atmelavr/avr/include/avr/portpins.h
... /home/jure/.platformio/packages/toolchain-atmelavr/avr/include/avr/common.h
... /home/jure/.platformio/packages/toolchain-atmelavr/avr/include/avr/version.h
... /home/jure/.platformio/packages/toolchain-atmelavr/avr/include/avr/fuse.h
... /home/jure/.platformio/packages/toolchain-atmelavr/avr/include/avr/lock.h
.. /home/jure/.platformio/packages/toolchain-atmelavr/avr/include/avr/interrupt.h
. /home/jure/.platformio/packages/framework-arduino-avr/cores/arduino/Arduino.h
.. /home/jure/.platformio/packages/toolchain-atmelavr/lib/gcc/avr/7.3.0/include/stdbool.h
.. /home/jure/.platformio/packages/toolchain-atmelavr/avr/include/math.h
.. /home/jure/.platformio/packages/toolchain-atmelavr/avr/include/avr/pgmspace.h
... /home/jure/.platformio/packages/toolchain-atmelavr/lib/gcc/avr/7.3.0/include/stddef.h
.. /home/jure/.platformio/packages/framework-arduino-avr/cores/arduino/binary.h
.. /home/jure/.platformio/packages/framework-arduino-avr/cores/arduino/WCharacter.h
... /home/jure/.platformio/packages/toolchain-atmelavr/avr/include/ctype.h
.. /home/jure/.platformio/packages/framework-arduino-avr/cores/arduino/WString.h
.. /home/jure/.platformio/packages/framework-arduino-avr/cores/arduino/HardwareSerial.h
... /home/jure/.platformio/packages/framework-arduino-avr/cores/arduino/Stream.h
.... /home/jure/.platformio/packages/framework-arduino-avr/cores/arduino/Print.h
..... /home/jure/.platformio/packages/framework-arduino-avr/cores/arduino/Printable.h
.. /home/jure/.platformio/packages/framework-arduino-avr/cores/arduino/USBAPI.h
Archiving .pio/build/uno/lib191/libSPI.a
... /home/jure/.platformio/packages/toolchain-atmelavr/avr/include/avr/eeprom.h
.... /home/jure/.platformio/packages/toolchain-atmelavr/lib/gcc/avr/7.3.0/include/stddef.h
. /home/jure/.platformio/packages/framework-arduino-avr/cores/arduino/Arduino.h
.. /home/jure/.platformio/packages/toolchain-atmelavr/avr/include/stdlib.h
... /home/jure/.platformio/packages/toolchain-atmelavr/lib/gcc/avr/7.3.0/include/stddef.h
... /home/jure/.platformio/packages/toolchain-atmelavr/avr/include/util/delay.h
.... /home/jure/.platformio/packages/toolchain-atmelavr/avr/include/util/delay_basic.h
... /home/jure/.platformio/packages/framework-arduino-avr/cores/arduino/Arduino.h
.. /home/jure/.platformio/packages/framework-arduino-avr/variants/standard/pins_arduino.h
.. /home/jure/.platformio/packages/toolchain-atmelavr/lib/gcc/avr/7.3.0/include/stdbool.h
. /home/jure/.platformio/packages/framework-arduino-avr/cores/arduino/HardwareSerial_private.h
... /home/jure/.platformio/packages/framework-arduino-avr/cores/arduino/wiring_private.h
. /home/jure/.platformio/packages/toolchain-atmelavr/avr/include/string.h
... /home/jure/.platformio/packages/toolchain-atmelavr/lib/gcc/avr/7.3.0/include/stddef.h
Multiple include guards may be useful for:
/home/jure/.platformio/packages/toolchain-atmelavr/avr/include/assert.h
/home/jure/.platformio/packages/toolchain-atmelavr/avr/include/avr/iom328p.h
.. /home/jure/.platformio/packages/toolchain-atmelavr/avr/include/math.h
.. /home/jure/.platformio/packages/toolchain-atmelavr/avr/include/avr/pgmspace.h
... /home/jure/.platformio/packages/toolchain-atmelavr/avr/include/inttypes.h
.... /home/jure/.platformio/packages/toolchain-atmelavr/lib/gcc/avr/7.3.0/include/stdint.h
..... /home/jure/.platformio/packages/toolchain-atmelavr/avr/include/stdint.h
... /home/jure/.platformio/packages/toolchain-atmelavr/lib/gcc/avr/7.3.0/include/stddef.h
... /home/jure/.platformio/packages/toolchain-atmelavr/avr/include/avr/io.h
.... /home/jure/.platformio/packages/toolchain-atmelavr/avr/include/avr/sfr_defs.h
.... /home/jure/.platformio/packages/toolchain-atmelavr/avr/include/avr/iom328p.h
Multiple include guards may be useful for:
/home/jure/.platformio/packages/toolchain-atmelavr/avr/include/avr/iom328p.h
.... /home/jure/.platformio/packages/toolchain-atmelavr/avr/include/avr/portpins.h
.... /home/jure/.platformio/packages/toolchain-atmelavr/avr/include/avr/common.h
.... /home/jure/.platformio/packages/toolchain-atmelavr/avr/include/avr/version.h
.... /home/jure/.platformio/packages/toolchain-atmelavr/avr/include/avr/fuse.h
.... /home/jure/.platformio/packages/toolchain-atmelavr/avr/include/avr/lock.h
.. /home/jure/.platformio/packages/toolchain-atmelavr/avr/include/avr/interrupt.h
.. /home/jure/.platformio/packages/framework-arduino-avr/cores/arduino/binary.h
.. /home/jure/.platformio/packages/framework-arduino-avr/cores/arduino/WCharacter.h
... /home/jure/.platformio/packages/toolchain-atmelavr/avr/include/ctype.h
.. /home/jure/.platformio/packages/framework-arduino-avr/cores/arduino/WString.h
.. /home/jure/.platformio/packages/framework-arduino-avr/cores/arduino/HardwareSerial.h
... /home/jure/.platformio/packages/framework-arduino-avr/cores/arduino/Stream.h
.... /home/jure/.platformio/packages/framework-arduino-avr/cores/arduino/Print.h
..... /home/jure/.platformio/packages/toolchain-atmelavr/avr/include/stdio.h
...... /home/jure/.platformio/packages/toolchain-atmelavr/lib/gcc/avr/7.3.0/include/stdarg.h
...... /home/jure/.platformio/packages/toolchain-atmelavr/lib/gcc/avr/7.3.0/include/stddef.h
Compiling .pio/build/uno/FrameworkArduino/HardwareSerial1.cpp.o
..... /home/jure/.platformio/packages/framework-arduino-avr/cores/arduino/Printable.h
.. /home/jure/.platformio/packages/framework-arduino-avr/cores/arduino/USBAPI.h
... /home/jure/.platformio/packages/toolchain-atmelavr/avr/include/avr/eeprom.h
.... /home/jure/.platformio/packages/toolchain-atmelavr/lib/gcc/avr/7.3.0/include/stddef.h
... /home/jure/.platformio/packages/toolchain-atmelavr/avr/include/util/delay.h
.... /home/jure/.platformio/packages/toolchain-atmelavr/avr/include/util/delay_basic.h
... /home/jure/.platformio/packages/framework-arduino-avr/cores/arduino/Arduino.h
.. /home/jure/.platformio/packages/framework-arduino-avr/variants/standard/pins_arduino.h
. /home/jure/.platformio/packages/framework-arduino-avr/cores/arduino/HardwareSerial_private.h
.. /home/jure/.platformio/packages/framework-arduino-avr/cores/arduino/wiring_private.h
Indexing .pio/build/uno/lib191/libSPI.a
. /home/jure/.platformio/packages/framework-arduino-avr/cores/arduino/Arduino.h
.. /home/jure/.platformio/packages/toolchain-atmelavr/avr/include/stdlib.h
... /home/jure/.platformio/packages/toolchain-atmelavr/lib/gcc/avr/7.3.0/include/stddef.h
Compiling .pio/build/uno/FrameworkArduino/HardwareSerial2.cpp.o
.. /home/jure/.platformio/packages/toolchain-atmelavr/lib/gcc/avr/7.3.0/include/stdbool.h
.. /home/jure/.platformio/packages/toolchain-atmelavr/avr/include/string.h
... /home/jure/.platformio/packages/toolchain-atmelavr/lib/gcc/avr/7.3.0/include/stddef.h
.. /home/jure/.platformio/packages/toolchain-atmelavr/avr/include/math.h
.. /home/jure/.platformio/packages/toolchain-atmelavr/avr/include/avr/pgmspace.h
... /home/jure/.platformio/packages/toolchain-atmelavr/avr/include/inttypes.h
.... /home/jure/.platformio/packages/toolchain-atmelavr/lib/gcc/avr/7.3.0/include/stdint.h
..... /home/jure/.platformio/packages/toolchain-atmelavr/avr/include/stdint.h
... /home/jure/.platformio/packages/toolchain-atmelavr/lib/gcc/avr/7.3.0/include/stddef.h
... /home/jure/.platformio/packages/toolchain-atmelavr/avr/include/avr/io.h
.... /home/jure/.platformio/packages/toolchain-atmelavr/avr/include/avr/sfr_defs.h
.... /home/jure/.platformio/packages/toolchain-atmelavr/avr/include/avr/iom328p.h
.... /home/jure/.platformio/packages/toolchain-atmelavr/avr/include/avr/portpins.h
Multiple include guards may be useful for:
/home/jure/.platformio/packages/framework-arduino-avr/cores/arduino/HardwareSerial_private.h
/home/jure/.platformio/packages/toolchain-atmelavr/avr/include/avr/iom328p.h
.... /home/jure/.platformio/packages/toolchain-atmelavr/avr/include/avr/common.h
.... /home/jure/.platformio/packages/toolchain-atmelavr/avr/include/avr/version.h
.... /home/jure/.platformio/packages/toolchain-atmelavr/avr/include/avr/fuse.h
.... /home/jure/.platformio/packages/toolchain-atmelavr/avr/include/avr/lock.h
.. /home/jure/.platformio/packages/toolchain-atmelavr/avr/include/avr/interrupt.h
.. /home/jure/.platformio/packages/framework-arduino-avr/cores/arduino/binary.h
.. /home/jure/.platformio/packages/framework-arduino-avr/cores/arduino/WCharacter.h
... /home/jure/.platformio/packages/toolchain-atmelavr/avr/include/ctype.h
.. /home/jure/.platformio/packages/framework-arduino-avr/cores/arduino/WString.h
.. /home/jure/.platformio/packages/framework-arduino-avr/cores/arduino/HardwareSerial.h
... /home/jure/.platformio/packages/framework-arduino-avr/cores/arduino/Stream.h
.... /home/jure/.platformio/packages/framework-arduino-avr/cores/arduino/Print.h
..... /home/jure/.platformio/packages/toolchain-atmelavr/avr/include/stdio.h
...... /home/jure/.platformio/packages/toolchain-atmelavr/lib/gcc/avr/7.3.0/include/stdarg.h
...... /home/jure/.platformio/packages/toolchain-atmelavr/lib/gcc/avr/7.3.0/include/stddef.h
..... /home/jure/.platformio/packages/framework-arduino-avr/cores/arduino/Printable.h
.. /home/jure/.platformio/packages/framework-arduino-avr/cores/arduino/USBAPI.h
... /home/jure/.platformio/packages/toolchain-atmelavr/avr/include/avr/eeprom.h
.... /home/jure/.platformio/packages/toolchain-atmelavr/lib/gcc/avr/7.3.0/include/stddef.h
... /home/jure/.platformio/packages/toolchain-atmelavr/avr/include/util/delay.h
.... /home/jure/.platformio/packages/toolchain-atmelavr/avr/include/util/delay_basic.h
... /home/jure/.platformio/packages/framework-arduino-avr/cores/arduino/Arduino.h
.. /home/jure/.platformio/packages/framework-arduino-avr/variants/standard/pins_arduino.h
Compiling .pio/build/uno/FrameworkArduino/HardwareSerial3.cpp.o
. /home/jure/.platformio/packages/framework-arduino-avr/cores/arduino/HardwareSerial_private.h
.. /home/jure/.platformio/packages/framework-arduino-avr/cores/arduino/wiring_private.h
Multiple include guards may be useful for:
/home/jure/.platformio/packages/framework-arduino-avr/cores/arduino/HardwareSerial_private.h
/home/jure/.platformio/packages/toolchain-atmelavr/avr/include/avr/iom328p.h
. /home/jure/.platformio/packages/framework-arduino-avr/cores/arduino/Arduino.h
.. /home/jure/.platformio/packages/toolchain-atmelavr/avr/include/stdlib.h
... /home/jure/.platformio/packages/toolchain-atmelavr/lib/gcc/avr/7.3.0/include/stddef.h
.. /home/jure/.platformio/packages/toolchain-atmelavr/lib/gcc/avr/7.3.0/include/stdbool.h
.. /home/jure/.platformio/packages/toolchain-atmelavr/avr/include/string.h
... /home/jure/.platformio/packages/toolchain-atmelavr/lib/gcc/avr/7.3.0/include/stddef.h
.. /home/jure/.platformio/packages/toolchain-atmelavr/avr/include/math.h
.. /home/jure/.platformio/packages/toolchain-atmelavr/avr/include/avr/pgmspace.h
... /home/jure/.platformio/packages/toolchain-atmelavr/avr/include/inttypes.h
.... /home/jure/.platformio/packages/toolchain-atmelavr/lib/gcc/avr/7.3.0/include/stdint.h
..... /home/jure/.platformio/packages/toolchain-atmelavr/avr/include/stdint.h
... /home/jure/.platformio/packages/toolchain-atmelavr/lib/gcc/avr/7.3.0/include/stddef.h
... /home/jure/.platformio/packages/toolchain-atmelavr/avr/include/avr/io.h
.... /home/jure/.platformio/packages/toolchain-atmelavr/avr/include/avr/sfr_defs.h
.... /home/jure/.platformio/packages/toolchain-atmelavr/avr/include/avr/iom328p.h
.... /home/jure/.platformio/packages/toolchain-atmelavr/avr/include/avr/portpins.h
.... /home/jure/.platformio/packages/toolchain-atmelavr/avr/include/avr/common.h
.... /home/jure/.platformio/packages/toolchain-atmelavr/avr/include/avr/version.h
.... /home/jure/.platformio/packages/toolchain-atmelavr/avr/include/avr/fuse.h
.... /home/jure/.platformio/packages/toolchain-atmelavr/avr/include/avr/lock.h
.. /home/jure/.platformio/packages/toolchain-atmelavr/avr/include/avr/interrupt.h
.. /home/jure/.platformio/packages/framework-arduino-avr/cores/arduino/binary.h
Archiving .pio/build/uno/lib643/libADS1256.a
.. /home/jure/.platformio/packages/framework-arduino-avr/cores/arduino/WCharacter.h
... /home/jure/.platformio/packages/toolchain-atmelavr/avr/include/ctype.h
.. /home/jure/.platformio/packages/framework-arduino-avr/cores/arduino/WString.h
.. /home/jure/.platformio/packages/framework-arduino-avr/cores/arduino/HardwareSerial.h
... /home/jure/.platformio/packages/framework-arduino-avr/cores/arduino/Stream.h
.... /home/jure/.platformio/packages/framework-arduino-avr/cores/arduino/Print.h
..... /home/jure/.platformio/packages/toolchain-atmelavr/avr/include/stdio.h
...... /home/jure/.platformio/packages/toolchain-atmelavr/lib/gcc/avr/7.3.0/include/stdarg.h
...... /home/jure/.platformio/packages/toolchain-atmelavr/lib/gcc/avr/7.3.0/include/stddef.h
Multiple include guards may be useful for:
/home/jure/.platformio/packages/framework-arduino-avr/cores/arduino/HardwareSerial_private.h
/home/jure/.platformio/packages/toolchain-atmelavr/avr/include/avr/iom328p.h
..... /home/jure/.platformio/packages/framework-arduino-avr/cores/arduino/Printable.h
.. /home/jure/.platformio/packages/framework-arduino-avr/cores/arduino/USBAPI.h
... /home/jure/.platformio/packages/toolchain-atmelavr/avr/include/avr/eeprom.h
.... /home/jure/.platformio/packages/toolchain-atmelavr/lib/gcc/avr/7.3.0/include/stddef.h
... /home/jure/.platformio/packages/toolchain-atmelavr/avr/include/util/delay.h
.... /home/jure/.platformio/packages/toolchain-atmelavr/avr/include/util/delay_basic.h
... /home/jure/.platformio/packages/framework-arduino-avr/cores/arduino/Arduino.h
.. /home/jure/.platformio/packages/framework-arduino-avr/variants/standard/pins_arduino.h
. /home/jure/.platformio/packages/framework-arduino-avr/cores/arduino/HardwareSerial_private.h
.. /home/jure/.platformio/packages/framework-arduino-avr/cores/arduino/wiring_private.h
. /home/jure/.platformio/packages/framework-arduino-avr/cores/arduino/Arduino.h
.. /home/jure/.platformio/packages/toolchain-atmelavr/avr/include/stdlib.h
... /home/jure/.platformio/packages/toolchain-atmelavr/lib/gcc/avr/7.3.0/include/stddef.h
.. /home/jure/.platformio/packages/toolchain-atmelavr/lib/gcc/avr/7.3.0/include/stdbool.h
.. /home/jure/.platformio/packages/toolchain-atmelavr/avr/include/string.h
... /home/jure/.platformio/packages/toolchain-atmelavr/lib/gcc/avr/7.3.0/include/stddef.h
.. /home/jure/.platformio/packages/toolchain-atmelavr/avr/include/math.h
.. /home/jure/.platformio/packages/toolchain-atmelavr/avr/include/avr/pgmspace.h
... /home/jure/.platformio/packages/toolchain-atmelavr/avr/include/inttypes.h
.... /home/jure/.platformio/packages/toolchain-atmelavr/lib/gcc/avr/7.3.0/include/stdint.h
..... /home/jure/.platformio/packages/toolchain-atmelavr/avr/include/stdint.h
... /home/jure/.platformio/packages/toolchain-atmelavr/lib/gcc/avr/7.3.0/include/stddef.h
... /home/jure/.platformio/packages/toolchain-atmelavr/avr/include/avr/io.h
.... /home/jure/.platformio/packages/toolchain-atmelavr/avr/include/avr/sfr_defs.h
.... /home/jure/.platformio/packages/toolchain-atmelavr/avr/include/avr/iom328p.h
Compiling .pio/build/uno/FrameworkArduino/IPAddress.cpp.o
.... /home/jure/.platformio/packages/toolchain-atmelavr/avr/include/avr/portpins.h
.... /home/jure/.platformio/packages/toolchain-atmelavr/avr/include/avr/common.h
.... /home/jure/.platformio/packages/toolchain-atmelavr/avr/include/avr/version.h
.... /home/jure/.platformio/packages/toolchain-atmelavr/avr/include/avr/fuse.h
.... /home/jure/.platformio/packages/toolchain-atmelavr/avr/include/avr/lock.h
Indexing .pio/build/uno/lib643/libADS1256.a
.. /home/jure/.platformio/packages/toolchain-atmelavr/avr/include/avr/interrupt.h
.. /home/jure/.platformio/packages/framework-arduino-avr/cores/arduino/binary.h
.. /home/jure/.platformio/packages/framework-arduino-avr/cores/arduino/WCharacter.h
... /home/jure/.platformio/packages/toolchain-atmelavr/avr/include/ctype.h
.. /home/jure/.platformio/packages/framework-arduino-avr/cores/arduino/WString.h
.. /home/jure/.platformio/packages/framework-arduino-avr/cores/arduino/HardwareSerial.h
... /home/jure/.platformio/packages/framework-arduino-avr/cores/arduino/Stream.h
.... /home/jure/.platformio/packages/framework-arduino-avr/cores/arduino/Print.h
..... /home/jure/.platformio/packages/toolchain-atmelavr/avr/include/stdio.h
...... /home/jure/.platformio/packages/toolchain-atmelavr/lib/gcc/avr/7.3.0/include/stdarg.h
...... /home/jure/.platformio/packages/toolchain-atmelavr/lib/gcc/avr/7.3.0/include/stddef.h
Compiling .pio/build/uno/FrameworkArduino/PluggableUSB.cpp.o
..... /home/jure/.platformio/packages/framework-arduino-avr/cores/arduino/Printable.h
.. /home/jure/.platformio/packages/framework-arduino-avr/cores/arduino/USBAPI.h
... /home/jure/.platformio/packages/toolchain-atmelavr/avr/include/avr/eeprom.h
.... /home/jure/.platformio/packages/toolchain-atmelavr/lib/gcc/avr/7.3.0/include/stddef.h
... /home/jure/.platformio/packages/toolchain-atmelavr/avr/include/util/delay.h
.... /home/jure/.platformio/packages/toolchain-atmelavr/avr/include/util/delay_basic.h
... /home/jure/.platformio/packages/framework-arduino-avr/cores/arduino/Arduino.h
.. /home/jure/.platformio/packages/framework-arduino-avr/variants/standard/pins_arduino.h
. /home/jure/.platformio/packages/framework-arduino-avr/cores/arduino/HardwareSerial_private.h
.. /home/jure/.platformio/packages/framework-arduino-avr/cores/arduino/wiring_private.h
Multiple include guards may be useful for:
/home/jure/.platformio/packages/framework-arduino-avr/cores/arduino/HardwareSerial_private.h
/home/jure/.platformio/packages/toolchain-atmelavr/avr/include/avr/iom328p.h
Compiling .pio/build/uno/FrameworkArduino/Print.cpp.o
. /home/jure/.platformio/packages/framework-arduino-avr/cores/arduino/Arduino.h
.. /home/jure/.platformio/packages/toolchain-atmelavr/avr/include/stdlib.h
... /home/jure/.platformio/packages/toolchain-atmelavr/lib/gcc/avr/7.3.0/include/stddef.h
.. /home/jure/.platformio/packages/toolchain-atmelavr/lib/gcc/avr/7.3.0/include/stdbool.h
.. /home/jure/.platformio/packages/toolchain-atmelavr/avr/include/string.h
... /home/jure/.platformio/packages/toolchain-atmelavr/lib/gcc/avr/7.3.0/include/stddef.h
.. /home/jure/.platformio/packages/toolchain-atmelavr/avr/include/math.h
.. /home/jure/.platformio/packages/toolchain-atmelavr/avr/include/avr/pgmspace.h
... /home/jure/.platformio/packages/toolchain-atmelavr/avr/include/inttypes.h
.... /home/jure/.platformio/packages/toolchain-atmelavr/lib/gcc/avr/7.3.0/include/stdint.h
..... /home/jure/.platformio/packages/toolchain-atmelavr/avr/include/stdint.h
... /home/jure/.platformio/packages/toolchain-atmelavr/lib/gcc/avr/7.3.0/include/stddef.h
... /home/jure/.platformio/packages/toolchain-atmelavr/avr/include/avr/io.h
Multiple include guards may be useful for:
.... /home/jure/.platformio/packages/toolchain-atmelavr/avr/include/avr/sfr_defs.h
/home/jure/.platformio/packages/framework-arduino-avr/cores/arduino/HardwareSerial_private.h
/home/jure/.platformio/packages/toolchain-atmelavr/avr/include/avr/iom328p.h
.... /home/jure/.platformio/packages/toolchain-atmelavr/avr/include/avr/iom328p.h
. /home/jure/.platformio/packages/framework-arduino-avr/cores/arduino/USBAPI.h
.. /home/jure/.platformio/packages/toolchain-atmelavr/avr/include/inttypes.h
... /home/jure/.platformio/packages/toolchain-atmelavr/lib/gcc/avr/7.3.0/include/stdint.h
.... /home/jure/.platformio/packages/toolchain-atmelavr/avr/include/stdint.h
.... /home/jure/.platformio/packages/toolchain-atmelavr/avr/include/avr/portpins.h
.. /home/jure/.platformio/packages/toolchain-atmelavr/avr/include/avr/pgmspace.h
..... /home/jure/.platformio/packages/toolchain-atmelavr/avr/include/avr/common.h
.. /home/jure/.platformio/packages/toolchain-atmelavr/lib/gcc/avr/7.3.0/include/stddef.h
.... /home/jure/.platformio/packages/toolchain-atmelavr/avr/include/avr/version.h
.... /home/jure/.platformio/packages/toolchain-atmelavr/avr/include/avr/fuse.h
... /home/jure/.platformio/packages/toolchain-atmelavr/avr/include/avr/io.h
.... /home/jure/.platformio/packages/toolchain-atmelavr/avr/include/avr/lock.h
.... /home/jure/.platformio/packages/toolchain-atmelavr/avr/include/avr/sfr_defs.h
.... /home/jure/.platformio/packages/toolchain-atmelavr/avr/include/avr/iom328p.h
.. /home/jure/.platformio/packages/toolchain-atmelavr/avr/include/avr/interrupt.h
.. /home/jure/.platformio/packages/framework-arduino-avr/cores/arduino/binary.h
.... /home/jure/.platformio/packages/toolchain-atmelavr/avr/include/avr/portpins.h
.. /home/jure/.platformio/packages/framework-arduino-avr/cores/arduino/WCharacter.h
... /home/jure/.platformio/packages/toolchain-atmelavr/avr/include/ctype.h
.. /home/jure/.platformio/packages/framework-arduino-avr/cores/arduino/WString.h
.... /home/jure/.platformio/packages/toolchain-atmelavr/avr/include/avr/common.h
.. /home/jure/.platformio/packages/framework-arduino-avr/cores/arduino/HardwareSerial.h
... /home/jure/.platformio/packages/framework-arduino-avr/cores/arduino/Stream.h
.... /home/jure/.platformio/packages/toolchain-atmelavr/avr/include/avr/version.h
.... /home/jure/.platformio/packages/framework-arduino-avr/cores/arduino/Print.h
.... /home/jure/.platformio/packages/toolchain-atmelavr/avr/include/avr/fuse.h
..... /home/jure/.platformio/packages/toolchain-atmelavr/avr/include/stdio.h
...... /home/jure/.platformio/packages/toolchain-atmelavr/lib/gcc/avr/7.3.0/include/stdarg.h
Compiling .pio/build/uno/FrameworkArduino/Stream.cpp.o
...... /home/jure/.platformio/packages/toolchain-atmelavr/lib/gcc/avr/7.3.0/include/stddef.h
.... /home/jure/.platformio/packages/toolchain-atmelavr/avr/include/avr/lock.h
..... /home/jure/.platformio/packages/framework-arduino-avr/cores/arduino/Printable.h
.. /home/jure/.platformio/packages/framework-arduino-avr/cores/arduino/USBAPI.h
... /home/jure/.platformio/packages/toolchain-atmelavr/avr/include/avr/eeprom.h
.... /home/jure/.platformio/packages/toolchain-atmelavr/lib/gcc/avr/7.3.0/include/stddef.h
... /home/jure/.platformio/packages/toolchain-atmelavr/avr/include/avr/eeprom.h
.. /home/jure/.platformio/packages/toolchain-atmelavr/avr/include/util/delay.h
... /home/jure/.platformio/packages/toolchain-atmelavr/lib/gcc/avr/7.3.0/include/stddef.h
.... /home/jure/.platformio/packages/toolchain-atmelavr/avr/include/util/delay_basic.h
... /home/jure/.platformio/packages/framework-arduino-avr/cores/arduino/Arduino.h
.. /home/jure/.platformio/packages/toolchain-atmelavr/avr/include/avr/interrupt.h
.. /home/jure/.platformio/packages/toolchain-atmelavr/avr/include/util/delay.h
.. /home/jure/.platformio/packages/framework-arduino-avr/variants/standard/pins_arduino.h
... /home/jure/.platformio/packages/toolchain-atmelavr/avr/include/util/delay_basic.h
. /home/jure/.platformio/packages/framework-arduino-avr/cores/arduino/IPAddress.h
... /home/jure/.platformio/packages/toolchain-atmelavr/avr/include/math.h
.. /home/jure/.platformio/packages/framework-arduino-avr/cores/arduino/Arduino.h
... /home/jure/.platformio/packages/toolchain-atmelavr/avr/include/stdlib.h
.... /home/jure/.platformio/packages/toolchain-atmelavr/lib/gcc/avr/7.3.0/include/stddef.h
... /home/jure/.platformio/packages/toolchain-atmelavr/lib/gcc/avr/7.3.0/include/stdbool.h
... /home/jure/.platformio/packages/toolchain-atmelavr/avr/include/string.h
.... /home/jure/.platformio/packages/toolchain-atmelavr/lib/gcc/avr/7.3.0/include/stddef.h
... /home/jure/.platformio/packages/framework-arduino-avr/cores/arduino/binary.h
... /home/jure/.platformio/packages/framework-arduino-avr/cores/arduino/WCharacter.h
.... /home/jure/.platformio/packages/toolchain-atmelavr/avr/include/ctype.h
... /home/jure/.platformio/packages/framework-arduino-avr/cores/arduino/WString.h
... /home/jure/.platformio/packages/framework-arduino-avr/cores/arduino/HardwareSerial.h
.... /home/jure/.platformio/packages/framework-arduino-avr/cores/arduino/Stream.h
..... /home/jure/.platformio/packages/framework-arduino-avr/cores/arduino/Print.h
...... /home/jure/.platformio/packages/toolchain-atmelavr/avr/include/stdio.h
....... /home/jure/.platformio/packages/toolchain-atmelavr/lib/gcc/avr/7.3.0/include/stdarg.h
....... /home/jure/.platformio/packages/toolchain-atmelavr/lib/gcc/avr/7.3.0/include/stddef.h
. /home/jure/.platformio/packages/toolchain-atmelavr/avr/include/stdlib.h
.. /home/jure/.platformio/packages/toolchain-atmelavr/lib/gcc/avr/7.3.0/include/stddef.h
...... /home/jure/.platformio/packages/framework-arduino-avr/cores/arduino/Printable.h
... /home/jure/.platformio/packages/framework-arduino-avr/cores/arduino/USBAPI.h
. /home/jure/.platformio/packages/toolchain-atmelavr/avr/include/stdio.h
.. /home/jure/.platformio/packages/toolchain-atmelavr/avr/include/inttypes.h
... /home/jure/.platformio/packages/framework-arduino-avr/variants/standard/pins_arduino.h
... /home/jure/.platformio/packages/toolchain-atmelavr/lib/gcc/avr/7.3.0/include/stdint.h
.... /home/jure/.platformio/packages/toolchain-atmelavr/avr/include/stdint.h
. /home/jure/.platformio/packages/framework-arduino-avr/cores/arduino/PluggableUSB.h
.. /home/jure/.platformio/packages/toolchain-atmelavr/lib/gcc/avr/7.3.0/include/stdarg.h
.. /home/jure/.platformio/packages/toolchain-atmelavr/lib/gcc/avr/7.3.0/include/stddef.h
. /home/jure/.platformio/packages/toolchain-atmelavr/avr/include/string.h
.. /home/jure/.platformio/packages/toolchain-atmelavr/lib/gcc/avr/7.3.0/include/stddef.h
. /home/jure/.platformio/packages/toolchain-atmelavr/avr/include/math.h
. /home/jure/.platformio/packages/framework-arduino-avr/cores/arduino/Arduino.h
.. /home/jure/.platformio/packages/toolchain-atmelavr/lib/gcc/avr/7.3.0/include/stdbool.h
.. /home/jure/.platformio/packages/toolchain-atmelavr/avr/include/avr/pgmspace.h
... /home/jure/.platformio/packages/toolchain-atmelavr/lib/gcc/avr/7.3.0/include/stddef.h
... /home/jure/.platformio/packages/toolchain-atmelavr/avr/include/avr/io.h
.... /home/jure/.platformio/packages/toolchain-atmelavr/avr/include/avr/sfr_defs.h
.... /home/jure/.platformio/packages/toolchain-atmelavr/avr/include/avr/iom328p.h
.... /home/jure/.platformio/packages/toolchain-atmelavr/avr/include/avr/portpins.h
.... /home/jure/.platformio/packages/toolchain-atmelavr/avr/include/avr/common.h
.... /home/jure/.platformio/packages/toolchain-atmelavr/avr/include/avr/version.h
.... /home/jure/.platformio/packages/toolchain-atmelavr/avr/include/avr/fuse.h
.... /home/jure/.platformio/packages/toolchain-atmelavr/avr/include/avr/lock.h
.. /home/jure/.platformio/packages/toolchain-atmelavr/avr/include/avr/interrupt.h
.. /home/jure/.platformio/packages/framework-arduino-avr/cores/arduino/binary.h
. /home/jure/.platformio/packages/framework-arduino-avr/cores/arduino/Arduino.h
... /home/jure/.platformio/packages/framework-arduino-avr/cores/arduino/WCharacter.h
... /home/jure/.platformio/packages/toolchain-atmelavr/avr/include/ctype.h
. /home/jure/.platformio/packages/toolchain-atmelavr/avr/include/stdlib.h
.. /home/jure/.platformio/packages/framework-arduino-avr/cores/arduino/WString.h
... /home/jure/.platformio/packages/toolchain-atmelavr/lib/gcc/avr/7.3.0/include/stddef.h
.. /home/jure/.platformio/packages/framework-arduino-avr/cores/arduino/HardwareSerial.h
... /home/jure/.platformio/packages/framework-arduino-avr/cores/arduino/Stream.h
.... /home/jure/.platformio/packages/framework-arduino-avr/cores/arduino/Print.h
..... /home/jure/.platformio/packages/framework-arduino-avr/cores/arduino/Printable.h
.. /home/jure/.platformio/packages/toolchain-atmelavr/lib/gcc/avr/7.3.0/include/stdbool.h
.. /home/jure/.platformio/packages/framework-arduino-avr/cores/arduino/USBAPI.h
.. /home/jure/.platformio/packages/toolchain-atmelavr/avr/include/string.h
... /home/jure/.platformio/packages/toolchain-atmelavr/avr/include/avr/eeprom.h
... /home/jure/.platformio/packages/toolchain-atmelavr/lib/gcc/avr/7.3.0/include/stddef.h
.... /home/jure/.platformio/packages/toolchain-atmelavr/lib/gcc/avr/7.3.0/include/stddef.h
... /home/jure/.platformio/packages/toolchain-atmelavr/avr/include/util/delay.h
.. /home/jure/.platformio/packages/toolchain-atmelavr/avr/include/math.h
.... /home/jure/.platformio/packages/toolchain-atmelavr/avr/include/util/delay_basic.h
... /home/jure/.platformio/packages/framework-arduino-avr/cores/arduino/Arduino.h
.. /home/jure/.platformio/packages/toolchain-atmelavr/avr/include/avr/pgmspace.h
... /home/jure/.platformio/packages/toolchain-atmelavr/avr/include/inttypes.h
.... /home/jure/.platformio/packages/toolchain-atmelavr/lib/gcc/avr/7.3.0/include/stdint.h
..... /home/jure/.platformio/packages/toolchain-atmelavr/avr/include/stdint.h
.. /home/jure/.platformio/packages/framework-arduino-avr/variants/standard/pins_arduino.h
... /home/jure/.platformio/packages/toolchain-atmelavr/lib/gcc/avr/7.3.0/include/stddef.h
... /home/jure/.platformio/packages/toolchain-atmelavr/avr/include/avr/io.h
.... /home/jure/.platformio/packages/toolchain-atmelavr/avr/include/avr/sfr_defs.h
.... /home/jure/.platformio/packages/toolchain-atmelavr/avr/include/avr/iom328p.h
Compiling .pio/build/uno/FrameworkArduino/Tone.cpp.o
.... /home/jure/.platformio/packages/toolchain-atmelavr/avr/include/avr/portpins.h
.... /home/jure/.platformio/packages/toolchain-atmelavr/avr/include/avr/common.h
.... /home/jure/.platformio/packages/toolchain-atmelavr/avr/include/avr/version.h
.... /home/jure/.platformio/packages/toolchain-atmelavr/avr/include/avr/fuse.h
.... /home/jure/.platformio/packages/toolchain-atmelavr/avr/include/avr/lock.h
.. /home/jure/.platformio/packages/toolchain-atmelavr/avr/include/avr/interrupt.h
.. /home/jure/.platformio/packages/framework-arduino-avr/cores/arduino/binary.h
.. /home/jure/.platformio/packages/framework-arduino-avr/cores/arduino/WCharacter.h
... /home/jure/.platformio/packages/toolchain-atmelavr/avr/include/ctype.h
.. /home/jure/.platformio/packages/framework-arduino-avr/cores/arduino/WString.h
.. /home/jure/.platformio/packages/framework-arduino-avr/cores/arduino/HardwareSerial.h
... /home/jure/.platformio/packages/framework-arduino-avr/cores/arduino/Stream.h
.... /home/jure/.platformio/packages/framework-arduino-avr/cores/arduino/Print.h
..... /home/jure/.platformio/packages/toolchain-atmelavr/avr/include/stdio.h
...... /home/jure/.platformio/packages/toolchain-atmelavr/lib/gcc/avr/7.3.0/include/stdarg.h
...... /home/jure/.platformio/packages/toolchain-atmelavr/lib/gcc/avr/7.3.0/include/stddef.h
..... /home/jure/.platformio/packages/framework-arduino-avr/cores/arduino/Printable.h
.. /home/jure/.platformio/packages/framework-arduino-avr/cores/arduino/USBAPI.h
... /home/jure/.platformio/packages/toolchain-atmelavr/avr/include/avr/eeprom.h
.... /home/jure/.platformio/packages/toolchain-atmelavr/lib/gcc/avr/7.3.0/include/stddef.h
... /home/jure/.platformio/packages/toolchain-atmelavr/avr/include/util/delay.h
.... /home/jure/.platformio/packages/toolchain-atmelavr/avr/include/util/delay_basic.h
... /home/jure/.platformio/packages/framework-arduino-avr/cores/arduino/Arduino.h
.. /home/jure/.platformio/packages/framework-arduino-avr/variants/standard/pins_arduino.h
Multiple include guards may be useful for:
/home/jure/.platformio/packages/toolchain-atmelavr/avr/include/avr/iom328p.h
Compiling .pio/build/uno/FrameworkArduino/USBCore.cpp.o
Multiple include guards may be useful for:
/home/jure/.platformio/packages/toolchain-atmelavr/avr/include/avr/iom328p.h
. /home/jure/.platformio/packages/toolchain-atmelavr/avr/include/avr/interrupt.h
.. /home/jure/.platformio/packages/toolchain-atmelavr/avr/include/avr/io.h
... /home/jure/.platformio/packages/toolchain-atmelavr/avr/include/avr/sfr_defs.h
.... /home/jure/.platformio/packages/toolchain-atmelavr/avr/include/inttypes.h
..... /home/jure/.platformio/packages/toolchain-atmelavr/lib/gcc/avr/7.3.0/include/stdint.h
...... /home/jure/.platformio/packages/toolchain-atmelavr/avr/include/stdint.h
... /home/jure/.platformio/packages/toolchain-atmelavr/avr/include/avr/iom328p.h
... /home/jure/.platformio/packages/toolchain-atmelavr/avr/include/avr/portpins.h
... /home/jure/.platformio/packages/toolchain-atmelavr/avr/include/avr/common.h
... /home/jure/.platformio/packages/toolchain-atmelavr/avr/include/avr/version.h
... /home/jure/.platformio/packages/toolchain-atmelavr/avr/include/avr/fuse.h
... /home/jure/.platformio/packages/toolchain-atmelavr/avr/include/avr/lock.h
. /home/jure/.platformio/packages/toolchain-atmelavr/avr/include/avr/pgmspace.h
.. /home/jure/.platformio/packages/toolchain-atmelavr/lib/gcc/avr/7.3.0/include/stddef.h
. /home/jure/.platformio/packages/framework-arduino-avr/cores/arduino/Arduino.h
Compiling .pio/build/uno/FrameworkArduino/WInterrupts.c.o
.. /home/jure/.platformio/packages/toolchain-atmelavr/avr/include/stdlib.h
... /home/jure/.platformio/packages/toolchain-atmelavr/lib/gcc/avr/7.3.0/include/stddef.h
.. /home/jure/.platformio/packages/toolchain-atmelavr/lib/gcc/avr/7.3.0/include/stdbool.h
.. /home/jure/.platformio/packages/toolchain-atmelavr/avr/include/string.h
... /home/jure/.platformio/packages/toolchain-atmelavr/lib/gcc/avr/7.3.0/include/stddef.h
.. /home/jure/.platformio/packages/toolchain-atmelavr/avr/include/math.h
.. /home/jure/.platformio/packages/framework-arduino-avr/cores/arduino/binary.h
.. /home/jure/.platformio/packages/framework-arduino-avr/cores/arduino/WCharacter.h
. /home/jure/.platformio/packages/framework-arduino-avr/cores/arduino/USBAPI.h
.... /home/jure/.platformio/packages/toolchain-atmelavr/avr/include/ctype.h
. /home/jure/.platformio/packages/toolchain-atmelavr/avr/include/inttypes.h
... /home/jure/.platformio/packages/toolchain-atmelavr/lib/gcc/avr/7.3.0/include/stdint.h
.. /home/jure/.platformio/packages/framework-arduino-avr/cores/arduino/WString.h
.... /home/jure/.platformio/packages/toolchain-atmelavr/avr/include/stdint.h
.. /home/jure/.platformio/packages/framework-arduino-avr/cores/arduino/HardwareSerial.h
... /home/jure/.platformio/packages/framework-arduino-avr/cores/arduino/Stream.h
.... /home/jure/.platformio/packages/framework-arduino-avr/cores/arduino/Print.h
.. /home/jure/.platformio/packages/toolchain-atmelavr/avr/include/avr/pgmspace.h
..... /home/jure/.platformio/packages/toolchain-atmelavr/avr/include/stdio.h
... /home/jure/.platformio/packages/toolchain-atmelavr/lib/gcc/avr/7.3.0/include/stddef.h
...... /home/jure/.platformio/packages/toolchain-atmelavr/lib/gcc/avr/7.3.0/include/stdarg.h
...... /home/jure/.platformio/packages/toolchain-atmelavr/lib/gcc/avr/7.3.0/include/stddef.h
... /home/jure/.platformio/packages/toolchain-atmelavr/avr/include/avr/io.h
.... /home/jure/.platformio/packages/toolchain-atmelavr/avr/include/avr/sfr_defs.h
..... /home/jure/.platformio/packages/framework-arduino-avr/cores/arduino/Printable.h
.... /home/jure/.platformio/packages/toolchain-atmelavr/avr/include/avr/iom328p.h
.. /home/jure/.platformio/packages/framework-arduino-avr/cores/arduino/USBAPI.h
... /home/jure/.platformio/packages/toolchain-atmelavr/avr/include/avr/eeprom.h
.... /home/jure/.platformio/packages/toolchain-atmelavr/lib/gcc/avr/7.3.0/include/stddef.h
... /home/jure/.platformio/packages/toolchain-atmelavr/avr/include/util/delay.h
.... /home/jure/.platformio/packages/toolchain-atmelavr/avr/include/util/delay_basic.h
.... /home/jure/.platformio/packages/toolchain-atmelavr/avr/include/avr/portpins.h
... /home/jure/.platformio/packages/framework-arduino-avr/cores/arduino/Arduino.h
.... /home/jure/.platformio/packages/toolchain-atmelavr/avr/include/avr/common.h
.. /home/jure/.platformio/packages/framework-arduino-avr/variants/standard/pins_arduino.h
.... /home/jure/.platformio/packages/toolchain-atmelavr/avr/include/avr/version.h
.... /home/jure/.platformio/packages/toolchain-atmelavr/avr/include/avr/fuse.h
.... /home/jure/.platformio/packages/toolchain-atmelavr/avr/include/avr/lock.h
.. /home/jure/.platformio/packages/toolchain-atmelavr/avr/include/avr/eeprom.h
... /home/jure/.platformio/packages/toolchain-atmelavr/lib/gcc/avr/7.3.0/include/stddef.h
.. /home/jure/.platformio/packages/toolchain-atmelavr/avr/include/avr/interrupt.h
.. /home/jure/.platformio/packages/toolchain-atmelavr/avr/include/util/delay.h
... /home/jure/.platformio/packages/toolchain-atmelavr/avr/include/util/delay_basic.h
... /home/jure/.platformio/packages/toolchain-atmelavr/avr/include/math.h
.. /home/jure/.platformio/packages/framework-arduino-avr/cores/arduino/Arduino.h
... /home/jure/.platformio/packages/toolchain-atmelavr/avr/include/stdlib.h
.... /home/jure/.platformio/packages/toolchain-atmelavr/lib/gcc/avr/7.3.0/include/stddef.h
... /home/jure/.platformio/packages/toolchain-atmelavr/lib/gcc/avr/7.3.0/include/stdbool.h
... /home/jure/.platformio/packages/toolchain-atmelavr/avr/include/string.h
.... /home/jure/.platformio/packages/toolchain-atmelavr/lib/gcc/avr/7.3.0/include/stddef.h
... /home/jure/.platformio/packages/framework-arduino-avr/cores/arduino/binary.h
Compiling .pio/build/uno/FrameworkArduino/WMath.cpp.o
... /home/jure/.platformio/packages/framework-arduino-avr/cores/arduino/WCharacter.h
.... /home/jure/.platformio/packages/toolchain-atmelavr/avr/include/ctype.h
... /home/jure/.platformio/packages/framework-arduino-avr/cores/arduino/WString.h
... /home/jure/.platformio/packages/framework-arduino-avr/cores/arduino/HardwareSerial.h
.... /home/jure/.platformio/packages/framework-arduino-avr/cores/arduino/Stream.h
..... /home/jure/.platformio/packages/framework-arduino-avr/cores/arduino/Print.h
...... /home/jure/.platformio/packages/toolchain-atmelavr/avr/include/stdio.h
....... /home/jure/.platformio/packages/toolchain-atmelavr/lib/gcc/avr/7.3.0/include/stdarg.h
....... /home/jure/.platformio/packages/toolchain-atmelavr/lib/gcc/avr/7.3.0/include/stddef.h
...... /home/jure/.platformio/packages/framework-arduino-avr/cores/arduino/Printable.h
... /home/jure/.platformio/packages/framework-arduino-avr/cores/arduino/USBAPI.h
... /home/jure/.platformio/packages/framework-arduino-avr/variants/standard/pins_arduino.h
. /home/jure/.platformio/packages/framework-arduino-avr/cores/arduino/PluggableUSB.h
Multiple include guards may be useful for:
/home/jure/.platformio/packages/toolchain-atmelavr/avr/include/avr/iom328p.h
Multiple include guards may be useful for:
/home/jure/.platformio/packages/toolchain-atmelavr/avr/include/avr/iom328p.h
. /home/jure/.platformio/packages/toolchain-atmelavr/avr/include/inttypes.h
.. /home/jure/.platformio/packages/toolchain-atmelavr/lib/gcc/avr/7.3.0/include/stdint.h
... /home/jure/.platformio/packages/toolchain-atmelavr/avr/include/stdint.h
. /home/jure/.platformio/packages/toolchain-atmelavr/avr/include/avr/io.h
.. /home/jure/.platformio/packages/toolchain-atmelavr/avr/include/avr/sfr_defs.h
.. /home/jure/.platformio/packages/toolchain-atmelavr/avr/include/avr/iom328p.h
.. /home/jure/.platformio/packages/toolchain-atmelavr/avr/include/avr/portpins.h
.. /home/jure/.platformio/packages/toolchain-atmelavr/avr/include/avr/common.h
.. /home/jure/.platformio/packages/toolchain-atmelavr/avr/include/avr/version.h
.. /home/jure/.platformio/packages/toolchain-atmelavr/avr/include/avr/fuse.h
.. /home/jure/.platformio/packages/toolchain-atmelavr/avr/include/avr/lock.h
. /home/jure/.platformio/packages/toolchain-atmelavr/avr/include/avr/interrupt.h
. /home/jure/.platformio/packages/toolchain-atmelavr/avr/include/avr/pgmspace.h
.. /home/jure/.platformio/packages/toolchain-atmelavr/lib/gcc/avr/7.3.0/include/stddef.h
. /home/jure/.platformio/packages/toolchain-atmelavr/avr/include/stdio.h
.. /home/jure/.platformio/packages/toolchain-atmelavr/lib/gcc/avr/7.3.0/include/stdarg.h
.. /home/jure/.platformio/packages/toolchain-atmelavr/lib/gcc/avr/7.3.0/include/stddef.h
. /home/jure/.platformio/packages/framework-arduino-avr/cores/arduino/wiring_private.h
.. /home/jure/.platformio/packages/framework-arduino-avr/cores/arduino/Arduino.h
... /home/jure/.platformio/packages/toolchain-atmelavr/avr/include/stdlib.h
.... /home/jure/.platformio/packages/toolchain-atmelavr/lib/gcc/avr/7.3.0/include/stddef.h
... /home/jure/.platformio/packages/toolchain-atmelavr/lib/gcc/avr/7.3.0/include/stdbool.h
... /home/jure/.platformio/packages/toolchain-atmelavr/avr/include/string.h
.... /home/jure/.platformio/packages/toolchain-atmelavr/lib/gcc/avr/7.3.0/include/stddef.h
Compiling .pio/build/uno/FrameworkArduino/WString.cpp.o
... /home/jure/.platformio/packages/toolchain-atmelavr/avr/include/math.h
... /home/jure/.platformio/packages/framework-arduino-avr/cores/arduino/binary.h
... /home/jure/.platformio/packages/framework-arduino-avr/variants/standard/pins_arduino.h
Multiple include guards may be useful for:
/home/jure/.platformio/packages/toolchain-atmelavr/avr/include/avr/iom328p.h
. /home/jure/.platformio/packages/toolchain-atmelavr/avr/include/stdlib.h
.. /home/jure/.platformio/packages/toolchain-atmelavr/lib/gcc/avr/7.3.0/include/stddef.h
Multiple include guards may be useful for:
/home/jure/.platformio/packages/toolchain-atmelavr/avr/include/avr/iom328p.h
Compiling .pio/build/uno/FrameworkArduino/abi.cpp.o
Multiple include guards may be useful for:
/home/jure/.platformio/packages/toolchain-atmelavr/avr/include/avr/iom328p.h
Multiple include guards may be useful for:
/home/jure/.platformio/packages/toolchain-atmelavr/lib/gcc/avr/7.3.0/include/stddef.h
. /home/jure/.platformio/packages/framework-arduino-avr/cores/arduino/WString.h
.. /home/jure/.platformio/packages/toolchain-atmelavr/avr/include/stdlib.h
... /home/jure/.platformio/packages/toolchain-atmelavr/lib/gcc/avr/7.3.0/include/stddef.h
.. /home/jure/.platformio/packages/toolchain-atmelavr/avr/include/string.h
... /home/jure/.platformio/packages/toolchain-atmelavr/lib/gcc/avr/7.3.0/include/stddef.h
.. /home/jure/.platformio/packages/toolchain-atmelavr/avr/include/ctype.h
.. /home/jure/.platformio/packages/toolchain-atmelavr/avr/include/avr/pgmspace.h
... /home/jure/.platformio/packages/toolchain-atmelavr/avr/include/inttypes.h
.... /home/jure/.platformio/packages/toolchain-atmelavr/lib/gcc/avr/7.3.0/include/stdint.h
..... /home/jure/.platformio/packages/toolchain-atmelavr/avr/include/stdint.h
... /home/jure/.platformio/packages/toolchain-atmelavr/lib/gcc/avr/7.3.0/include/stddef.h
... /home/jure/.platformio/packages/toolchain-atmelavr/avr/include/avr/io.h
.... /home/jure/.platformio/packages/toolchain-atmelavr/avr/include/avr/sfr_defs.h
.... /home/jure/.platformio/packages/toolchain-atmelavr/avr/include/avr/iom328p.h
.... /home/jure/.platformio/packages/toolchain-atmelavr/avr/include/avr/portpins.h
.... /home/jure/.platformio/packages/toolchain-atmelavr/avr/include/avr/common.h
.... /home/jure/.platformio/packages/toolchain-atmelavr/avr/include/avr/version.h
.... /home/jure/.platformio/packages/toolchain-atmelavr/avr/include/avr/fuse.h
.... /home/jure/.platformio/packages/toolchain-atmelavr/avr/include/avr/lock.h
Compiling .pio/build/uno/FrameworkArduino/hooks.c.o
. /home/jure/.platformio/packages/toolchain-atmelavr/avr/include/stdlib.h
.. /home/jure/.platformio/packages/toolchain-atmelavr/lib/gcc/avr/7.3.0/include/stddef.h
Multiple include guards may be useful for:
/home/jure/.platformio/packages/toolchain-atmelavr/lib/gcc/avr/7.3.0/include/stddef.h
Compiling .pio/build/uno/FrameworkArduino/main.cpp.o
Compiling .pio/build/uno/FrameworkArduino/new.cpp.o
. /home/jure/.platformio/packages/framework-arduino-avr/cores/arduino/Arduino.h
.. /home/jure/.platformio/packages/toolchain-atmelavr/avr/include/stdlib.h
... /home/jure/.platformio/packages/toolchain-atmelavr/lib/gcc/avr/7.3.0/include/stddef.h
.. /home/jure/.platformio/packages/toolchain-atmelavr/lib/gcc/avr/7.3.0/include/stdbool.h
.. /home/jure/.platformio/packages/toolchain-atmelavr/avr/include/string.h
... /home/jure/.platformio/packages/toolchain-atmelavr/lib/gcc/avr/7.3.0/include/stddef.h
.. /home/jure/.platformio/packages/toolchain-atmelavr/avr/include/math.h
.. /home/jure/.platformio/packages/toolchain-atmelavr/avr/include/avr/pgmspace.h
... /home/jure/.platformio/packages/toolchain-atmelavr/avr/include/inttypes.h
.... /home/jure/.platformio/packages/toolchain-atmelavr/lib/gcc/avr/7.3.0/include/stdint.h
..... /home/jure/.platformio/packages/toolchain-atmelavr/avr/include/stdint.h
... /home/jure/.platformio/packages/toolchain-atmelavr/lib/gcc/avr/7.3.0/include/stddef.h
... /home/jure/.platformio/packages/toolchain-atmelavr/avr/include/avr/io.h
.... /home/jure/.platformio/packages/toolchain-atmelavr/avr/include/avr/sfr_defs.h
.... /home/jure/.platformio/packages/toolchain-atmelavr/avr/include/avr/iom328p.h
.... /home/jure/.platformio/packages/toolchain-atmelavr/avr/include/avr/portpins.h
.... /home/jure/.platformio/packages/toolchain-atmelavr/avr/include/avr/common.h
.... /home/jure/.platformio/packages/toolchain-atmelavr/avr/include/avr/version.h
.... /home/jure/.platformio/packages/toolchain-atmelavr/avr/include/avr/fuse.h
.... /home/jure/.platformio/packages/toolchain-atmelavr/avr/include/avr/lock.h
Compiling .pio/build/uno/FrameworkArduino/wiring.c.o
.. /home/jure/.platformio/packages/toolchain-atmelavr/avr/include/avr/interrupt.h
.. /home/jure/.platformio/packages/framework-arduino-avr/cores/arduino/binary.h
.. /home/jure/.platformio/packages/framework-arduino-avr/cores/arduino/WCharacter.h
... /home/jure/.platformio/packages/toolchain-atmelavr/avr/include/ctype.h
.. /home/jure/.platformio/packages/framework-arduino-avr/cores/arduino/WString.h
.. /home/jure/.platformio/packages/framework-arduino-avr/cores/arduino/HardwareSerial.h
... /home/jure/.platformio/packages/framework-arduino-avr/cores/arduino/Stream.h
.... /home/jure/.platformio/packages/framework-arduino-avr/cores/arduino/Print.h
..... /home/jure/.platformio/packages/toolchain-atmelavr/avr/include/stdio.h
...... /home/jure/.platformio/packages/toolchain-atmelavr/lib/gcc/avr/7.3.0/include/stdarg.h
...... /home/jure/.platformio/packages/toolchain-atmelavr/lib/gcc/avr/7.3.0/include/stddef.h
..... /home/jure/.platformio/packages/framework-arduino-avr/cores/arduino/Printable.h
.. /home/jure/.platformio/packages/framework-arduino-avr/cores/arduino/USBAPI.h
... /home/jure/.platformio/packages/toolchain-atmelavr/avr/include/avr/eeprom.h
.... /home/jure/.platformio/packages/toolchain-atmelavr/lib/gcc/avr/7.3.0/include/stddef.h
... /home/jure/.platformio/packages/toolchain-atmelavr/avr/include/util/delay.h
.... /home/jure/.platformio/packages/toolchain-atmelavr/avr/include/util/delay_basic.h
... /home/jure/.platformio/packages/framework-arduino-avr/cores/arduino/Arduino.h
.. /home/jure/.platformio/packages/framework-arduino-avr/variants/standard/pins_arduino.h
. /home/jure/.platformio/packages/toolchain-atmelavr/avr/include/stdlib.h
.. /home/jure/.platformio/packages/toolchain-atmelavr/lib/gcc/avr/7.3.0/include/stddef.h
Compiling .pio/build/uno/FrameworkArduino/wiring_analog.c.o
Multiple include guards may be useful for:
/home/jure/.platformio/packages/toolchain-atmelavr/lib/gcc/avr/7.3.0/include/stddef.h
. /home/jure/.platformio/packages/framework-arduino-avr/cores/arduino/wiring_private.h
.. /home/jure/.platformio/packages/toolchain-atmelavr/avr/include/avr/io.h
... /home/jure/.platformio/packages/toolchain-atmelavr/avr/include/avr/sfr_defs.h
.... /home/jure/.platformio/packages/toolchain-atmelavr/avr/include/inttypes.h
..... /home/jure/.platformio/packages/toolchain-atmelavr/lib/gcc/avr/7.3.0/include/stdint.h
...... /home/jure/.platformio/packages/toolchain-atmelavr/avr/include/stdint.h
... /home/jure/.platformio/packages/toolchain-atmelavr/avr/include/avr/iom328p.h
... /home/jure/.platformio/packages/toolchain-atmelavr/avr/include/avr/portpins.h
... /home/jure/.platformio/packages/toolchain-atmelavr/avr/include/avr/common.h
... /home/jure/.platformio/packages/toolchain-atmelavr/avr/include/avr/version.h
... /home/jure/.platformio/packages/toolchain-atmelavr/avr/include/avr/fuse.h
... /home/jure/.platformio/packages/toolchain-atmelavr/avr/include/avr/lock.h
.. /home/jure/.platformio/packages/toolchain-atmelavr/avr/include/avr/interrupt.h
.. /home/jure/.platformio/packages/toolchain-atmelavr/avr/include/stdio.h
... /home/jure/.platformio/packages/toolchain-atmelavr/lib/gcc/avr/7.3.0/include/stdarg.h
... /home/jure/.platformio/packages/toolchain-atmelavr/lib/gcc/avr/7.3.0/include/stddef.h
.. /home/jure/.platformio/packages/framework-arduino-avr/cores/arduino/Arduino.h
... /home/jure/.platformio/packages/toolchain-atmelavr/avr/include/stdlib.h
.... /home/jure/.platformio/packages/toolchain-atmelavr/lib/gcc/avr/7.3.0/include/stddef.h
Compiling .pio/build/uno/FrameworkArduino/wiring_digital.c.o
Multiple include guards may be useful for:
/home/jure/.platformio/packages/toolchain-atmelavr/avr/include/avr/iom328p.h
... /home/jure/.platformio/packages/toolchain-atmelavr/lib/gcc/avr/7.3.0/include/stdbool.h
... /home/jure/.platformio/packages/toolchain-atmelavr/avr/include/string.h
.... /home/jure/.platformio/packages/toolchain-atmelavr/lib/gcc/avr/7.3.0/include/stddef.h
... /home/jure/.platformio/packages/toolchain-atmelavr/avr/include/math.h
... /home/jure/.platformio/packages/toolchain-atmelavr/avr/include/avr/pgmspace.h
.... /home/jure/.platformio/packages/toolchain-atmelavr/lib/gcc/avr/7.3.0/include/stddef.h
... /home/jure/.platformio/packages/framework-arduino-avr/cores/arduino/binary.h
... /home/jure/.platformio/packages/framework-arduino-avr/variants/standard/pins_arduino.h
. /home/jure/.platformio/packages/framework-arduino-avr/cores/arduino/wiring_private.h
.. /home/jure/.platformio/packages/toolchain-atmelavr/avr/include/avr/io.h
... /home/jure/.platformio/packages/toolchain-atmelavr/avr/include/avr/sfr_defs.h
.... /home/jure/.platformio/packages/toolchain-atmelavr/avr/include/inttypes.h
..... /home/jure/.platformio/packages/toolchain-atmelavr/lib/gcc/avr/7.3.0/include/stdint.h
...... /home/jure/.platformio/packages/toolchain-atmelavr/avr/include/stdint.h
... /home/jure/.platformio/packages/toolchain-atmelavr/avr/include/avr/iom328p.h
... /home/jure/.platformio/packages/toolchain-atmelavr/avr/include/avr/portpins.h
... /home/jure/.platformio/packages/toolchain-atmelavr/avr/include/avr/common.h
... /home/jure/.platformio/packages/toolchain-atmelavr/avr/include/avr/version.h
... /home/jure/.platformio/packages/toolchain-atmelavr/avr/include/avr/fuse.h
... /home/jure/.platformio/packages/toolchain-atmelavr/avr/include/avr/lock.h
.. /home/jure/.platformio/packages/toolchain-atmelavr/avr/include/avr/interrupt.h
.. /home/jure/.platformio/packages/toolchain-atmelavr/avr/include/stdio.h
... /home/jure/.platformio/packages/toolchain-atmelavr/lib/gcc/avr/7.3.0/include/stdarg.h
... /home/jure/.platformio/packages/toolchain-atmelavr/lib/gcc/avr/7.3.0/include/stddef.h
.. /home/jure/.platformio/packages/framework-arduino-avr/cores/arduino/Arduino.h
... /home/jure/.platformio/packages/toolchain-atmelavr/avr/include/stdlib.h
.... /home/jure/.platformio/packages/toolchain-atmelavr/lib/gcc/avr/7.3.0/include/stddef.h
Multiple include guards may be useful for:
/home/jure/.platformio/packages/toolchain-atmelavr/avr/include/avr/iom328p.h
. /home/jure/.platformio/packages/framework-arduino-avr/cores/arduino/wiring_private.h
Compiling .pio/build/uno/FrameworkArduino/wiring_pulse.S.o
.. /home/jure/.platformio/packages/toolchain-atmelavr/avr/include/avr/io.h
... /home/jure/.platformio/packages/toolchain-atmelavr/lib/gcc/avr/7.3.0/include/stdbool.h
.... /home/jure/.platformio/packages/toolchain-atmelavr/avr/include/string.h
.. /home/jure/.platformio/packages/toolchain-atmelavr/avr/include/avr/sfr_defs.h
.... /home/jure/.platformio/packages/toolchain-atmelavr/lib/gcc/avr/7.3.0/include/stddef.h
.... /home/jure/.platformio/packages/toolchain-atmelavr/avr/include/inttypes.h
..... /home/jure/.platformio/packages/toolchain-atmelavr/lib/gcc/avr/7.3.0/include/stdint.h
...... /home/jure/.platformio/packages/toolchain-atmelavr/avr/include/stdint.h
... /home/jure/.platformio/packages/toolchain-atmelavr/avr/include/math.h
... /home/jure/.platformio/packages/toolchain-atmelavr/avr/include/avr/iom328p.h
... /home/jure/.platformio/packages/toolchain-atmelavr/avr/include/avr/pgmspace.h
.... /home/jure/.platformio/packages/toolchain-atmelavr/lib/gcc/avr/7.3.0/include/stddef.h
... /home/jure/.platformio/packages/toolchain-atmelavr/avr/include/avr/portpins.h
... /home/jure/.platformio/packages/toolchain-atmelavr/avr/include/avr/common.h
... /home/jure/.platformio/packages/toolchain-atmelavr/avr/include/avr/version.h
... /home/jure/.platformio/packages/toolchain-atmelavr/avr/include/avr/fuse.h
... /home/jure/.platformio/packages/toolchain-atmelavr/avr/include/avr/lock.h
... /home/jure/.platformio/packages/framework-arduino-avr/cores/arduino/binary.h
.. /home/jure/.platformio/packages/toolchain-atmelavr/avr/include/avr/interrupt.h
.. /home/jure/.platformio/packages/toolchain-atmelavr/avr/include/stdio.h
... /home/jure/.platformio/packages/toolchain-atmelavr/lib/gcc/avr/7.3.0/include/stdarg.h
... /home/jure/.platformio/packages/toolchain-atmelavr/lib/gcc/avr/7.3.0/include/stddef.h
... /home/jure/.platformio/packages/framework-arduino-avr/variants/standard/pins_arduino.h
.. /home/jure/.platformio/packages/framework-arduino-avr/cores/arduino/Arduino.h
... /home/jure/.platformio/packages/toolchain-atmelavr/avr/include/stdlib.h
.... /home/jure/.platformio/packages/toolchain-atmelavr/lib/gcc/avr/7.3.0/include/stddef.h
... /home/jure/.platformio/packages/toolchain-atmelavr/lib/gcc/avr/7.3.0/include/stdbool.h
... /home/jure/.platformio/packages/toolchain-atmelavr/avr/include/string.h
.... /home/jure/.platformio/packages/toolchain-atmelavr/lib/gcc/avr/7.3.0/include/stddef.h
... /home/jure/.platformio/packages/toolchain-atmelavr/avr/include/math.h
... /home/jure/.platformio/packages/toolchain-atmelavr/avr/include/avr/pgmspace.h
.... /home/jure/.platformio/packages/toolchain-atmelavr/lib/gcc/avr/7.3.0/include/stddef.h
... /home/jure/.platformio/packages/framework-arduino-avr/cores/arduino/binary.h
Compiling .pio/build/uno/FrameworkArduino/wiring_pulse.c.o
... /home/jure/.platformio/packages/framework-arduino-avr/variants/standard/pins_arduino.h
Multiple include guards may be useful for:
/home/jure/.platformio/packages/toolchain-atmelavr/avr/include/avr/iom328p.h
. /home/jure/.platformio/packages/toolchain-atmelavr/avr/include/avr/io.h
.. /home/jure/.platformio/packages/toolchain-atmelavr/avr/include/avr/sfr_defs.h
.. /home/jure/.platformio/packages/toolchain-atmelavr/avr/include/avr/iom328p.h
.. /home/jure/.platformio/packages/toolchain-atmelavr/avr/include/avr/portpins.h
.. /home/jure/.platformio/packages/toolchain-atmelavr/avr/include/avr/common.h
.. /home/jure/.platformio/packages/toolchain-atmelavr/avr/include/avr/version.h
.. /home/jure/.platformio/packages/toolchain-atmelavr/avr/include/avr/fuse.h
.. /home/jure/.platformio/packages/toolchain-atmelavr/avr/include/avr/lock.h
Multiple include guards may be useful for:
/home/jure/.platformio/packages/toolchain-atmelavr/avr/include/avr/iom328p.h
Compiling .pio/build/uno/FrameworkArduino/wiring_shift.c.o
Multiple include guards may be useful for:
/home/jure/.platformio/packages/toolchain-atmelavr/avr/include/avr/iom328p.h
. /home/jure/.platformio/packages/framework-arduino-avr/cores/arduino/wiring_private.h
.. /home/jure/.platformio/packages/toolchain-atmelavr/avr/include/avr/io.h
... /home/jure/.platformio/packages/toolchain-atmelavr/avr/include/avr/sfr_defs.h
.... /home/jure/.platformio/packages/toolchain-atmelavr/avr/include/inttypes.h
..... /home/jure/.platformio/packages/toolchain-atmelavr/lib/gcc/avr/7.3.0/include/stdint.h
...... /home/jure/.platformio/packages/toolchain-atmelavr/avr/include/stdint.h
... /home/jure/.platformio/packages/toolchain-atmelavr/avr/include/avr/iom328p.h
... /home/jure/.platformio/packages/toolchain-atmelavr/avr/include/avr/portpins.h
... /home/jure/.platformio/packages/toolchain-atmelavr/avr/include/avr/common.h
... /home/jure/.platformio/packages/toolchain-atmelavr/avr/include/avr/version.h
... /home/jure/.platformio/packages/toolchain-atmelavr/avr/include/avr/fuse.h
... /home/jure/.platformio/packages/toolchain-atmelavr/avr/include/avr/lock.h
.. /home/jure/.platformio/packages/toolchain-atmelavr/avr/include/avr/interrupt.h
.. /home/jure/.platformio/packages/toolchain-atmelavr/avr/include/stdio.h
... /home/jure/.platformio/packages/toolchain-atmelavr/lib/gcc/avr/7.3.0/include/stdarg.h
... /home/jure/.platformio/packages/toolchain-atmelavr/lib/gcc/avr/7.3.0/include/stddef.h
.. /home/jure/.platformio/packages/framework-arduino-avr/cores/arduino/Arduino.h
... /home/jure/.platformio/packages/toolchain-atmelavr/avr/include/stdlib.h
.... /home/jure/.platformio/packages/toolchain-atmelavr/lib/gcc/avr/7.3.0/include/stddef.h
... /home/jure/.platformio/packages/toolchain-atmelavr/lib/gcc/avr/7.3.0/include/stdbool.h
... /home/jure/.platformio/packages/toolchain-atmelavr/avr/include/string.h
.... /home/jure/.platformio/packages/toolchain-atmelavr/lib/gcc/avr/7.3.0/include/stddef.h
. /home/jure/.platformio/packages/framework-arduino-avr/cores/arduino/wiring_private.h
... /home/jure/.platformio/packages/toolchain-atmelavr/avr/include/math.h
.. /home/jure/.platformio/packages/toolchain-atmelavr/avr/include/avr/io.h
... /home/jure/.platformio/packages/toolchain-atmelavr/avr/include/avr/sfr_defs.h
.... /home/jure/.platformio/packages/toolchain-atmelavr/avr/include/inttypes.h
..... /home/jure/.platformio/packages/toolchain-atmelavr/lib/gcc/avr/7.3.0/include/stdint.h
...... /home/jure/.platformio/packages/toolchain-atmelavr/avr/include/stdint.h
... /home/jure/.platformio/packages/toolchain-atmelavr/avr/include/avr/pgmspace.h
.... /home/jure/.platformio/packages/toolchain-atmelavr/lib/gcc/avr/7.3.0/include/stddef.h
... /home/jure/.platformio/packages/toolchain-atmelavr/avr/include/avr/iom328p.h
... /home/jure/.platformio/packages/framework-arduino-avr/cores/arduino/binary.h
... /home/jure/.platformio/packages/toolchain-atmelavr/avr/include/avr/portpins.h
... /home/jure/.platformio/packages/toolchain-atmelavr/avr/include/avr/common.h
... /home/jure/.platformio/packages/framework-arduino-avr/variants/standard/pins_arduino.h
Multiple include guards may be useful for:
/home/jure/.platformio/packages/toolchain-atmelavr/avr/include/avr/iom328p.h
... /home/jure/.platformio/packages/toolchain-atmelavr/avr/include/avr/version.h
... /home/jure/.platformio/packages/toolchain-atmelavr/avr/include/avr/fuse.h
... /home/jure/.platformio/packages/toolchain-atmelavr/avr/include/avr/lock.h
.. /home/jure/.platformio/packages/toolchain-atmelavr/avr/include/avr/interrupt.h
.. /home/jure/.platformio/packages/toolchain-atmelavr/avr/include/stdio.h
... /home/jure/.platformio/packages/toolchain-atmelavr/lib/gcc/avr/7.3.0/include/stdarg.h
... /home/jure/.platformio/packages/toolchain-atmelavr/lib/gcc/avr/7.3.0/include/stddef.h
.. /home/jure/.platformio/packages/framework-arduino-avr/cores/arduino/Arduino.h
... /home/jure/.platformio/packages/toolchain-atmelavr/avr/include/stdlib.h
.... /home/jure/.platformio/packages/toolchain-atmelavr/lib/gcc/avr/7.3.0/include/stddef.h
... /home/jure/.platformio/packages/toolchain-atmelavr/lib/gcc/avr/7.3.0/include/stdbool.h
... /home/jure/.platformio/packages/toolchain-atmelavr/avr/include/string.h
.... /home/jure/.platformio/packages/toolchain-atmelavr/lib/gcc/avr/7.3.0/include/stddef.h
... /home/jure/.platformio/packages/toolchain-atmelavr/avr/include/math.h
... /home/jure/.platformio/packages/toolchain-atmelavr/avr/include/avr/pgmspace.h
.... /home/jure/.platformio/packages/toolchain-atmelavr/lib/gcc/avr/7.3.0/include/stddef.h
... /home/jure/.platformio/packages/framework-arduino-avr/cores/arduino/binary.h
Multiple include guards may be useful for:
/home/jure/.platformio/packages/toolchain-atmelavr/avr/include/avr/iom328p.h
... /home/jure/.platformio/packages/framework-arduino-avr/variants/standard/pins_arduino.h
Multiple include guards may be useful for:
/home/jure/.platformio/packages/toolchain-atmelavr/avr/include/avr/iom328p.h
Archiving .pio/build/uno/libFrameworkArduino.a
Indexing .pio/build/uno/libFrameworkArduino.a
Linking .pio/build/uno/firmware.elf
Checking size .pio/build/uno/firmware.elf
Advanced Memory Usage is available via "PlatformIO Home > Project Inspect"
RAM:   [=         ]  10.6% (used 218 bytes from 2048 bytes)
Flash: [=         ]   5.5% (used 1776 bytes from 32256 bytes)
Building .pio/build/uno/firmware.hex
========================= [SUCCESS] Took 0.84 seconds =========================
